<?xml version="1.0" encoding="UTF-8"?>
<!-- Generated by org.testng.reporters.JUnitXMLReporter -->
<testsuite ignored="148" hostname="DESKTOP-1GQ8CG3" failures="2" tests="4" name="Default test(failed)" time="1672.885" errors="0" timestamp="2023-11-23T19:35:40 IST">
  <testcase classname="All_Departments.All_Department" name="All_Departments__138" time="29.072"/>
  <testcase classname="All_Departments.All_Department" name="All_Departments__072" time="624.02">
    <failure type="org.openqa.selenium.remote.UnreachableBrowserException" message="Error communicating with the remote browser. It may have died.
Build info: version: &amp;apos;4.13.0&amp;apos;, revision: &amp;apos;ba948ece5b*&amp;apos;
System info: os.name: &amp;apos;Windows 11&amp;apos;, os.arch: &amp;apos;amd64&amp;apos;, os.version: &amp;apos;10.0&amp;apos;, java.version: &amp;apos;20&amp;apos;
Driver info: io.appium.java_client.android.AndroidDriver
Command: [60690d30-0b33-4890-b1a2-f8b1a47f510b, findElement [using, value]]
Capabilities {appium:UDID: PR7SUSMZKJ79BAUW, appium:app: C:\Users\hp\eclipse-workspa..., appium:appActivity: .MainActivity, appium:appPackage: com.service_desk.onebill, appium:appium.deviceIsAppInBackground: true, appium:autoGrantPermissions: true, appium:automationName: uiautomator2, appium:avdArgs: -no-window, appium:databaseEnabled: false, appium:desired: {UDID: PR7SUSMZKJ79BAUW, app: C:\Users\hp\eclipse-workspa..., appActivity: .MainActivity, appPackage: com.service_desk.onebill, appium.deviceIsAppInBackground: true, autoGrantPermissions: true, automationName: uiautomator2, avdArgs: -no-window, deviceName: Afrid, fastReset: true, fullReset: true, isHeadless: true, platformName: ANDROID, platformVersion: 13.0}, appium:deviceApiLevel: 33, appium:deviceManufacturer: Google, appium:deviceModel: sdk_gphone64_x86_64, appium:deviceName: emulator-5554, appium:deviceScreenDensity: 560, appium:deviceScreenSize: 1440x3120, appium:deviceUDID: emulator-5554, appium:fastReset: true, appium:fullReset: true, appium:isHeadless: true, appium:javascriptEnabled: true, appium:locationContextEnabled: false, appium:networkConnectionEnabled: true, appium:pixelRatio: 3.5, appium:platformVersion: 13, appium:statBarHeight: 84, appium:takesScreenshot: true, appium:viewportRect: {height: 2952, left: 0, top: 84, width: 1440}, appium:warnings: {}, appium:webStorageEnabled: false, platformName: ANDROID}
Session ID: 60690d30-0b33-4890-b1a2-f8b1a47f510b">
      <![CDATA[org.openqa.selenium.remote.UnreachableBrowserException: Error communicating with the remote browser. It may have died.
Build info: version: '4.13.0', revision: 'ba948ece5b*'
System info: os.name: 'Windows 11', os.arch: 'amd64', os.version: '10.0', java.version: '20'
Driver info: io.appium.java_client.android.AndroidDriver
Command: [60690d30-0b33-4890-b1a2-f8b1a47f510b, findElement [using, value]]
Capabilities {appium:UDID: PR7SUSMZKJ79BAUW, appium:app: C:\Users\hp\eclipse-workspa..., appium:appActivity: .MainActivity, appium:appPackage: com.service_desk.onebill, appium:appium.deviceIsAppInBackground: true, appium:autoGrantPermissions: true, appium:automationName: uiautomator2, appium:avdArgs: -no-window, appium:databaseEnabled: false, appium:desired: {UDID: PR7SUSMZKJ79BAUW, app: C:\Users\hp\eclipse-workspa..., appActivity: .MainActivity, appPackage: com.service_desk.onebill, appium.deviceIsAppInBackground: true, autoGrantPermissions: true, automationName: uiautomator2, avdArgs: -no-window, deviceName: Afrid, fastReset: true, fullReset: true, isHeadless: true, platformName: ANDROID, platformVersion: 13.0}, appium:deviceApiLevel: 33, appium:deviceManufacturer: Google, appium:deviceModel: sdk_gphone64_x86_64, appium:deviceName: emulator-5554, appium:deviceScreenDensity: 560, appium:deviceScreenSize: 1440x3120, appium:deviceUDID: emulator-5554, appium:fastReset: true, appium:fullReset: true, appium:isHeadless: true, appium:javascriptEnabled: true, appium:locationContextEnabled: false, appium:networkConnectionEnabled: true, appium:pixelRatio: 3.5, appium:platformVersion: 13, appium:statBarHeight: 84, appium:takesScreenshot: true, appium:viewportRect: {height: 2952, left: 0, top: 84, width: 1440}, appium:warnings: {}, appium:webStorageEnabled: false, platformName: ANDROID}
Session ID: 60690d30-0b33-4890-b1a2-f8b1a47f510b
at org.openqa.selenium.remote.RemoteWebDriver.execute(RemoteWebDriver.java:629)
at org.openqa.selenium.remote.ElementLocation$ElementFinder$2.findElement(ElementLocation.java:165)
at org.openqa.selenium.remote.ElementLocation.findElement(ElementLocation.java:59)
at org.openqa.selenium.remote.RemoteWebDriver.findElement(RemoteWebDriver.java:359)
at org.openqa.selenium.remote.RemoteWebDriver.findElement(RemoteWebDriver.java:353)
at All_Departments.All_Department.All_Departments__072(All_Department.java:718)
at java.base/java.util.ArrayList.forEach(ArrayList.java:1511)
Caused by: java.lang.RuntimeException: NettyHttpHandler request execution error
at org.openqa.selenium.remote.http.netty.NettyHttpHandler.makeCall(NettyHttpHandler.java:76)
at io.appium.java_client.AppiumUserAgentFilter.lambda$apply$0(AppiumUserAgentFilter.java:88)
at org.openqa.selenium.remote.http.Filter.lambda$andFinally$1(Filter.java:55)
at org.openqa.selenium.remote.http.netty.NettyHttpHandler.execute(NettyHttpHandler.java:48)
at org.openqa.selenium.remote.http.netty.NettyClient.execute(NettyClient.java:96)
at org.openqa.selenium.remote.HttpCommandExecutor.execute(HttpCommandExecutor.java:188)
at io.appium.java_client.remote.AppiumCommandExecutor.execute(AppiumCommandExecutor.java:250)
at org.openqa.selenium.remote.RemoteWebDriver.execute(RemoteWebDriver.java:602)
... 31 more
Caused by: java.util.concurrent.ExecutionException: java.util.concurrent.TimeoutException: Request timeout to 127.0.0.1/127.0.0.1:4723 after 600000 ms
at java.base/java.util.concurrent.CompletableFuture.reportGet(CompletableFuture.java:396)
at java.base/java.util.concurrent.CompletableFuture.get(CompletableFuture.java:2096)
at org.asynchttpclient.netty.NettyResponseFuture.get(NettyResponseFuture.java:206)
at org.openqa.selenium.remote.http.netty.NettyHttpHandler.makeCall(NettyHttpHandler.java:59)
... 38 more
Caused by: java.util.concurrent.TimeoutException: Request timeout to 127.0.0.1/127.0.0.1:4723 after 600000 ms
at org.asynchttpclient.netty.timeout.TimeoutTimerTask.expire(TimeoutTimerTask.java:43)
at org.asynchttpclient.netty.timeout.RequestTimeoutTimerTask.run(RequestTimeoutTimerTask.java:50)
at io.netty.util.HashedWheelTimer$HashedWheelTimeout.run(HashedWheelTimer.java:715)
at io.netty.util.concurrent.ImmediateExecutor.execute(ImmediateExecutor.java:34)
at io.netty.util.HashedWheelTimer$HashedWheelTimeout.expire(HashedWheelTimer.java:703)
at io.netty.util.HashedWheelTimer$HashedWheelBucket.expireTimeouts(HashedWheelTimer.java:790)
at io.netty.util.HashedWheelTimer$Worker.run(HashedWheelTimer.java:503)
at io.netty.util.concurrent.FastThreadLocalRunnable.run(FastThreadLocalRunnable.java:30)
at java.base/java.lang.Thread.run(Thread.java:1623)
... Removed 25 stack frames]]>
    </failure>
  </testcase> <!-- All_Departments__072 -->
  <testcase classname="All_Departments.All_Department" name="All_Departments__007" time="27.226"/>
  <testcase classname="All_Departments.All_Department" name="All_Departments__141" time="886.701">
    <failure type="org.openqa.selenium.remote.UnreachableBrowserException" message="Error communicating with the remote browser. It may have died.
Build info: version: &amp;apos;4.13.0&amp;apos;, revision: &amp;apos;ba948ece5b*&amp;apos;
System info: os.name: &amp;apos;Windows 11&amp;apos;, os.arch: &amp;apos;amd64&amp;apos;, os.version: &amp;apos;10.0&amp;apos;, java.version: &amp;apos;20&amp;apos;
Driver info: io.appium.java_client.android.AndroidDriver
Command: [ab6db54b-d9c9-4c70-b6aa-3e16ef4913a7, findElement [using, value]]
Capabilities {appium:UDID: PR7SUSMZKJ79BAUW, appium:app: C:\Users\hp\eclipse-workspa..., appium:appActivity: .MainActivity, appium:appPackage: com.service_desk.onebill, appium:appium.deviceIsAppInBackground: true, appium:autoGrantPermissions: true, appium:automationName: uiautomator2, appium:avdArgs: -no-window, appium:databaseEnabled: false, appium:desired: {UDID: PR7SUSMZKJ79BAUW, app: C:\Users\hp\eclipse-workspa..., appActivity: .MainActivity, appPackage: com.service_desk.onebill, appium.deviceIsAppInBackground: true, autoGrantPermissions: true, automationName: uiautomator2, avdArgs: -no-window, deviceName: Afrid, fastReset: true, fullReset: true, isHeadless: true, platformName: ANDROID, platformVersion: 13.0}, appium:deviceApiLevel: 33, appium:deviceManufacturer: Google, appium:deviceModel: sdk_gphone64_x86_64, appium:deviceName: emulator-5554, appium:deviceScreenDensity: 560, appium:deviceScreenSize: 1440x3120, appium:deviceUDID: emulator-5554, appium:fastReset: true, appium:fullReset: true, appium:isHeadless: true, appium:javascriptEnabled: true, appium:locationContextEnabled: false, appium:networkConnectionEnabled: true, appium:pixelRatio: 3.5, appium:platformVersion: 13, appium:statBarHeight: 84, appium:takesScreenshot: true, appium:viewportRect: {height: 2952, left: 0, top: 84, width: 1440}, appium:warnings: {}, appium:webStorageEnabled: false, platformName: ANDROID}
Session ID: ab6db54b-d9c9-4c70-b6aa-3e16ef4913a7">
      <![CDATA[org.openqa.selenium.remote.UnreachableBrowserException: Error communicating with the remote browser. It may have died.
Build info: version: '4.13.0', revision: 'ba948ece5b*'
System info: os.name: 'Windows 11', os.arch: 'amd64', os.version: '10.0', java.version: '20'
Driver info: io.appium.java_client.android.AndroidDriver
Command: [ab6db54b-d9c9-4c70-b6aa-3e16ef4913a7, findElement [using, value]]
Capabilities {appium:UDID: PR7SUSMZKJ79BAUW, appium:app: C:\Users\hp\eclipse-workspa..., appium:appActivity: .MainActivity, appium:appPackage: com.service_desk.onebill, appium:appium.deviceIsAppInBackground: true, appium:autoGrantPermissions: true, appium:automationName: uiautomator2, appium:avdArgs: -no-window, appium:databaseEnabled: false, appium:desired: {UDID: PR7SUSMZKJ79BAUW, app: C:\Users\hp\eclipse-workspa..., appActivity: .MainActivity, appPackage: com.service_desk.onebill, appium.deviceIsAppInBackground: true, autoGrantPermissions: true, automationName: uiautomator2, avdArgs: -no-window, deviceName: Afrid, fastReset: true, fullReset: true, isHeadless: true, platformName: ANDROID, platformVersion: 13.0}, appium:deviceApiLevel: 33, appium:deviceManufacturer: Google, appium:deviceModel: sdk_gphone64_x86_64, appium:deviceName: emulator-5554, appium:deviceScreenDensity: 560, appium:deviceScreenSize: 1440x3120, appium:deviceUDID: emulator-5554, appium:fastReset: true, appium:fullReset: true, appium:isHeadless: true, appium:javascriptEnabled: true, appium:locationContextEnabled: false, appium:networkConnectionEnabled: true, appium:pixelRatio: 3.5, appium:platformVersion: 13, appium:statBarHeight: 84, appium:takesScreenshot: true, appium:viewportRect: {height: 2952, left: 0, top: 84, width: 1440}, appium:warnings: {}, appium:webStorageEnabled: false, platformName: ANDROID}
Session ID: ab6db54b-d9c9-4c70-b6aa-3e16ef4913a7
at org.openqa.selenium.remote.RemoteWebDriver.execute(RemoteWebDriver.java:629)
at org.openqa.selenium.remote.ElementLocation$ElementFinder$2.findElement(ElementLocation.java:165)
at org.openqa.selenium.remote.ElementLocation.findElement(ElementLocation.java:59)
at org.openqa.selenium.remote.RemoteWebDriver.findElement(RemoteWebDriver.java:359)
at org.openqa.selenium.remote.RemoteWebDriver.findElement(RemoteWebDriver.java:353)
at Methodsexists.methodsstore.iconbtn(methodsstore.java:760)
at All_Departments.All_Department.All_Departments__141(All_Department.java:1735)
at java.base/java.util.ArrayList.forEach(ArrayList.java:1511)
Caused by: java.lang.RuntimeException: NettyHttpHandler request execution error
at org.openqa.selenium.remote.http.netty.NettyHttpHandler.makeCall(NettyHttpHandler.java:76)
at io.appium.java_client.AppiumUserAgentFilter.lambda$apply$0(AppiumUserAgentFilter.java:88)
at org.openqa.selenium.remote.http.Filter.lambda$andFinally$1(Filter.java:55)
at org.openqa.selenium.remote.http.netty.NettyHttpHandler.execute(NettyHttpHandler.java:48)
at org.openqa.selenium.remote.http.netty.NettyClient.execute(NettyClient.java:96)
at org.openqa.selenium.remote.HttpCommandExecutor.execute(HttpCommandExecutor.java:188)
at io.appium.java_client.remote.AppiumCommandExecutor.execute(AppiumCommandExecutor.java:250)
at org.openqa.selenium.remote.RemoteWebDriver.execute(RemoteWebDriver.java:602)
... 32 more
Caused by: java.util.concurrent.ExecutionException: java.util.concurrent.TimeoutException: Request timeout to 127.0.0.1/127.0.0.1:4723 after 600000 ms
at java.base/java.util.concurrent.CompletableFuture.reportGet(CompletableFuture.java:396)
at java.base/java.util.concurrent.CompletableFuture.get(CompletableFuture.java:2096)
at org.asynchttpclient.netty.NettyResponseFuture.get(NettyResponseFuture.java:206)
at org.openqa.selenium.remote.http.netty.NettyHttpHandler.makeCall(NettyHttpHandler.java:59)
... 39 more
Caused by: java.util.concurrent.TimeoutException: Request timeout to 127.0.0.1/127.0.0.1:4723 after 600000 ms
at org.asynchttpclient.netty.timeout.TimeoutTimerTask.expire(TimeoutTimerTask.java:43)
at org.asynchttpclient.netty.timeout.RequestTimeoutTimerTask.run(RequestTimeoutTimerTask.java:50)
at io.netty.util.HashedWheelTimer$HashedWheelTimeout.run(HashedWheelTimer.java:715)
at io.netty.util.concurrent.ImmediateExecutor.execute(ImmediateExecutor.java:34)
at io.netty.util.HashedWheelTimer$HashedWheelTimeout.expire(HashedWheelTimer.java:703)
at io.netty.util.HashedWheelTimer$HashedWheelBucket.expireTimeouts(HashedWheelTimer.java:790)
at io.netty.util.HashedWheelTimer$Worker.run(HashedWheelTimer.java:503)
at io.netty.util.concurrent.FastThreadLocalRunnable.run(FastThreadLocalRunnable.java:30)
at java.base/java.lang.Thread.run(Thread.java:1623)
... Removed 25 stack frames]]>
    </failure>
  </testcase> <!-- All_Departments__141 -->
  <testcase classname="All_Departments.All_Department" name="All_Departments__012" time="0.0">
    <ignored/>
  </testcase> <!-- All_Departments__012 -->
  <testcase classname="All_Departments.All_Department" name="All_Departments__024" time="0.0">
    <ignored/>
  </testcase> <!-- All_Departments__024 -->
  <testcase classname="All_Departments.All_Department" name="All_Departments__133" time="0.0">
    <ignored/>
  </testcase> <!-- All_Departments__133 -->
  <testcase classname="All_Departments.All_Department" name="All_Departments__145" time="0.0">
    <ignored/>
  </testcase> <!-- All_Departments__145 -->
  <testcase classname="All_Departments.All_Department" name="All_Departments__084" time="0.0">
    <ignored/>
  </testcase> <!-- All_Departments__084 -->
  <testcase classname="All_Departments.All_Department" name="All_Departments__153" time="0.0">
    <ignored/>
  </testcase> <!-- All_Departments__153 -->
  <testcase classname="All_Departments.All_Department" name="All_Departments__165" time="0.0">
    <ignored/>
  </testcase> <!-- All_Departments__165 -->
  <testcase classname="All_Departments.All_Department" name="All_Departments__032" time="0.0">
    <ignored/>
  </testcase> <!-- All_Departments__032 -->
  <testcase classname="All_Departments.All_Department" name="All_Departments__044" time="0.0">
    <ignored/>
  </testcase> <!-- All_Departments__044 -->
  <testcase classname="All_Departments.All_Department" name="All_Departments__092" time="0.0">
    <ignored/>
  </testcase> <!-- All_Departments__092 -->
  <testcase classname="All_Departments.All_Department" name="All_Departments__005" time="0.0">
    <ignored/>
  </testcase> <!-- All_Departments__005 -->
  <testcase classname="All_Departments.All_Department" name="All_Departments__126" time="0.0">
    <ignored/>
  </testcase> <!-- All_Departments__126 -->
  <testcase classname="All_Departments.All_Department" name="All_Departments__146" time="0.0">
    <ignored/>
  </testcase> <!-- All_Departments__146 -->
  <testcase classname="All_Departments.All_Department" name="All_Departments__114" time="0.0">
    <ignored/>
  </testcase> <!-- All_Departments__114 -->
  <testcase classname="All_Departments.All_Department" name="All_Departments__106" time="0.0">
    <ignored/>
  </testcase> <!-- All_Departments__106 -->
  <testcase classname="All_Departments.All_Department" name="All_Departments__085" time="0.0">
    <ignored/>
  </testcase> <!-- All_Departments__085 -->
  <testcase classname="All_Departments.All_Department" name="All_Departments__053" time="0.0">
    <ignored/>
  </testcase> <!-- All_Departments__053 -->
  <testcase classname="All_Departments.All_Department" name="All_Departments__174" time="0.0">
    <ignored/>
  </testcase> <!-- All_Departments__174 -->
  <testcase classname="All_Departments.All_Department" name="All_Departments__172" time="0.0">
    <ignored/>
  </testcase> <!-- All_Departments__172 -->
  <testcase classname="All_Departments.All_Department" name="All_Departments__079" time="0.0">
    <ignored/>
  </testcase> <!-- All_Departments__079 -->
  <testcase classname="All_Departments.All_Department" name="All_Departments__144" time="0.0">
    <ignored/>
  </testcase> <!-- All_Departments__144 -->
  <testcase classname="All_Departments.All_Department" name="All_Departments__083" time="0.0">
    <ignored/>
  </testcase> <!-- All_Departments__083 -->
  <testcase classname="All_Departments.All_Department" name="All_Departments__051" time="0.0">
    <ignored/>
  </testcase> <!-- All_Departments__051 -->
  <testcase classname="All_Departments.All_Department" name="All_Departments__112" time="0.0">
    <ignored/>
  </testcase> <!-- All_Departments__112 -->
  <testcase classname="All_Departments.All_Department" name="All_Departments__164" time="0.0">
    <ignored/>
  </testcase> <!-- All_Departments__164 -->
  <testcase classname="All_Departments.All_Department" name="All_Departments__132" time="0.0">
    <ignored/>
  </testcase> <!-- All_Departments__132 -->
  <testcase classname="All_Departments.All_Department" name="All_Departments__043" time="0.0">
    <ignored/>
  </testcase> <!-- All_Departments__043 -->
  <testcase classname="All_Departments.All_Department" name="All_Departments__099" time="0.0">
    <ignored/>
  </testcase> <!-- All_Departments__099 -->
  <testcase classname="All_Departments.All_Department" name="All_Departments__011" time="0.0">
    <ignored/>
  </testcase> <!-- All_Departments__011 -->
  <testcase classname="All_Departments.All_Department" name="All_Departments__071" time="0.0">
    <ignored/>
  </testcase> <!-- All_Departments__071 -->
  <testcase classname="All_Departments.All_Department" name="All_Departments__091" time="0.0">
    <ignored/>
  </testcase> <!-- All_Departments__091 -->
  <testcase classname="All_Departments.All_Department" name="All_Departments__113" time="0.0">
    <ignored/>
  </testcase> <!-- All_Departments__113 -->
  <testcase classname="All_Departments.All_Department" name="All_Departments__125" time="0.0">
    <ignored/>
  </testcase> <!-- All_Departments__125 -->
  <testcase classname="All_Departments.All_Department" name="All_Departments__004" time="0.0">
    <ignored/>
  </testcase> <!-- All_Departments__004 -->
  <testcase classname="All_Departments.All_Department" name="All_Departments__052" time="0.0">
    <ignored/>
  </testcase> <!-- All_Departments__052 -->
  <testcase classname="All_Departments.All_Department" name="All_Departments__064" time="0.0">
    <ignored/>
  </testcase> <!-- All_Departments__064 -->
  <testcase classname="All_Departments.All_Department" name="All_Departments__173" time="0.0">
    <ignored/>
  </testcase> <!-- All_Departments__173 -->
  <testcase classname="All_Departments.All_Department" name="All_Departments__046" time="0.0">
    <ignored/>
  </testcase> <!-- All_Departments__046 -->
  <testcase classname="All_Departments.All_Department" name="All_Departments__155" time="0.0">
    <ignored/>
  </testcase> <!-- All_Departments__155 -->
  <testcase classname="All_Departments.All_Department" name="All_Departments__094" time="0.0">
    <ignored/>
  </testcase> <!-- All_Departments__094 -->
  <testcase classname="All_Departments.All_Department" name="All_Departments__167" time="0.0">
    <ignored/>
  </testcase> <!-- All_Departments__167 -->
  <testcase classname="All_Departments.All_Department" name="All_Departments__175" time="0.0">
    <ignored/>
  </testcase> <!-- All_Departments__175 -->
  <testcase classname="All_Departments.All_Department" name="All_Departments__054" time="0.0">
    <ignored/>
  </testcase> <!-- All_Departments__054 -->
  <testcase classname="All_Departments.All_Department" name="All_Departments__066" time="0.0">
    <ignored/>
  </testcase> <!-- All_Departments__066 -->
  <testcase classname="All_Departments.All_Department" name="All_Departments__148" time="0.0">
    <ignored/>
  </testcase> <!-- All_Departments__148 -->
  <testcase classname="All_Departments.All_Department" name="All_Departments__116" time="0.0">
    <ignored/>
  </testcase> <!-- All_Departments__116 -->
  <testcase classname="All_Departments.All_Department" name="All_Departments__168" time="0.0">
    <ignored/>
  </testcase> <!-- All_Departments__168 -->
  <testcase classname="All_Departments.All_Department" name="All_Departments__136" time="0.0">
    <ignored/>
  </testcase> <!-- All_Departments__136 -->
  <testcase classname="All_Departments.All_Department" name="All_Departments__108" time="0.0">
    <ignored/>
  </testcase> <!-- All_Departments__108 -->
  <testcase classname="All_Departments.All_Department" name="All_Departments__047" time="0.0">
    <ignored/>
  </testcase> <!-- All_Departments__047 -->
  <testcase classname="All_Departments.All_Department" name="All_Departments__015" time="0.0">
    <ignored/>
  </testcase> <!-- All_Departments__015 -->
  <testcase classname="All_Departments.All_Department" name="All_Departments__128" time="0.0">
    <ignored/>
  </testcase> <!-- All_Departments__128 -->
  <testcase classname="All_Departments.All_Department" name="All_Departments__075" time="0.0">
    <ignored/>
  </testcase> <!-- All_Departments__075 -->
  <testcase classname="All_Departments.All_Department" name="All_Departments__140" time="0.0">
    <ignored/>
  </testcase> <!-- All_Departments__140 -->
  <testcase classname="All_Departments.All_Department" name="All_Departments__045" time="0.0">
    <ignored/>
  </testcase> <!-- All_Departments__045 -->
  <testcase classname="All_Departments.All_Department" name="All_Departments__013" time="0.0">
    <ignored/>
  </testcase> <!-- All_Departments__013 -->
  <testcase classname="All_Departments.All_Department" name="All_Departments__166" time="0.0">
    <ignored/>
  </testcase> <!-- All_Departments__166 -->
  <testcase classname="All_Departments.All_Department" name="All_Departments__134" time="0.0">
    <ignored/>
  </testcase> <!-- All_Departments__134 -->
  <testcase classname="All_Departments.All_Department" name="All_Departments__073" time="0.0">
    <ignored/>
  </testcase> <!-- All_Departments__073 -->
  <testcase classname="All_Departments.All_Department" name="All_Departments__154" time="0.0">
    <ignored/>
  </testcase> <!-- All_Departments__154 -->
  <testcase classname="All_Departments.All_Department" name="All_Departments__065" time="0.0">
    <ignored/>
  </testcase> <!-- All_Departments__065 -->
  <testcase classname="All_Departments.All_Department" name="All_Departments__033" time="0.0">
    <ignored/>
  </testcase> <!-- All_Departments__033 -->
  <testcase classname="All_Departments.All_Department" name="All_Departments__093" time="0.0">
    <ignored/>
  </testcase> <!-- All_Departments__093 -->
  <testcase classname="All_Departments.All_Department" name="All_Departments__006" time="0.0">
    <ignored/>
  </testcase> <!-- All_Departments__006 -->
  <testcase classname="All_Departments.All_Department" name="All_Departments__115" time="0.0">
    <ignored/>
  </testcase> <!-- All_Departments__115 -->
  <testcase classname="All_Departments.All_Department" name="All_Departments__127" time="0.0">
    <ignored/>
  </testcase> <!-- All_Departments__127 -->
  <testcase classname="All_Departments.All_Department" name="All_Departments__135" time="0.0">
    <ignored/>
  </testcase> <!-- All_Departments__135 -->
  <testcase classname="All_Departments.All_Department" name="All_Departments__147" time="0.0">
    <ignored/>
  </testcase> <!-- All_Departments__147 -->
  <testcase classname="All_Departments.All_Department" name="All_Departments__014" time="0.0">
    <ignored/>
  </testcase> <!-- All_Departments__014 -->
  <testcase classname="All_Departments.All_Department" name="All_Departments__026" time="0.0">
    <ignored/>
  </testcase> <!-- All_Departments__026 -->
  <testcase classname="All_Departments.All_Department" name="All_Departments__074" time="0.0">
    <ignored/>
  </testcase> <!-- All_Departments__074 -->
  <testcase classname="All_Departments.All_Department" name="All_Departments__107" time="0.0">
    <ignored/>
  </testcase> <!-- All_Departments__107 -->
  <testcase classname="All_Departments.All_Department" name="All_Departments__086" time="0.0">
    <ignored/>
  </testcase> <!-- All_Departments__086 -->
  <testcase classname="All_Departments.All_Department" name="All_Departments__056" time="0.0">
    <ignored/>
  </testcase> <!-- All_Departments__056 -->
  <testcase classname="All_Departments.All_Department" name="All_Departments__161" time="0.0">
    <ignored/>
  </testcase> <!-- All_Departments__161 -->
  <testcase classname="All_Departments.All_Department" name="All_Departments__101" time="0.0">
    <ignored/>
  </testcase> <!-- All_Departments__101 -->
  <testcase classname="All_Departments.All_Department" name="All_Departments__121" time="0.0">
    <ignored/>
  </testcase> <!-- All_Departments__121 -->
  <testcase classname="All_Departments.All_Department" name="All_Departments__076" time="0.0">
    <ignored/>
  </testcase> <!-- All_Departments__076 -->
  <testcase classname="All_Departments.All_Department" name="All_Departments__088" time="0.0">
    <ignored/>
  </testcase> <!-- All_Departments__088 -->
  <testcase classname="All_Departments.All_Department" name="All_Departments__060" time="0.0">
    <ignored/>
  </testcase> <!-- All_Departments__060 -->
  <testcase classname="All_Departments.All_Department" name="All_Departments__080" time="0.0">
    <ignored/>
  </testcase> <!-- All_Departments__080 -->
  <testcase classname="All_Departments.All_Department" name="All_Departments__049" time="0.0">
    <ignored/>
  </testcase> <!-- All_Departments__049 -->
  <testcase classname="All_Departments.All_Department" name="All_Departments__102" time="0.0">
    <ignored/>
  </testcase> <!-- All_Departments__102 -->
  <testcase classname="All_Departments.All_Department" name="All_Departments__009" time="0.0">
    <ignored/>
  </testcase> <!-- All_Departments__009 -->
  <testcase classname="All_Departments.All_Department" name="All_Departments__158" time="0.0">
    <ignored/>
  </testcase> <!-- All_Departments__158 -->
  <testcase classname="All_Departments.All_Department" name="All_Departments__037" time="0.0">
    <ignored/>
  </testcase> <!-- All_Departments__037 -->
  <testcase classname="All_Departments.All_Department" name="All_Departments__041" time="0.0">
    <ignored/>
  </testcase> <!-- All_Departments__041 -->
  <testcase classname="All_Departments.All_Department" name="All_Departments__097" time="0.0">
    <ignored/>
  </testcase> <!-- All_Departments__097 -->
  <testcase classname="All_Departments.All_Department" name="All_Departments__118" time="0.0">
    <ignored/>
  </testcase> <!-- All_Departments__118 -->
  <testcase classname="All_Departments.All_Department" name="All_Departments__162" time="0.0">
    <ignored/>
  </testcase> <!-- All_Departments__162 -->
  <testcase classname="All_Departments.All_Department" name="All_Departments__130" time="0.0">
    <ignored/>
  </testcase> <!-- All_Departments__130 -->
  <testcase classname="All_Departments.All_Department" name="All_Departments__067" time="0.0">
    <ignored/>
  </testcase> <!-- All_Departments__067 -->
  <testcase classname="All_Departments.All_Department" name="All_Departments__160" time="0.0">
    <ignored/>
  </testcase> <!-- All_Departments__160 -->
  <testcase classname="All_Departments.All_Department" name="All_Departments__100" time="0.0">
    <ignored/>
  </testcase> <!-- All_Departments__100 -->
  <testcase classname="All_Departments.All_Department" name="All_Departments__156" time="0.0">
    <ignored/>
  </testcase> <!-- All_Departments__156 -->
  <testcase classname="All_Departments.All_Department" name="All_Departments__095" time="0.0">
    <ignored/>
  </testcase> <!-- All_Departments__095 -->
  <testcase classname="All_Departments.All_Department" name="All_Departments__120" time="0.0">
    <ignored/>
  </testcase> <!-- All_Departments__120 -->
  <testcase classname="All_Departments.All_Department" name="All_Departments__055" time="0.0">
    <ignored/>
  </testcase> <!-- All_Departments__055 -->
  <testcase classname="All_Departments.All_Department" name="All_Departments__137" time="0.0">
    <ignored/>
  </testcase> <!-- All_Departments__137 -->
  <testcase classname="All_Departments.All_Department" name="All_Departments__149" time="0.0">
    <ignored/>
  </testcase> <!-- All_Departments__149 -->
  <testcase classname="All_Departments.All_Department" name="All_Departments__157" time="0.0">
    <ignored/>
  </testcase> <!-- All_Departments__157 -->
  <testcase classname="All_Departments.All_Department" name="All_Departments__169" time="0.0">
    <ignored/>
  </testcase> <!-- All_Departments__169 -->
  <testcase classname="All_Departments.All_Department" name="All_Departments__109" time="0.0">
    <ignored/>
  </testcase> <!-- All_Departments__109 -->
  <testcase classname="All_Departments.All_Department" name="All_Departments__048" time="0.0">
    <ignored/>
  </testcase> <!-- All_Departments__048 -->
  <testcase classname="All_Departments.All_Department" name="All_Departments__096" time="0.0">
    <ignored/>
  </testcase> <!-- All_Departments__096 -->
  <testcase classname="All_Departments.All_Department" name="All_Departments__117" time="0.0">
    <ignored/>
  </testcase> <!-- All_Departments__117 -->
  <testcase classname="All_Departments.All_Department" name="All_Departments__129" time="0.0">
    <ignored/>
  </testcase> <!-- All_Departments__129 -->
  <testcase classname="All_Departments.All_Department" name="All_Departments__008" time="0.0">
    <ignored/>
  </testcase> <!-- All_Departments__008 -->
  <testcase classname="All_Departments.All_Department" name="All_Departments__171" time="0.0">
    <ignored/>
  </testcase> <!-- All_Departments__171 -->
  <testcase classname="All_Departments.All_Department" name="All_Departments__078" time="0.0">
    <ignored/>
  </testcase> <!-- All_Departments__078 -->
  <testcase classname="All_Departments.All_Department" name="All_Departments__002" time="0.0">
    <ignored/>
  </testcase> <!-- All_Departments__002 -->
  <testcase classname="All_Departments.All_Department" name="All_Departments__050" time="0.0">
    <ignored/>
  </testcase> <!-- All_Departments__050 -->
  <testcase classname="All_Departments.All_Department" name="All_Departments__111" time="0.0">
    <ignored/>
  </testcase> <!-- All_Departments__111 -->
  <testcase classname="All_Departments.All_Department" name="All_Departments__062" time="0.0">
    <ignored/>
  </testcase> <!-- All_Departments__062 -->
  <testcase classname="All_Departments.All_Department" name="All_Departments__123" time="0.0">
    <ignored/>
  </testcase> <!-- All_Departments__123 -->
  <testcase classname="All_Departments.All_Department" name="All_Departments__131" time="0.0">
    <ignored/>
  </testcase> <!-- All_Departments__131 -->
  <testcase classname="All_Departments.All_Department" name="All_Departments__143" time="0.0">
    <ignored/>
  </testcase> <!-- All_Departments__143 -->
  <testcase classname="All_Departments.All_Department" name="All_Departments__098" time="0.0">
    <ignored/>
  </testcase> <!-- All_Departments__098 -->
  <testcase classname="All_Departments.All_Department" name="All_Departments__010" time="0.0">
    <ignored/>
  </testcase> <!-- All_Departments__010 -->
  <testcase classname="All_Departments.All_Department" name="All_Departments__022" time="0.0">
    <ignored/>
  </testcase> <!-- All_Departments__022 -->
  <testcase classname="All_Departments.All_Department" name="All_Departments__070" time="0.0">
    <ignored/>
  </testcase> <!-- All_Departments__070 -->
  <testcase classname="All_Departments.All_Department" name="All_Departments__082" time="0.0">
    <ignored/>
  </testcase> <!-- All_Departments__082 -->
  <testcase classname="All_Departments.All_Department" name="All_Departments__090" time="0.0">
    <ignored/>
  </testcase> <!-- All_Departments__090 -->
  <testcase classname="All_Departments.All_Department" name="All_Departments__039" time="0.0">
    <ignored/>
  </testcase> <!-- All_Departments__039 -->
  <testcase classname="All_Departments.All_Department" name="All_Departments__104" time="0.0">
    <ignored/>
  </testcase> <!-- All_Departments__104 -->
  <testcase classname="All_Departments.All_Department" name="All_Departments__124" time="0.0">
    <ignored/>
  </testcase> <!-- All_Departments__124 -->
  <testcase classname="All_Departments.All_Department" name="All_Departments__059" time="0.0">
    <ignored/>
  </testcase> <!-- All_Departments__059 -->
  <testcase classname="All_Departments.All_Department" name="All_Departments__063" time="0.0">
    <ignored/>
  </testcase> <!-- All_Departments__063 -->
  <testcase classname="All_Departments.All_Department" name="All_Departments__152" time="0.0">
    <ignored/>
  </testcase> <!-- All_Departments__152 -->
  <testcase classname="All_Departments.All_Department" name="All_Departments__089" time="0.0">
    <ignored/>
  </testcase> <!-- All_Departments__089 -->
  <testcase classname="All_Departments.All_Department" name="All_Departments__001" time="0.0">
    <ignored/>
  </testcase> <!-- All_Departments__001 -->
  <testcase classname="All_Departments.All_Department" name="All_Departments__057" time="0.0">
    <ignored/>
  </testcase> <!-- All_Departments__057 -->
  <testcase classname="All_Departments.All_Department" name="All_Departments__150" time="0.0">
    <ignored/>
  </testcase> <!-- All_Departments__150 -->
  <testcase classname="All_Departments.All_Department" name="All_Departments__061" time="0.0">
    <ignored/>
  </testcase> <!-- All_Departments__061 -->
  <testcase classname="All_Departments.All_Department" name="All_Departments__122" time="0.0">
    <ignored/>
  </testcase> <!-- All_Departments__122 -->
  <testcase classname="All_Departments.All_Department" name="All_Departments__142" time="0.0">
    <ignored/>
  </testcase> <!-- All_Departments__142 -->
  <testcase classname="All_Departments.All_Department" name="All_Departments__110" time="0.0">
    <ignored/>
  </testcase> <!-- All_Departments__110 -->
  <testcase classname="All_Departments.All_Department" name="All_Departments__077" time="0.0">
    <ignored/>
  </testcase> <!-- All_Departments__077 -->
  <testcase classname="All_Departments.All_Department" name="All_Departments__081" time="0.0">
    <ignored/>
  </testcase> <!-- All_Departments__081 -->
  <testcase classname="All_Departments.All_Department" name="All_Departments__40" time="0.0">
    <ignored/>
  </testcase> <!-- All_Departments__40 -->
  <testcase classname="All_Departments.All_Department" name="All_Departments__159" time="0.0">
    <ignored/>
  </testcase> <!-- All_Departments__159 -->
  <testcase classname="All_Departments.All_Department" name="All_Departments__103" time="0.0">
    <ignored/>
  </testcase> <!-- All_Departments__103 -->
  <testcase classname="All_Departments.All_Department" name="All_Departments__058" time="0.0">
    <ignored/>
  </testcase> <!-- All_Departments__058 -->
  <testcase classname="All_Departments.All_Department" name="All_Departments__119" time="0.0">
    <ignored/>
  </testcase> <!-- All_Departments__119 -->
  <testcase classname="All_Departments.All_Department" name="All_Departments__139" time="0.0">
    <ignored/>
  </testcase> <!-- All_Departments__139 -->
  <testcase classname="All_Departments.All_Department" name="All_Departments__042" time="0.0">
    <ignored/>
  </testcase> <!-- All_Departments__042 -->
  <testcase classname="All_Departments.All_Department" name="All_Departments__151" time="0.0">
    <ignored/>
  </testcase> <!-- All_Departments__151 -->
  <testcase classname="All_Departments.All_Department" name="All_Departments__163" time="0.0">
    <ignored/>
  </testcase> <!-- All_Departments__163 -->
</testsuite> <!-- Default test(failed) -->
