<?xml version="1.0" encoding="UTF-8"?>
<!-- Generated by org.testng.reporters.JUnitXMLReporter -->
<testsuite ignored="0" hostname="DESKTOP-1GQ8CG3" failures="6" tests="152" name="Default test" time="8779.552" errors="0" timestamp="2023-11-27T13:21:04 IST">
  <testcase classname="baseCofiguration.Configaration" name="@AfterMethod closeapp" time="2.631">
    <failure type="org.openqa.selenium.remote.UnreachableBrowserException" message="Error communicating with the remote browser. It may have died.
Build info: version: &amp;apos;4.13.0&amp;apos;, revision: &amp;apos;ba948ece5b*&amp;apos;
System info: os.name: &amp;apos;Windows 11&amp;apos;, os.arch: &amp;apos;amd64&amp;apos;, os.version: &amp;apos;10.0&amp;apos;, java.version: &amp;apos;20&amp;apos;
Driver info: io.appium.java_client.android.AndroidDriver
Command: [03a9c5a2-6b97-410f-a34e-8bfb2947dec6, quit []]
Capabilities {appium:UDID: PR7SUSMZKJ79BAUW, appium:app: C:\Users\hp\eclipse-workspa..., appium:appActivity: .MainActivity, appium:appPackage: com.service_desk.onebill, appium:appium.deviceIsAppInBackground: true, appium:autoGrantPermissions: true, appium:automationName: uiautomator2, appium:avdArgs: -no-window, appium:databaseEnabled: false, appium:desired: {UDID: PR7SUSMZKJ79BAUW, app: C:\Users\hp\eclipse-workspa..., appActivity: .MainActivity, appPackage: com.service_desk.onebill, appium.deviceIsAppInBackground: true, autoGrantPermissions: true, automationName: uiautomator2, avdArgs: -no-window, deviceName: Afrid, fastReset: true, fullReset: true, isHeadless: true, platformName: ANDROID, platformVersion: 13.0}, appium:deviceApiLevel: 33, appium:deviceManufacturer: Google, appium:deviceModel: sdk_gphone64_x86_64, appium:deviceName: emulator-5554, appium:deviceScreenDensity: 560, appium:deviceScreenSize: 1440x3120, appium:deviceUDID: emulator-5554, appium:fastReset: true, appium:fullReset: true, appium:isHeadless: true, appium:javascriptEnabled: true, appium:locationContextEnabled: false, appium:networkConnectionEnabled: true, appium:pixelRatio: 3.5, appium:platformVersion: 13, appium:statBarHeight: 84, appium:takesScreenshot: true, appium:viewportRect: {height: 2952, left: 0, top: 84, width: 1440}, appium:warnings: {}, appium:webStorageEnabled: false, platformName: ANDROID}
Session ID: 03a9c5a2-6b97-410f-a34e-8bfb2947dec6">
      <![CDATA[org.openqa.selenium.remote.UnreachableBrowserException: Error communicating with the remote browser. It may have died.
Build info: version: '4.13.0', revision: 'ba948ece5b*'
System info: os.name: 'Windows 11', os.arch: 'amd64', os.version: '10.0', java.version: '20'
Driver info: io.appium.java_client.android.AndroidDriver
Command: [03a9c5a2-6b97-410f-a34e-8bfb2947dec6, quit []]
Capabilities {appium:UDID: PR7SUSMZKJ79BAUW, appium:app: C:\Users\hp\eclipse-workspa..., appium:appActivity: .MainActivity, appium:appPackage: com.service_desk.onebill, appium:appium.deviceIsAppInBackground: true, appium:autoGrantPermissions: true, appium:automationName: uiautomator2, appium:avdArgs: -no-window, appium:databaseEnabled: false, appium:desired: {UDID: PR7SUSMZKJ79BAUW, app: C:\Users\hp\eclipse-workspa..., appActivity: .MainActivity, appPackage: com.service_desk.onebill, appium.deviceIsAppInBackground: true, autoGrantPermissions: true, automationName: uiautomator2, avdArgs: -no-window, deviceName: Afrid, fastReset: true, fullReset: true, isHeadless: true, platformName: ANDROID, platformVersion: 13.0}, appium:deviceApiLevel: 33, appium:deviceManufacturer: Google, appium:deviceModel: sdk_gphone64_x86_64, appium:deviceName: emulator-5554, appium:deviceScreenDensity: 560, appium:deviceScreenSize: 1440x3120, appium:deviceUDID: emulator-5554, appium:fastReset: true, appium:fullReset: true, appium:isHeadless: true, appium:javascriptEnabled: true, appium:locationContextEnabled: false, appium:networkConnectionEnabled: true, appium:pixelRatio: 3.5, appium:platformVersion: 13, appium:statBarHeight: 84, appium:takesScreenshot: true, appium:viewportRect: {height: 2952, left: 0, top: 84, width: 1440}, appium:warnings: {}, appium:webStorageEnabled: false, platformName: ANDROID}
Session ID: 03a9c5a2-6b97-410f-a34e-8bfb2947dec6
at org.openqa.selenium.remote.RemoteWebDriver.execute(RemoteWebDriver.java:629)
at org.openqa.selenium.remote.RemoteWebDriver.execute(RemoteWebDriver.java:675)
at io.appium.java_client.AppiumDriver.execute(AppiumDriver.java:313)
at org.openqa.selenium.remote.RemoteWebDriver.quit(RemoteWebDriver.java:437)
at baseCofiguration.Configaration.closeapp(Configaration.java:73)
at java.base/jdk.internal.reflect.DirectMethodHandleAccessor.invoke(DirectMethodHandleAccessor.java:104)
at java.base/java.lang.reflect.Method.invoke(Method.java:578)
at org.testng.internal.invokers.MethodInvocationHelper.invokeMethod(MethodInvocationHelper.java:139)
at org.testng.internal.invokers.MethodInvocationHelper.invokeMethodConsideringTimeout(MethodInvocationHelper.java:69)
at org.testng.internal.invokers.ConfigInvoker.invokeConfigurationMethod(ConfigInvoker.java:361)
at org.testng.internal.invokers.ConfigInvoker.invokeConfigurations(ConfigInvoker.java:296)
at org.testng.internal.invokers.TestInvoker.runConfigMethods(TestInvoker.java:823)
at org.testng.internal.invokers.TestInvoker.runAfterConfigurations(TestInvoker.java:792)
at org.testng.internal.invokers.TestInvoker.invokeMethod(TestInvoker.java:768)
at org.testng.internal.invokers.TestInvoker.invokeTestMethod(TestInvoker.java:221)
at org.testng.internal.invokers.MethodRunner.runInSequence(MethodRunner.java:50)
at org.testng.internal.invokers.TestInvoker$MethodInvocationAgent.invoke(TestInvoker.java:969)
at org.testng.internal.invokers.TestInvoker.invokeTestMethods(TestInvoker.java:194)
at org.testng.internal.invokers.TestMethodWorker.invokeTestMethods(TestMethodWorker.java:148)
at org.testng.internal.invokers.TestMethodWorker.run(TestMethodWorker.java:128)
at java.base/java.util.ArrayList.forEach(ArrayList.java:1511)
at org.testng.TestRunner.privateRun(TestRunner.java:829)
at org.testng.TestRunner.run(TestRunner.java:602)
at org.testng.SuiteRunner.runTest(SuiteRunner.java:437)
at org.testng.SuiteRunner.runSequentially(SuiteRunner.java:431)
at org.testng.SuiteRunner.privateRun(SuiteRunner.java:391)
at org.testng.SuiteRunner.run(SuiteRunner.java:330)
at org.testng.SuiteRunnerWorker.runSuite(SuiteRunnerWorker.java:52)
at org.testng.SuiteRunnerWorker.run(SuiteRunnerWorker.java:95)
at org.testng.TestNG.runSuitesSequentially(TestNG.java:1256)
at org.testng.TestNG.runSuitesLocally(TestNG.java:1176)
at org.testng.TestNG.runSuites(TestNG.java:1099)
at org.testng.TestNG.run(TestNG.java:1067)
at org.testng.remote.AbstractRemoteTestNG.run(AbstractRemoteTestNG.java:115)
at org.testng.remote.RemoteTestNG.initAndRun(RemoteTestNG.java:251)
at org.testng.remote.RemoteTestNG.main(RemoteTestNG.java:77)
Caused by: java.io.UncheckedIOException: java.net.SocketException: Connection reset
at org.openqa.selenium.remote.http.netty.NettyHttpHandler.makeCall(NettyHttpHandler.java:73)
at io.appium.java_client.AppiumUserAgentFilter.lambda$apply$0(AppiumUserAgentFilter.java:88)
at org.openqa.selenium.remote.http.Filter.lambda$andFinally$1(Filter.java:55)
at org.openqa.selenium.remote.http.netty.NettyHttpHandler.execute(NettyHttpHandler.java:48)
at org.openqa.selenium.remote.http.netty.NettyClient.execute(NettyClient.java:96)
at org.openqa.selenium.remote.HttpCommandExecutor.execute(HttpCommandExecutor.java:188)
at io.appium.java_client.remote.AppiumCommandExecutor.execute(AppiumCommandExecutor.java:250)
at org.openqa.selenium.remote.RemoteWebDriver.execute(RemoteWebDriver.java:602)
... 35 more
Caused by: java.net.SocketException: Connection reset
at java.base/sun.nio.ch.SocketChannelImpl.throwConnectionReset(SocketChannelImpl.java:401)
at java.base/sun.nio.ch.SocketChannelImpl.read(SocketChannelImpl.java:434)
at io.netty.buffer.PooledByteBuf.setBytes(PooledByteBuf.java:254)
at io.netty.buffer.AbstractByteBuf.writeBytes(AbstractByteBuf.java:1132)
at io.netty.channel.socket.nio.NioSocketChannel.doReadBytes(NioSocketChannel.java:357)
at io.netty.channel.nio.AbstractNioByteChannel$NioByteUnsafe.read(AbstractNioByteChannel.java:151)
at io.netty.channel.nio.NioEventLoop.processSelectedKey(NioEventLoop.java:788)
at io.netty.channel.nio.NioEventLoop.processSelectedKeysOptimized(NioEventLoop.java:724)
at io.netty.channel.nio.NioEventLoop.processSelectedKeys(NioEventLoop.java:650)
at io.netty.channel.nio.NioEventLoop.run(NioEventLoop.java:562)
at io.netty.util.concurrent.SingleThreadEventExecutor$4.run(SingleThreadEventExecutor.java:997)
at io.netty.util.internal.ThreadExecutorMap$2.run(ThreadExecutorMap.java:74)
at io.netty.util.concurrent.FastThreadLocalRunnable.run(FastThreadLocalRunnable.java:30)
at java.base/java.lang.Thread.run(Thread.java:1623)
]]>
    </failure>
  </testcase> <!-- @AfterMethod closeapp -->
  <testcase classname="baseCofiguration.Configaration" name="@BeforeMethod Emulatorcapabilities" time="0.0">
    <skipped/>
  </testcase> <!-- @BeforeMethod Emulatorcapabilities -->
  <testcase classname="baseCofiguration.Configaration" name="@AfterMethod closeapp" time="0.0">
    <skipped/>
  </testcase> <!-- @AfterMethod closeapp -->
  <testcase classname="baseCofiguration.Configaration" name="@BeforeMethod Emulatorcapabilities" time="0.0">
    <skipped/>
  </testcase> <!-- @BeforeMethod Emulatorcapabilities -->
  <testcase classname="baseCofiguration.Configaration" name="@AfterMethod closeapp" time="0.0">
    <skipped/>
  </testcase> <!-- @AfterMethod closeapp -->
  <testcase classname="baseCofiguration.Configaration" name="@BeforeMethod Emulatorcapabilities" time="0.0">
    <skipped/>
  </testcase> <!-- @BeforeMethod Emulatorcapabilities -->
  <testcase classname="baseCofiguration.Configaration" name="@AfterMethod closeapp" time="0.0">
    <skipped/>
  </testcase> <!-- @AfterMethod closeapp -->
  <testcase classname="baseCofiguration.Configaration" name="@BeforeMethod Emulatorcapabilities" time="0.0">
    <skipped/>
  </testcase> <!-- @BeforeMethod Emulatorcapabilities -->
  <testcase classname="baseCofiguration.Configaration" name="@AfterMethod closeapp" time="0.0">
    <skipped/>
  </testcase> <!-- @AfterMethod closeapp -->
  <testcase classname="baseCofiguration.Configaration" name="@BeforeMethod Emulatorcapabilities" time="0.0">
    <skipped/>
  </testcase> <!-- @BeforeMethod Emulatorcapabilities -->
  <testcase classname="baseCofiguration.Configaration" name="@AfterMethod closeapp" time="0.0">
    <skipped/>
  </testcase> <!-- @AfterMethod closeapp -->
  <testcase classname="baseCofiguration.Configaration" name="@BeforeMethod Emulatorcapabilities" time="0.0">
    <skipped/>
  </testcase> <!-- @BeforeMethod Emulatorcapabilities -->
  <testcase classname="baseCofiguration.Configaration" name="@AfterMethod closeapp" time="0.0">
    <skipped/>
  </testcase> <!-- @AfterMethod closeapp -->
  <testcase classname="baseCofiguration.Configaration" name="@BeforeMethod Emulatorcapabilities" time="0.0">
    <skipped/>
  </testcase> <!-- @BeforeMethod Emulatorcapabilities -->
  <testcase classname="baseCofiguration.Configaration" name="@AfterMethod closeapp" time="0.0">
    <skipped/>
  </testcase> <!-- @AfterMethod closeapp -->
  <testcase classname="baseCofiguration.Configaration" name="@BeforeMethod Emulatorcapabilities" time="0.0">
    <skipped/>
  </testcase> <!-- @BeforeMethod Emulatorcapabilities -->
  <testcase classname="baseCofiguration.Configaration" name="@AfterMethod closeapp" time="0.0">
    <skipped/>
  </testcase> <!-- @AfterMethod closeapp -->
  <testcase classname="baseCofiguration.Configaration" name="@BeforeMethod Emulatorcapabilities" time="0.0">
    <skipped/>
  </testcase> <!-- @BeforeMethod Emulatorcapabilities -->
  <testcase classname="baseCofiguration.Configaration" name="@AfterMethod closeapp" time="0.0">
    <skipped/>
  </testcase> <!-- @AfterMethod closeapp -->
  <testcase classname="baseCofiguration.Configaration" name="@BeforeMethod Emulatorcapabilities" time="0.0">
    <skipped/>
  </testcase> <!-- @BeforeMethod Emulatorcapabilities -->
  <testcase classname="baseCofiguration.Configaration" name="@AfterMethod closeapp" time="0.0">
    <skipped/>
  </testcase> <!-- @AfterMethod closeapp -->
  <testcase classname="baseCofiguration.Configaration" name="@BeforeMethod Emulatorcapabilities" time="0.0">
    <skipped/>
  </testcase> <!-- @BeforeMethod Emulatorcapabilities -->
  <testcase classname="baseCofiguration.Configaration" name="@AfterMethod closeapp" time="0.0">
    <skipped/>
  </testcase> <!-- @AfterMethod closeapp -->
  <testcase classname="baseCofiguration.Configaration" name="@BeforeMethod Emulatorcapabilities" time="0.0">
    <skipped/>
  </testcase> <!-- @BeforeMethod Emulatorcapabilities -->
  <testcase classname="baseCofiguration.Configaration" name="@AfterMethod closeapp" time="0.0">
    <skipped/>
  </testcase> <!-- @AfterMethod closeapp -->
  <testcase classname="baseCofiguration.Configaration" name="@BeforeMethod Emulatorcapabilities" time="0.0">
    <skipped/>
  </testcase> <!-- @BeforeMethod Emulatorcapabilities -->
  <testcase classname="baseCofiguration.Configaration" name="@AfterMethod closeapp" time="0.0">
    <skipped/>
  </testcase> <!-- @AfterMethod closeapp -->
  <testcase classname="baseCofiguration.Configaration" name="@BeforeMethod Emulatorcapabilities" time="0.0">
    <skipped/>
  </testcase> <!-- @BeforeMethod Emulatorcapabilities -->
  <testcase classname="baseCofiguration.Configaration" name="@AfterMethod closeapp" time="0.0">
    <skipped/>
  </testcase> <!-- @AfterMethod closeapp -->
  <testcase classname="baseCofiguration.Configaration" name="@BeforeMethod Emulatorcapabilities" time="0.0">
    <skipped/>
  </testcase> <!-- @BeforeMethod Emulatorcapabilities -->
  <testcase classname="baseCofiguration.Configaration" name="@AfterMethod closeapp" time="0.0">
    <skipped/>
  </testcase> <!-- @AfterMethod closeapp -->
  <testcase classname="baseCofiguration.Configaration" name="@BeforeMethod Emulatorcapabilities" time="0.0">
    <skipped/>
  </testcase> <!-- @BeforeMethod Emulatorcapabilities -->
  <testcase classname="baseCofiguration.Configaration" name="@AfterMethod closeapp" time="0.0">
    <skipped/>
  </testcase> <!-- @AfterMethod closeapp -->
  <testcase classname="baseCofiguration.Configaration" name="@BeforeMethod Emulatorcapabilities" time="0.0">
    <skipped/>
  </testcase> <!-- @BeforeMethod Emulatorcapabilities -->
  <testcase classname="baseCofiguration.Configaration" name="@AfterMethod closeapp" time="0.0">
    <skipped/>
  </testcase> <!-- @AfterMethod closeapp -->
  <testcase classname="baseCofiguration.Configaration" name="@BeforeMethod Emulatorcapabilities" time="0.0">
    <skipped/>
  </testcase> <!-- @BeforeMethod Emulatorcapabilities -->
  <testcase classname="baseCofiguration.Configaration" name="@AfterMethod closeapp" time="0.0">
    <skipped/>
  </testcase> <!-- @AfterMethod closeapp -->
  <testcase classname="baseCofiguration.Configaration" name="@BeforeMethod Emulatorcapabilities" time="0.0">
    <skipped/>
  </testcase> <!-- @BeforeMethod Emulatorcapabilities -->
  <testcase classname="baseCofiguration.Configaration" name="@AfterMethod closeapp" time="0.0">
    <skipped/>
  </testcase> <!-- @AfterMethod closeapp -->
  <testcase classname="baseCofiguration.Configaration" name="@BeforeMethod Emulatorcapabilities" time="0.0">
    <skipped/>
  </testcase> <!-- @BeforeMethod Emulatorcapabilities -->
  <testcase classname="baseCofiguration.Configaration" name="@AfterMethod closeapp" time="0.0">
    <skipped/>
  </testcase> <!-- @AfterMethod closeapp -->
  <testcase classname="baseCofiguration.Configaration" name="@BeforeMethod Emulatorcapabilities" time="0.0">
    <skipped/>
  </testcase> <!-- @BeforeMethod Emulatorcapabilities -->
  <testcase classname="baseCofiguration.Configaration" name="@AfterMethod closeapp" time="0.0">
    <skipped/>
  </testcase> <!-- @AfterMethod closeapp -->
  <testcase classname="baseCofiguration.Configaration" name="@BeforeMethod Emulatorcapabilities" time="0.0">
    <skipped/>
  </testcase> <!-- @BeforeMethod Emulatorcapabilities -->
  <testcase classname="baseCofiguration.Configaration" name="@AfterMethod closeapp" time="0.0">
    <skipped/>
  </testcase> <!-- @AfterMethod closeapp -->
  <testcase classname="baseCofiguration.Configaration" name="@BeforeMethod Emulatorcapabilities" time="0.0">
    <skipped/>
  </testcase> <!-- @BeforeMethod Emulatorcapabilities -->
  <testcase classname="baseCofiguration.Configaration" name="@AfterMethod closeapp" time="0.0">
    <skipped/>
  </testcase> <!-- @AfterMethod closeapp -->
  <testcase classname="baseCofiguration.Configaration" name="@BeforeMethod Emulatorcapabilities" time="0.0">
    <skipped/>
  </testcase> <!-- @BeforeMethod Emulatorcapabilities -->
  <testcase classname="baseCofiguration.Configaration" name="@AfterMethod closeapp" time="0.0">
    <skipped/>
  </testcase> <!-- @AfterMethod closeapp -->
  <testcase classname="All_Departments.All_Department" name="All_Departments__001" time="17.45"/>
  <testcase classname="All_Departments.All_Department" name="All_Departments__002" time="18.137"/>
  <testcase classname="All_Departments.All_Department" name="All_Departments__004" time="24.825"/>
  <testcase classname="All_Departments.All_Department" name="All_Departments__005" time="18.084"/>
  <testcase classname="All_Departments.All_Department" name="All_Departments__006" time="22.888"/>
  <testcase classname="All_Departments.All_Department" name="All_Departments__007" time="25.287"/>
  <testcase classname="All_Departments.All_Department" name="All_Departments__008" time="22.97"/>
  <testcase classname="All_Departments.All_Department" name="All_Departments__009" time="19.074"/>
  <testcase classname="All_Departments.All_Department" name="All_Departments__010" time="21.451"/>
  <testcase classname="All_Departments.All_Department" name="All_Departments__011" time="30.123"/>
  <testcase classname="All_Departments.All_Department" name="All_Departments__012" time="25.477"/>
  <testcase classname="All_Departments.All_Department" name="All_Departments__013" time="22.443"/>
  <testcase classname="All_Departments.All_Department" name="All_Departments__014" time="23.793"/>
  <testcase classname="All_Departments.All_Department" name="All_Departments__015" time="22.74"/>
  <testcase classname="All_Departments.All_Department" name="All_Departments__022" time="25.062"/>
  <testcase classname="All_Departments.All_Department" name="All_Departments__024" time="23.809"/>
  <testcase classname="All_Departments.All_Department" name="All_Departments__026" time="22.735"/>
  <testcase classname="All_Departments.All_Department" name="All_Departments__032" time="37.907"/>
  <testcase classname="All_Departments.All_Department" name="All_Departments__033" time="26.613"/>
  <testcase classname="All_Departments.All_Department" name="All_Departments__037" time="26.072"/>
  <testcase classname="All_Departments.All_Department" name="All_Departments__039" time="28.009"/>
  <testcase classname="All_Departments.All_Department" name="All_Departments__041" time="29.054"/>
  <testcase classname="All_Departments.All_Department" name="All_Departments__042" time="27.285"/>
  <testcase classname="All_Departments.All_Department" name="All_Departments__043" time="22.969"/>
  <testcase classname="All_Departments.All_Department" name="All_Departments__044" time="22.167"/>
  <testcase classname="All_Departments.All_Department" name="All_Departments__045" time="23.184"/>
  <testcase classname="All_Departments.All_Department" name="All_Departments__046" time="18.187"/>
  <testcase classname="All_Departments.All_Department" name="All_Departments__047" time="19.143"/>
  <testcase classname="All_Departments.All_Department" name="All_Departments__048" time="17.384"/>
  <testcase classname="All_Departments.All_Department" name="All_Departments__049" time="35.528"/>
  <testcase classname="All_Departments.All_Department" name="All_Departments__050" time="24.904"/>
  <testcase classname="All_Departments.All_Department" name="All_Departments__051" time="26.986"/>
  <testcase classname="All_Departments.All_Department" name="All_Departments__052" time="28.842"/>
  <testcase classname="All_Departments.All_Department" name="All_Departments__053" time="33.986"/>
  <testcase classname="All_Departments.All_Department" name="All_Departments__054" time="25.467"/>
  <testcase classname="All_Departments.All_Department" name="All_Departments__055" time="27.376"/>
  <testcase classname="All_Departments.All_Department" name="All_Departments__056" time="33.385"/>
  <testcase classname="All_Departments.All_Department" name="All_Departments__057" time="28.537"/>
  <testcase classname="All_Departments.All_Department" name="All_Departments__058" time="63.078"/>
  <testcase classname="All_Departments.All_Department" name="All_Departments__059" time="35.18"/>
  <testcase classname="All_Departments.All_Department" name="All_Departments__060" time="26.661"/>
  <testcase classname="All_Departments.All_Department" name="All_Departments__061" time="29.489"/>
  <testcase classname="All_Departments.All_Department" name="All_Departments__062" time="26.009"/>
  <testcase classname="All_Departments.All_Department" name="All_Departments__063" time="24.449"/>
  <testcase classname="All_Departments.All_Department" name="All_Departments__064" time="26.086"/>
  <testcase classname="All_Departments.All_Department" name="All_Departments__065" time="34.492"/>
  <testcase classname="All_Departments.All_Department" name="All_Departments__066" time="29.941"/>
  <testcase classname="All_Departments.All_Department" name="All_Departments__067" time="34.992"/>
  <testcase classname="All_Departments.All_Department" name="All_Departments__070" time="33.44"/>
  <testcase classname="All_Departments.All_Department" name="All_Departments__071" time="28.905"/>
  <testcase classname="All_Departments.All_Department" name="All_Departments__072" time="35.625"/>
  <testcase classname="All_Departments.All_Department" name="All_Departments__073" time="27.568"/>
  <testcase classname="All_Departments.All_Department" name="All_Departments__074" time="26.939"/>
  <testcase classname="All_Departments.All_Department" name="All_Departments__075" time="31.488"/>
  <testcase classname="All_Departments.All_Department" name="All_Departments__076" time="29.197"/>
  <testcase classname="All_Departments.All_Department" name="All_Departments__077" time="28.631"/>
  <testcase classname="All_Departments.All_Department" name="All_Departments__078" time="37.922"/>
  <testcase classname="All_Departments.All_Department" name="All_Departments__079" time="28.213"/>
  <testcase classname="All_Departments.All_Department" name="All_Departments__080" time="27.912"/>
  <testcase classname="All_Departments.All_Department" name="All_Departments__081" time="34.242"/>
  <testcase classname="All_Departments.All_Department" name="All_Departments__082" time="33.552"/>
  <testcase classname="All_Departments.All_Department" name="All_Departments__083" time="28.387"/>
  <testcase classname="All_Departments.All_Department" name="All_Departments__084" time="29.187"/>
  <testcase classname="All_Departments.All_Department" name="All_Departments__085" time="26.645"/>
  <testcase classname="All_Departments.All_Department" name="All_Departments__086" time="40.759"/>
  <testcase classname="All_Departments.All_Department" name="All_Departments__088" time="36.871"/>
  <testcase classname="All_Departments.All_Department" name="All_Departments__089" time="31.19"/>
  <testcase classname="All_Departments.All_Department" name="All_Departments__090" time="36.609"/>
  <testcase classname="All_Departments.All_Department" name="All_Departments__091" time="32.721"/>
  <testcase classname="All_Departments.All_Department" name="All_Departments__092" time="27.479"/>
  <testcase classname="All_Departments.All_Department" name="All_Departments__093" time="29.131"/>
  <testcase classname="All_Departments.All_Department" name="All_Departments__094" time="31.44"/>
  <testcase classname="All_Departments.All_Department" name="All_Departments__095" time="36.538"/>
  <testcase classname="All_Departments.All_Department" name="All_Departments__096" time="28.358"/>
  <testcase classname="All_Departments.All_Department" name="All_Departments__097" time="28.105"/>
  <testcase classname="All_Departments.All_Department" name="All_Departments__098" time="32.8"/>
  <testcase classname="All_Departments.All_Department" name="All_Departments__099" time="39.769"/>
  <testcase classname="All_Departments.All_Department" name="All_Departments__100" time="636.513">
    <failure type="org.openqa.selenium.TimeoutException" message="java.util.concurrent.TimeoutException
Build info: version: &amp;apos;4.13.0&amp;apos;, revision: &amp;apos;ba948ece5b*&amp;apos;
System info: os.name: &amp;apos;Windows 11&amp;apos;, os.arch: &amp;apos;amd64&amp;apos;, os.version: &amp;apos;10.0&amp;apos;, java.version: &amp;apos;20&amp;apos;
Driver info: io.appium.java_client.android.AndroidDriver
Command: [c7832274-a129-483f-8bc8-f3bf7c5bad54, findElement {using=xpath, value=//android.view.ViewGroup[@content-desc=&amp;quot;&amp;quot;]/android.view.ViewGroup[2]/android.widget.TextView}]
Capabilities {appium:UDID: PR7SUSMZKJ79BAUW, appium:app: C:\Users\hp\eclipse-workspa..., appium:appActivity: .MainActivity, appium:appPackage: com.service_desk.onebill, appium:appium.deviceIsAppInBackground: true, appium:autoGrantPermissions: true, appium:automationName: uiautomator2, appium:avdArgs: -no-window, appium:databaseEnabled: false, appium:desired: {UDID: PR7SUSMZKJ79BAUW, app: C:\Users\hp\eclipse-workspa..., appActivity: .MainActivity, appPackage: com.service_desk.onebill, appium.deviceIsAppInBackground: true, autoGrantPermissions: true, automationName: uiautomator2, avdArgs: -no-window, deviceName: Afrid, fastReset: true, fullReset: true, isHeadless: true, platformName: ANDROID, platformVersion: 13.0}, appium:deviceApiLevel: 33, appium:deviceManufacturer: Google, appium:deviceModel: sdk_gphone64_x86_64, appium:deviceName: emulator-5554, appium:deviceScreenDensity: 560, appium:deviceScreenSize: 1440x3120, appium:deviceUDID: emulator-5554, appium:fastReset: true, appium:fullReset: true, appium:isHeadless: true, appium:javascriptEnabled: true, appium:locationContextEnabled: false, appium:networkConnectionEnabled: true, appium:pixelRatio: 3.5, appium:platformVersion: 13, appium:statBarHeight: 84, appium:takesScreenshot: true, appium:viewportRect: {height: 2952, left: 0, top: 84, width: 1440}, appium:warnings: {}, appium:webStorageEnabled: false, platformName: ANDROID}
Session ID: c7832274-a129-483f-8bc8-f3bf7c5bad54">
      <![CDATA[org.openqa.selenium.TimeoutException: java.util.concurrent.TimeoutException
Build info: version: '4.13.0', revision: 'ba948ece5b*'
System info: os.name: 'Windows 11', os.arch: 'amd64', os.version: '10.0', java.version: '20'
Driver info: io.appium.java_client.android.AndroidDriver
Command: [c7832274-a129-483f-8bc8-f3bf7c5bad54, findElement {using=xpath, value=//android.view.ViewGroup[@content-desc=""]/android.view.ViewGroup[2]/android.widget.TextView}]
Capabilities {appium:UDID: PR7SUSMZKJ79BAUW, appium:app: C:\Users\hp\eclipse-workspa..., appium:appActivity: .MainActivity, appium:appPackage: com.service_desk.onebill, appium:appium.deviceIsAppInBackground: true, appium:autoGrantPermissions: true, appium:automationName: uiautomator2, appium:avdArgs: -no-window, appium:databaseEnabled: false, appium:desired: {UDID: PR7SUSMZKJ79BAUW, app: C:\Users\hp\eclipse-workspa..., appActivity: .MainActivity, appPackage: com.service_desk.onebill, appium.deviceIsAppInBackground: true, autoGrantPermissions: true, automationName: uiautomator2, avdArgs: -no-window, deviceName: Afrid, fastReset: true, fullReset: true, isHeadless: true, platformName: ANDROID, platformVersion: 13.0}, appium:deviceApiLevel: 33, appium:deviceManufacturer: Google, appium:deviceModel: sdk_gphone64_x86_64, appium:deviceName: emulator-5554, appium:deviceScreenDensity: 560, appium:deviceScreenSize: 1440x3120, appium:deviceUDID: emulator-5554, appium:fastReset: true, appium:fullReset: true, appium:isHeadless: true, appium:javascriptEnabled: true, appium:locationContextEnabled: false, appium:networkConnectionEnabled: true, appium:pixelRatio: 3.5, appium:platformVersion: 13, appium:statBarHeight: 84, appium:takesScreenshot: true, appium:viewportRect: {height: 2952, left: 0, top: 84, width: 1440}, appium:warnings: {}, appium:webStorageEnabled: false, platformName: ANDROID}
Session ID: c7832274-a129-483f-8bc8-f3bf7c5bad54
at org.openqa.selenium.remote.http.netty.NettyHttpHandler.makeCall(NettyHttpHandler.java:65)
at io.appium.java_client.AppiumUserAgentFilter.lambda$apply$0(AppiumUserAgentFilter.java:88)
at org.openqa.selenium.remote.http.Filter.lambda$andFinally$1(Filter.java:55)
at org.openqa.selenium.remote.http.netty.NettyHttpHandler.execute(NettyHttpHandler.java:48)
at org.openqa.selenium.remote.http.netty.NettyClient.execute(NettyClient.java:96)
at org.openqa.selenium.remote.HttpCommandExecutor.execute(HttpCommandExecutor.java:188)
at io.appium.java_client.remote.AppiumCommandExecutor.execute(AppiumCommandExecutor.java:250)
at org.openqa.selenium.remote.RemoteWebDriver.execute(RemoteWebDriver.java:602)
at org.openqa.selenium.remote.ElementLocation$ElementFinder$2.findElement(ElementLocation.java:165)
at org.openqa.selenium.remote.ElementLocation.findElement(ElementLocation.java:59)
at org.openqa.selenium.remote.RemoteWebDriver.findElement(RemoteWebDriver.java:359)
at org.openqa.selenium.remote.RemoteWebDriver.findElement(RemoteWebDriver.java:353)
at Methodsexists.methodsstore.iconbtn(methodsstore.java:760)
at All_Departments.All_Department.All_Departments__100(All_Department.java:1148)
at java.base/jdk.internal.reflect.DirectMethodHandleAccessor.invoke(DirectMethodHandleAccessor.java:104)
at java.base/java.lang.reflect.Method.invoke(Method.java:578)
at org.testng.internal.invokers.MethodInvocationHelper.invokeMethod(MethodInvocationHelper.java:139)
at org.testng.internal.invokers.TestInvoker.invokeMethod(TestInvoker.java:677)
at org.testng.internal.invokers.TestInvoker.invokeTestMethod(TestInvoker.java:221)
at org.testng.internal.invokers.MethodRunner.runInSequence(MethodRunner.java:50)
at org.testng.internal.invokers.TestInvoker$MethodInvocationAgent.invoke(TestInvoker.java:969)
at org.testng.internal.invokers.TestInvoker.invokeTestMethods(TestInvoker.java:194)
at org.testng.internal.invokers.TestMethodWorker.invokeTestMethods(TestMethodWorker.java:148)
at org.testng.internal.invokers.TestMethodWorker.run(TestMethodWorker.java:128)
at java.base/java.util.ArrayList.forEach(ArrayList.java:1511)
at org.testng.TestRunner.privateRun(TestRunner.java:829)
at org.testng.TestRunner.run(TestRunner.java:602)
at org.testng.SuiteRunner.runTest(SuiteRunner.java:437)
at org.testng.SuiteRunner.runSequentially(SuiteRunner.java:431)
at org.testng.SuiteRunner.privateRun(SuiteRunner.java:391)
at org.testng.SuiteRunner.run(SuiteRunner.java:330)
at org.testng.SuiteRunnerWorker.runSuite(SuiteRunnerWorker.java:52)
at org.testng.SuiteRunnerWorker.run(SuiteRunnerWorker.java:95)
at org.testng.TestNG.runSuitesSequentially(TestNG.java:1256)
at org.testng.TestNG.runSuitesLocally(TestNG.java:1176)
at org.testng.TestNG.runSuites(TestNG.java:1099)
at org.testng.TestNG.run(TestNG.java:1067)
at org.testng.remote.AbstractRemoteTestNG.run(AbstractRemoteTestNG.java:115)
at org.testng.remote.RemoteTestNG.initAndRun(RemoteTestNG.java:251)
at org.testng.remote.RemoteTestNG.main(RemoteTestNG.java:77)
Caused by: java.util.concurrent.TimeoutException
at java.base/java.util.concurrent.CompletableFuture.timedGet(CompletableFuture.java:1960)
at java.base/java.util.concurrent.CompletableFuture.get(CompletableFuture.java:2095)
at org.asynchttpclient.netty.NettyResponseFuture.get(NettyResponseFuture.java:206)
at org.openqa.selenium.remote.http.netty.NettyHttpHandler.makeCall(NettyHttpHandler.java:59)
... 39 more
]]>
    </failure>
  </testcase> <!-- All_Departments__100 -->
  <testcase classname="All_Departments.All_Department" name="All_Departments__101" time="34.33"/>
  <testcase classname="All_Departments.All_Department" name="All_Departments__102" time="31.148"/>
  <testcase classname="All_Departments.All_Department" name="All_Departments__103" time="31.942"/>
  <testcase classname="All_Departments.All_Department" name="All_Departments__104" time="31.383"/>
  <testcase classname="All_Departments.All_Department" name="All_Departments__106" time="27.792"/>
  <testcase classname="All_Departments.All_Department" name="All_Departments__107" time="38.819"/>
  <testcase classname="All_Departments.All_Department" name="All_Departments__108" time="45.928"/>
  <testcase classname="All_Departments.All_Department" name="All_Departments__109" time="36.592"/>
  <testcase classname="All_Departments.All_Department" name="All_Departments__110" time="36.895"/>
  <testcase classname="All_Departments.All_Department" name="All_Departments__111" time="53.773"/>
  <testcase classname="All_Departments.All_Department" name="All_Departments__112" time="38.775"/>
  <testcase classname="All_Departments.All_Department" name="All_Departments__113" time="38.559"/>
  <testcase classname="All_Departments.All_Department" name="All_Departments__114" time="43.922"/>
  <testcase classname="All_Departments.All_Department" name="All_Departments__115" time="39.324"/>
  <testcase classname="All_Departments.All_Department" name="All_Departments__116" time="36.267"/>
  <testcase classname="All_Departments.All_Department" name="All_Departments__117" time="204.403"/>
  <testcase classname="All_Departments.All_Department" name="All_Departments__118" time="28.597"/>
  <testcase classname="All_Departments.All_Department" name="All_Departments__119" time="33.705"/>
  <testcase classname="All_Departments.All_Department" name="All_Departments__120" time="38.988"/>
  <testcase classname="All_Departments.All_Department" name="All_Departments__121" time="27.711"/>
  <testcase classname="All_Departments.All_Department" name="All_Departments__122" time="27.328"/>
  <testcase classname="All_Departments.All_Department" name="All_Departments__123" time="29.332"/>
  <testcase classname="All_Departments.All_Department" name="All_Departments__124" time="32.26"/>
  <testcase classname="All_Departments.All_Department" name="All_Departments__125" time="28.508"/>
  <testcase classname="All_Departments.All_Department" name="All_Departments__126" time="30.867"/>
  <testcase classname="All_Departments.All_Department" name="All_Departments__127" time="29.996"/>
  <testcase classname="All_Departments.All_Department" name="All_Departments__128" time="32.953"/>
  <testcase classname="All_Departments.All_Department" name="All_Departments__129" time="40.926"/>
  <testcase classname="All_Departments.All_Department" name="All_Departments__130" time="29.708"/>
  <testcase classname="All_Departments.All_Department" name="All_Departments__131" time="37.39"/>
  <testcase classname="All_Departments.All_Department" name="All_Departments__132" time="36.638"/>
  <testcase classname="All_Departments.All_Department" name="All_Departments__133" time="31.998"/>
  <testcase classname="All_Departments.All_Department" name="All_Departments__134" time="31.847"/>
  <testcase classname="All_Departments.All_Department" name="All_Departments__135" time="42.652"/>
  <testcase classname="All_Departments.All_Department" name="All_Departments__136" time="30.798"/>
  <testcase classname="All_Departments.All_Department" name="All_Departments__137" time="40.111"/>
  <testcase classname="All_Departments.All_Department" name="All_Departments__138" time="29.865"/>
  <testcase classname="All_Departments.All_Department" name="All_Departments__139" time="32.508"/>
  <testcase classname="All_Departments.All_Department" name="All_Departments__140" time="31.087"/>
  <testcase classname="All_Departments.All_Department" name="All_Departments__141" time="34.657"/>
  <testcase classname="All_Departments.All_Department" name="All_Departments__142" time="33.543"/>
  <testcase classname="All_Departments.All_Department" name="All_Departments__143" time="624.308">
    <failure type="org.openqa.selenium.TimeoutException" message="java.util.concurrent.TimeoutException
Build info: version: &amp;apos;4.13.0&amp;apos;, revision: &amp;apos;ba948ece5b*&amp;apos;
System info: os.name: &amp;apos;Windows 11&amp;apos;, os.arch: &amp;apos;amd64&amp;apos;, os.version: &amp;apos;10.0&amp;apos;, java.version: &amp;apos;20&amp;apos;
Driver info: io.appium.java_client.android.AndroidDriver
Command: [870c53bd-a418-4555-8ea7-a1399124b125, findElement {using=xpath, value=//android.view.ViewGroup[@content-desc=&amp;quot;&amp;quot;]/android.view.ViewGroup[2]/android.widget.TextView}]
Capabilities {appium:UDID: PR7SUSMZKJ79BAUW, appium:app: C:\Users\hp\eclipse-workspa..., appium:appActivity: .MainActivity, appium:appPackage: com.service_desk.onebill, appium:appium.deviceIsAppInBackground: true, appium:autoGrantPermissions: true, appium:automationName: uiautomator2, appium:avdArgs: -no-window, appium:databaseEnabled: false, appium:desired: {UDID: PR7SUSMZKJ79BAUW, app: C:\Users\hp\eclipse-workspa..., appActivity: .MainActivity, appPackage: com.service_desk.onebill, appium.deviceIsAppInBackground: true, autoGrantPermissions: true, automationName: uiautomator2, avdArgs: -no-window, deviceName: Afrid, fastReset: true, fullReset: true, isHeadless: true, platformName: ANDROID, platformVersion: 13.0}, appium:deviceApiLevel: 33, appium:deviceManufacturer: Google, appium:deviceModel: sdk_gphone64_x86_64, appium:deviceName: emulator-5554, appium:deviceScreenDensity: 560, appium:deviceScreenSize: 1440x3120, appium:deviceUDID: emulator-5554, appium:fastReset: true, appium:fullReset: true, appium:isHeadless: true, appium:javascriptEnabled: true, appium:locationContextEnabled: false, appium:networkConnectionEnabled: true, appium:pixelRatio: 3.5, appium:platformVersion: 13, appium:statBarHeight: 84, appium:takesScreenshot: true, appium:viewportRect: {height: 2952, left: 0, top: 84, width: 1440}, appium:warnings: {}, appium:webStorageEnabled: false, platformName: ANDROID}
Session ID: 870c53bd-a418-4555-8ea7-a1399124b125">
      <![CDATA[org.openqa.selenium.TimeoutException: java.util.concurrent.TimeoutException
Build info: version: '4.13.0', revision: 'ba948ece5b*'
System info: os.name: 'Windows 11', os.arch: 'amd64', os.version: '10.0', java.version: '20'
Driver info: io.appium.java_client.android.AndroidDriver
Command: [870c53bd-a418-4555-8ea7-a1399124b125, findElement {using=xpath, value=//android.view.ViewGroup[@content-desc=""]/android.view.ViewGroup[2]/android.widget.TextView}]
Capabilities {appium:UDID: PR7SUSMZKJ79BAUW, appium:app: C:\Users\hp\eclipse-workspa..., appium:appActivity: .MainActivity, appium:appPackage: com.service_desk.onebill, appium:appium.deviceIsAppInBackground: true, appium:autoGrantPermissions: true, appium:automationName: uiautomator2, appium:avdArgs: -no-window, appium:databaseEnabled: false, appium:desired: {UDID: PR7SUSMZKJ79BAUW, app: C:\Users\hp\eclipse-workspa..., appActivity: .MainActivity, appPackage: com.service_desk.onebill, appium.deviceIsAppInBackground: true, autoGrantPermissions: true, automationName: uiautomator2, avdArgs: -no-window, deviceName: Afrid, fastReset: true, fullReset: true, isHeadless: true, platformName: ANDROID, platformVersion: 13.0}, appium:deviceApiLevel: 33, appium:deviceManufacturer: Google, appium:deviceModel: sdk_gphone64_x86_64, appium:deviceName: emulator-5554, appium:deviceScreenDensity: 560, appium:deviceScreenSize: 1440x3120, appium:deviceUDID: emulator-5554, appium:fastReset: true, appium:fullReset: true, appium:isHeadless: true, appium:javascriptEnabled: true, appium:locationContextEnabled: false, appium:networkConnectionEnabled: true, appium:pixelRatio: 3.5, appium:platformVersion: 13, appium:statBarHeight: 84, appium:takesScreenshot: true, appium:viewportRect: {height: 2952, left: 0, top: 84, width: 1440}, appium:warnings: {}, appium:webStorageEnabled: false, platformName: ANDROID}
Session ID: 870c53bd-a418-4555-8ea7-a1399124b125
at org.openqa.selenium.remote.http.netty.NettyHttpHandler.makeCall(NettyHttpHandler.java:65)
at io.appium.java_client.AppiumUserAgentFilter.lambda$apply$0(AppiumUserAgentFilter.java:88)
at org.openqa.selenium.remote.http.Filter.lambda$andFinally$1(Filter.java:55)
at org.openqa.selenium.remote.http.netty.NettyHttpHandler.execute(NettyHttpHandler.java:48)
at org.openqa.selenium.remote.http.netty.NettyClient.execute(NettyClient.java:96)
at org.openqa.selenium.remote.HttpCommandExecutor.execute(HttpCommandExecutor.java:188)
at io.appium.java_client.remote.AppiumCommandExecutor.execute(AppiumCommandExecutor.java:250)
at org.openqa.selenium.remote.RemoteWebDriver.execute(RemoteWebDriver.java:602)
at org.openqa.selenium.remote.ElementLocation$ElementFinder$2.findElement(ElementLocation.java:165)
at org.openqa.selenium.remote.ElementLocation.findElement(ElementLocation.java:59)
at org.openqa.selenium.remote.RemoteWebDriver.findElement(RemoteWebDriver.java:359)
at org.openqa.selenium.remote.RemoteWebDriver.findElement(RemoteWebDriver.java:353)
at Methodsexists.methodsstore.iconbtn(methodsstore.java:760)
at All_Departments.All_Department.All_Departments__143(All_Department.java:1749)
at java.base/jdk.internal.reflect.DirectMethodHandleAccessor.invoke(DirectMethodHandleAccessor.java:104)
at java.base/java.lang.reflect.Method.invoke(Method.java:578)
at org.testng.internal.invokers.MethodInvocationHelper.invokeMethod(MethodInvocationHelper.java:139)
at org.testng.internal.invokers.TestInvoker.invokeMethod(TestInvoker.java:677)
at org.testng.internal.invokers.TestInvoker.invokeTestMethod(TestInvoker.java:221)
at org.testng.internal.invokers.MethodRunner.runInSequence(MethodRunner.java:50)
at org.testng.internal.invokers.TestInvoker$MethodInvocationAgent.invoke(TestInvoker.java:969)
at org.testng.internal.invokers.TestInvoker.invokeTestMethods(TestInvoker.java:194)
at org.testng.internal.invokers.TestMethodWorker.invokeTestMethods(TestMethodWorker.java:148)
at org.testng.internal.invokers.TestMethodWorker.run(TestMethodWorker.java:128)
at java.base/java.util.ArrayList.forEach(ArrayList.java:1511)
at org.testng.TestRunner.privateRun(TestRunner.java:829)
at org.testng.TestRunner.run(TestRunner.java:602)
at org.testng.SuiteRunner.runTest(SuiteRunner.java:437)
at org.testng.SuiteRunner.runSequentially(SuiteRunner.java:431)
at org.testng.SuiteRunner.privateRun(SuiteRunner.java:391)
at org.testng.SuiteRunner.run(SuiteRunner.java:330)
at org.testng.SuiteRunnerWorker.runSuite(SuiteRunnerWorker.java:52)
at org.testng.SuiteRunnerWorker.run(SuiteRunnerWorker.java:95)
at org.testng.TestNG.runSuitesSequentially(TestNG.java:1256)
at org.testng.TestNG.runSuitesLocally(TestNG.java:1176)
at org.testng.TestNG.runSuites(TestNG.java:1099)
at org.testng.TestNG.run(TestNG.java:1067)
at org.testng.remote.AbstractRemoteTestNG.run(AbstractRemoteTestNG.java:115)
at org.testng.remote.RemoteTestNG.initAndRun(RemoteTestNG.java:251)
at org.testng.remote.RemoteTestNG.main(RemoteTestNG.java:77)
Caused by: java.util.concurrent.TimeoutException
at java.base/java.util.concurrent.CompletableFuture.timedGet(CompletableFuture.java:1960)
at java.base/java.util.concurrent.CompletableFuture.get(CompletableFuture.java:2095)
at org.asynchttpclient.netty.NettyResponseFuture.get(NettyResponseFuture.java:206)
at org.openqa.selenium.remote.http.netty.NettyHttpHandler.makeCall(NettyHttpHandler.java:59)
... 39 more
]]>
    </failure>
  </testcase> <!-- All_Departments__143 -->
  <testcase classname="All_Departments.All_Department" name="All_Departments__144" time="37.508"/>
  <testcase classname="All_Departments.All_Department" name="All_Departments__145" time="35.678"/>
  <testcase classname="All_Departments.All_Department" name="All_Departments__146" time="27.389"/>
  <testcase classname="All_Departments.All_Department" name="All_Departments__147" time="27.524"/>
  <testcase classname="All_Departments.All_Department" name="All_Departments__148" time="622.926">
    <failure type="org.openqa.selenium.TimeoutException" message="java.util.concurrent.TimeoutException
Build info: version: &amp;apos;4.13.0&amp;apos;, revision: &amp;apos;ba948ece5b*&amp;apos;
System info: os.name: &amp;apos;Windows 11&amp;apos;, os.arch: &amp;apos;amd64&amp;apos;, os.version: &amp;apos;10.0&amp;apos;, java.version: &amp;apos;20&amp;apos;
Driver info: io.appium.java_client.android.AndroidDriver
Command: [6daf69de-5892-44a2-a487-fda06cce27a8, findElement {using=xpath, value=//android.view.ViewGroup[@content-desc=&amp;quot;&amp;quot;]/android.view.ViewGroup[2]/android.widget.TextView}]
Capabilities {appium:UDID: PR7SUSMZKJ79BAUW, appium:app: C:\Users\hp\eclipse-workspa..., appium:appActivity: .MainActivity, appium:appPackage: com.service_desk.onebill, appium:appium.deviceIsAppInBackground: true, appium:autoGrantPermissions: true, appium:automationName: uiautomator2, appium:avdArgs: -no-window, appium:databaseEnabled: false, appium:desired: {UDID: PR7SUSMZKJ79BAUW, app: C:\Users\hp\eclipse-workspa..., appActivity: .MainActivity, appPackage: com.service_desk.onebill, appium.deviceIsAppInBackground: true, autoGrantPermissions: true, automationName: uiautomator2, avdArgs: -no-window, deviceName: Afrid, fastReset: true, fullReset: true, isHeadless: true, platformName: ANDROID, platformVersion: 13.0}, appium:deviceApiLevel: 33, appium:deviceManufacturer: Google, appium:deviceModel: sdk_gphone64_x86_64, appium:deviceName: emulator-5554, appium:deviceScreenDensity: 560, appium:deviceScreenSize: 1440x3120, appium:deviceUDID: emulator-5554, appium:fastReset: true, appium:fullReset: true, appium:isHeadless: true, appium:javascriptEnabled: true, appium:locationContextEnabled: false, appium:networkConnectionEnabled: true, appium:pixelRatio: 3.5, appium:platformVersion: 13, appium:statBarHeight: 84, appium:takesScreenshot: true, appium:viewportRect: {height: 2952, left: 0, top: 84, width: 1440}, appium:warnings: {}, appium:webStorageEnabled: false, platformName: ANDROID}
Session ID: 6daf69de-5892-44a2-a487-fda06cce27a8">
      <![CDATA[org.openqa.selenium.TimeoutException: java.util.concurrent.TimeoutException
Build info: version: '4.13.0', revision: 'ba948ece5b*'
System info: os.name: 'Windows 11', os.arch: 'amd64', os.version: '10.0', java.version: '20'
Driver info: io.appium.java_client.android.AndroidDriver
Command: [6daf69de-5892-44a2-a487-fda06cce27a8, findElement {using=xpath, value=//android.view.ViewGroup[@content-desc=""]/android.view.ViewGroup[2]/android.widget.TextView}]
Capabilities {appium:UDID: PR7SUSMZKJ79BAUW, appium:app: C:\Users\hp\eclipse-workspa..., appium:appActivity: .MainActivity, appium:appPackage: com.service_desk.onebill, appium:appium.deviceIsAppInBackground: true, appium:autoGrantPermissions: true, appium:automationName: uiautomator2, appium:avdArgs: -no-window, appium:databaseEnabled: false, appium:desired: {UDID: PR7SUSMZKJ79BAUW, app: C:\Users\hp\eclipse-workspa..., appActivity: .MainActivity, appPackage: com.service_desk.onebill, appium.deviceIsAppInBackground: true, autoGrantPermissions: true, automationName: uiautomator2, avdArgs: -no-window, deviceName: Afrid, fastReset: true, fullReset: true, isHeadless: true, platformName: ANDROID, platformVersion: 13.0}, appium:deviceApiLevel: 33, appium:deviceManufacturer: Google, appium:deviceModel: sdk_gphone64_x86_64, appium:deviceName: emulator-5554, appium:deviceScreenDensity: 560, appium:deviceScreenSize: 1440x3120, appium:deviceUDID: emulator-5554, appium:fastReset: true, appium:fullReset: true, appium:isHeadless: true, appium:javascriptEnabled: true, appium:locationContextEnabled: false, appium:networkConnectionEnabled: true, appium:pixelRatio: 3.5, appium:platformVersion: 13, appium:statBarHeight: 84, appium:takesScreenshot: true, appium:viewportRect: {height: 2952, left: 0, top: 84, width: 1440}, appium:warnings: {}, appium:webStorageEnabled: false, platformName: ANDROID}
Session ID: 6daf69de-5892-44a2-a487-fda06cce27a8
at org.openqa.selenium.remote.http.netty.NettyHttpHandler.makeCall(NettyHttpHandler.java:65)
at io.appium.java_client.AppiumUserAgentFilter.lambda$apply$0(AppiumUserAgentFilter.java:88)
at org.openqa.selenium.remote.http.Filter.lambda$andFinally$1(Filter.java:55)
at org.openqa.selenium.remote.http.netty.NettyHttpHandler.execute(NettyHttpHandler.java:48)
at org.openqa.selenium.remote.http.netty.NettyClient.execute(NettyClient.java:96)
at org.openqa.selenium.remote.HttpCommandExecutor.execute(HttpCommandExecutor.java:188)
at io.appium.java_client.remote.AppiumCommandExecutor.execute(AppiumCommandExecutor.java:250)
at org.openqa.selenium.remote.RemoteWebDriver.execute(RemoteWebDriver.java:602)
at org.openqa.selenium.remote.ElementLocation$ElementFinder$2.findElement(ElementLocation.java:165)
at org.openqa.selenium.remote.ElementLocation.findElement(ElementLocation.java:59)
at org.openqa.selenium.remote.RemoteWebDriver.findElement(RemoteWebDriver.java:359)
at org.openqa.selenium.remote.RemoteWebDriver.findElement(RemoteWebDriver.java:353)
at Methodsexists.methodsstore.iconbtn(methodsstore.java:760)
at All_Departments.All_Department.All_Departments__148(All_Department.java:1832)
at java.base/jdk.internal.reflect.DirectMethodHandleAccessor.invoke(DirectMethodHandleAccessor.java:104)
at java.base/java.lang.reflect.Method.invoke(Method.java:578)
at org.testng.internal.invokers.MethodInvocationHelper.invokeMethod(MethodInvocationHelper.java:139)
at org.testng.internal.invokers.TestInvoker.invokeMethod(TestInvoker.java:677)
at org.testng.internal.invokers.TestInvoker.invokeTestMethod(TestInvoker.java:221)
at org.testng.internal.invokers.MethodRunner.runInSequence(MethodRunner.java:50)
at org.testng.internal.invokers.TestInvoker$MethodInvocationAgent.invoke(TestInvoker.java:969)
at org.testng.internal.invokers.TestInvoker.invokeTestMethods(TestInvoker.java:194)
at org.testng.internal.invokers.TestMethodWorker.invokeTestMethods(TestMethodWorker.java:148)
at org.testng.internal.invokers.TestMethodWorker.run(TestMethodWorker.java:128)
at java.base/java.util.ArrayList.forEach(ArrayList.java:1511)
at org.testng.TestRunner.privateRun(TestRunner.java:829)
at org.testng.TestRunner.run(TestRunner.java:602)
at org.testng.SuiteRunner.runTest(SuiteRunner.java:437)
at org.testng.SuiteRunner.runSequentially(SuiteRunner.java:431)
at org.testng.SuiteRunner.privateRun(SuiteRunner.java:391)
at org.testng.SuiteRunner.run(SuiteRunner.java:330)
at org.testng.SuiteRunnerWorker.runSuite(SuiteRunnerWorker.java:52)
at org.testng.SuiteRunnerWorker.run(SuiteRunnerWorker.java:95)
at org.testng.TestNG.runSuitesSequentially(TestNG.java:1256)
at org.testng.TestNG.runSuitesLocally(TestNG.java:1176)
at org.testng.TestNG.runSuites(TestNG.java:1099)
at org.testng.TestNG.run(TestNG.java:1067)
at org.testng.remote.AbstractRemoteTestNG.run(AbstractRemoteTestNG.java:115)
at org.testng.remote.RemoteTestNG.initAndRun(RemoteTestNG.java:251)
at org.testng.remote.RemoteTestNG.main(RemoteTestNG.java:77)
Caused by: java.util.concurrent.TimeoutException
at java.base/java.util.concurrent.CompletableFuture.timedGet(CompletableFuture.java:1960)
at java.base/java.util.concurrent.CompletableFuture.get(CompletableFuture.java:2095)
at org.asynchttpclient.netty.NettyResponseFuture.get(NettyResponseFuture.java:206)
at org.openqa.selenium.remote.http.netty.NettyHttpHandler.makeCall(NettyHttpHandler.java:59)
... 39 more
]]>
    </failure>
  </testcase> <!-- All_Departments__148 -->
  <testcase classname="All_Departments.All_Department" name="All_Departments__149" time="481.845">
    <failure type="org.openqa.selenium.WebDriverException" message="An unknown server-side error occurred while processing the command. Original error: Could not proxy command to the remote server. Original error: read ECONNRESET
Build info: version: &amp;apos;4.13.0&amp;apos;, revision: &amp;apos;ba948ece5b*&amp;apos;
System info: os.name: &amp;apos;Windows 11&amp;apos;, os.arch: &amp;apos;amd64&amp;apos;, os.version: &amp;apos;10.0&amp;apos;, java.version: &amp;apos;20&amp;apos;
Driver info: io.appium.java_client.android.AndroidDriver
Command: [5af8c52f-dce9-4bad-ab9c-639fd50a277d, findElement {using=xpath, value=//android.view.ViewGroup[@content-desc=&amp;quot;&amp;quot;]/android.view.ViewGroup[2]/android.widget.TextView}]
Capabilities {appium:UDID: PR7SUSMZKJ79BAUW, appium:app: C:\Users\hp\eclipse-workspa..., appium:appActivity: .MainActivity, appium:appPackage: com.service_desk.onebill, appium:appium.deviceIsAppInBackground: true, appium:autoGrantPermissions: true, appium:automationName: uiautomator2, appium:avdArgs: -no-window, appium:databaseEnabled: false, appium:desired: {UDID: PR7SUSMZKJ79BAUW, app: C:\Users\hp\eclipse-workspa..., appActivity: .MainActivity, appPackage: com.service_desk.onebill, appium.deviceIsAppInBackground: true, autoGrantPermissions: true, automationName: uiautomator2, avdArgs: -no-window, deviceName: Afrid, fastReset: true, fullReset: true, isHeadless: true, platformName: ANDROID, platformVersion: 13.0}, appium:deviceApiLevel: 33, appium:deviceManufacturer: Google, appium:deviceModel: sdk_gphone64_x86_64, appium:deviceName: emulator-5554, appium:deviceScreenDensity: 560, appium:deviceScreenSize: 1440x3120, appium:deviceUDID: emulator-5554, appium:fastReset: true, appium:fullReset: true, appium:isHeadless: true, appium:javascriptEnabled: true, appium:locationContextEnabled: false, appium:networkConnectionEnabled: true, appium:pixelRatio: 3.5, appium:platformVersion: 13, appium:statBarHeight: 84, appium:takesScreenshot: true, appium:viewportRect: {height: 2952, left: 0, top: 84, width: 1440}, appium:warnings: {}, appium:webStorageEnabled: false, platformName: ANDROID}
Session ID: 5af8c52f-dce9-4bad-ab9c-639fd50a277d">
      <![CDATA[org.openqa.selenium.WebDriverException: An unknown server-side error occurred while processing the command. Original error: Could not proxy command to the remote server. Original error: read ECONNRESET
Build info: version: '4.13.0', revision: 'ba948ece5b*'
System info: os.name: 'Windows 11', os.arch: 'amd64', os.version: '10.0', java.version: '20'
Driver info: io.appium.java_client.android.AndroidDriver
Command: [5af8c52f-dce9-4bad-ab9c-639fd50a277d, findElement {using=xpath, value=//android.view.ViewGroup[@content-desc=""]/android.view.ViewGroup[2]/android.widget.TextView}]
Capabilities {appium:UDID: PR7SUSMZKJ79BAUW, appium:app: C:\Users\hp\eclipse-workspa..., appium:appActivity: .MainActivity, appium:appPackage: com.service_desk.onebill, appium:appium.deviceIsAppInBackground: true, appium:autoGrantPermissions: true, appium:automationName: uiautomator2, appium:avdArgs: -no-window, appium:databaseEnabled: false, appium:desired: {UDID: PR7SUSMZKJ79BAUW, app: C:\Users\hp\eclipse-workspa..., appActivity: .MainActivity, appPackage: com.service_desk.onebill, appium.deviceIsAppInBackground: true, autoGrantPermissions: true, automationName: uiautomator2, avdArgs: -no-window, deviceName: Afrid, fastReset: true, fullReset: true, isHeadless: true, platformName: ANDROID, platformVersion: 13.0}, appium:deviceApiLevel: 33, appium:deviceManufacturer: Google, appium:deviceModel: sdk_gphone64_x86_64, appium:deviceName: emulator-5554, appium:deviceScreenDensity: 560, appium:deviceScreenSize: 1440x3120, appium:deviceUDID: emulator-5554, appium:fastReset: true, appium:fullReset: true, appium:isHeadless: true, appium:javascriptEnabled: true, appium:locationContextEnabled: false, appium:networkConnectionEnabled: true, appium:pixelRatio: 3.5, appium:platformVersion: 13, appium:statBarHeight: 84, appium:takesScreenshot: true, appium:viewportRect: {height: 2952, left: 0, top: 84, width: 1440}, appium:warnings: {}, appium:webStorageEnabled: false, platformName: ANDROID}
Session ID: 5af8c52f-dce9-4bad-ab9c-639fd50a277d
at java.base/jdk.internal.reflect.DirectConstructorHandleAccessor.newInstance(DirectConstructorHandleAccessor.java:67)
at java.base/java.lang.reflect.Constructor.newInstanceWithCaller(Constructor.java:500)
at java.base/java.lang.reflect.Constructor.newInstance(Constructor.java:484)
at org.openqa.selenium.remote.codec.w3c.W3CHttpResponseCodec.createException(W3CHttpResponseCodec.java:200)
at org.openqa.selenium.remote.codec.w3c.W3CHttpResponseCodec.decode(W3CHttpResponseCodec.java:133)
at org.openqa.selenium.remote.codec.w3c.W3CHttpResponseCodec.decode(W3CHttpResponseCodec.java:52)
at org.openqa.selenium.remote.HttpCommandExecutor.execute(HttpCommandExecutor.java:191)
at io.appium.java_client.remote.AppiumCommandExecutor.execute(AppiumCommandExecutor.java:250)
at org.openqa.selenium.remote.RemoteWebDriver.execute(RemoteWebDriver.java:602)
at org.openqa.selenium.remote.ElementLocation$ElementFinder$2.findElement(ElementLocation.java:165)
at org.openqa.selenium.remote.ElementLocation.findElement(ElementLocation.java:59)
at org.openqa.selenium.remote.RemoteWebDriver.findElement(RemoteWebDriver.java:359)
at org.openqa.selenium.remote.RemoteWebDriver.findElement(RemoteWebDriver.java:353)
at Methodsexists.methodsstore.iconbtn(methodsstore.java:760)
at All_Departments.All_Department.All_Departments__149(All_Department.java:1846)
at java.base/jdk.internal.reflect.DirectMethodHandleAccessor.invoke(DirectMethodHandleAccessor.java:104)
at java.base/java.lang.reflect.Method.invoke(Method.java:578)
at org.testng.internal.invokers.MethodInvocationHelper.invokeMethod(MethodInvocationHelper.java:139)
at org.testng.internal.invokers.TestInvoker.invokeMethod(TestInvoker.java:677)
at org.testng.internal.invokers.TestInvoker.invokeTestMethod(TestInvoker.java:221)
at org.testng.internal.invokers.MethodRunner.runInSequence(MethodRunner.java:50)
at org.testng.internal.invokers.TestInvoker$MethodInvocationAgent.invoke(TestInvoker.java:969)
at org.testng.internal.invokers.TestInvoker.invokeTestMethods(TestInvoker.java:194)
at org.testng.internal.invokers.TestMethodWorker.invokeTestMethods(TestMethodWorker.java:148)
at org.testng.internal.invokers.TestMethodWorker.run(TestMethodWorker.java:128)
at java.base/java.util.ArrayList.forEach(ArrayList.java:1511)
at org.testng.TestRunner.privateRun(TestRunner.java:829)
at org.testng.TestRunner.run(TestRunner.java:602)
at org.testng.SuiteRunner.runTest(SuiteRunner.java:437)
at org.testng.SuiteRunner.runSequentially(SuiteRunner.java:431)
at org.testng.SuiteRunner.privateRun(SuiteRunner.java:391)
at org.testng.SuiteRunner.run(SuiteRunner.java:330)
at org.testng.SuiteRunnerWorker.runSuite(SuiteRunnerWorker.java:52)
at org.testng.SuiteRunnerWorker.run(SuiteRunnerWorker.java:95)
at org.testng.TestNG.runSuitesSequentially(TestNG.java:1256)
at org.testng.TestNG.runSuitesLocally(TestNG.java:1176)
at org.testng.TestNG.runSuites(TestNG.java:1099)
at org.testng.TestNG.run(TestNG.java:1067)
at org.testng.remote.AbstractRemoteTestNG.run(AbstractRemoteTestNG.java:115)
at org.testng.remote.RemoteTestNG.initAndRun(RemoteTestNG.java:251)
at org.testng.remote.RemoteTestNG.main(RemoteTestNG.java:77)
]]>
    </failure>
  </testcase> <!-- All_Departments__149 -->
  <testcase classname="All_Departments.All_Department" name="All_Departments__150" time="32.765">
    <failure type="org.openqa.selenium.WebDriverException" message="An unknown server-side error occurred while processing the command. Original error: Could not proxy command to the remote server. Original error: read ECONNRESET
Build info: version: &amp;apos;4.13.0&amp;apos;, revision: &amp;apos;ba948ece5b*&amp;apos;
System info: os.name: &amp;apos;Windows 11&amp;apos;, os.arch: &amp;apos;amd64&amp;apos;, os.version: &amp;apos;10.0&amp;apos;, java.version: &amp;apos;20&amp;apos;
Driver info: io.appium.java_client.android.AndroidDriver
Command: [7114fe1c-f4c0-4571-b056-4ce6d9f5180e, findElement {using=xpath, value=//android.view.ViewGroup[@content-desc=&amp;quot;&amp;quot;]/android.view.ViewGroup[2]/android.widget.TextView}]
Capabilities {appium:UDID: PR7SUSMZKJ79BAUW, appium:app: C:\Users\hp\eclipse-workspa..., appium:appActivity: .MainActivity, appium:appPackage: com.service_desk.onebill, appium:appium.deviceIsAppInBackground: true, appium:autoGrantPermissions: true, appium:automationName: uiautomator2, appium:avdArgs: -no-window, appium:databaseEnabled: false, appium:desired: {UDID: PR7SUSMZKJ79BAUW, app: C:\Users\hp\eclipse-workspa..., appActivity: .MainActivity, appPackage: com.service_desk.onebill, appium.deviceIsAppInBackground: true, autoGrantPermissions: true, automationName: uiautomator2, avdArgs: -no-window, deviceName: Afrid, fastReset: true, fullReset: true, isHeadless: true, platformName: ANDROID, platformVersion: 13.0}, appium:deviceApiLevel: 33, appium:deviceManufacturer: Google, appium:deviceModel: sdk_gphone64_x86_64, appium:deviceName: emulator-5554, appium:deviceScreenDensity: 560, appium:deviceScreenSize: 1440x3120, appium:deviceUDID: emulator-5554, appium:fastReset: true, appium:fullReset: true, appium:isHeadless: true, appium:javascriptEnabled: true, appium:locationContextEnabled: false, appium:networkConnectionEnabled: true, appium:pixelRatio: 3.5, appium:platformVersion: 13, appium:statBarHeight: 84, appium:takesScreenshot: true, appium:viewportRect: {height: 2952, left: 0, top: 84, width: 1440}, appium:warnings: {}, appium:webStorageEnabled: false, platformName: ANDROID}
Session ID: 7114fe1c-f4c0-4571-b056-4ce6d9f5180e">
      <![CDATA[org.openqa.selenium.WebDriverException: An unknown server-side error occurred while processing the command. Original error: Could not proxy command to the remote server. Original error: read ECONNRESET
Build info: version: '4.13.0', revision: 'ba948ece5b*'
System info: os.name: 'Windows 11', os.arch: 'amd64', os.version: '10.0', java.version: '20'
Driver info: io.appium.java_client.android.AndroidDriver
Command: [7114fe1c-f4c0-4571-b056-4ce6d9f5180e, findElement {using=xpath, value=//android.view.ViewGroup[@content-desc=""]/android.view.ViewGroup[2]/android.widget.TextView}]
Capabilities {appium:UDID: PR7SUSMZKJ79BAUW, appium:app: C:\Users\hp\eclipse-workspa..., appium:appActivity: .MainActivity, appium:appPackage: com.service_desk.onebill, appium:appium.deviceIsAppInBackground: true, appium:autoGrantPermissions: true, appium:automationName: uiautomator2, appium:avdArgs: -no-window, appium:databaseEnabled: false, appium:desired: {UDID: PR7SUSMZKJ79BAUW, app: C:\Users\hp\eclipse-workspa..., appActivity: .MainActivity, appPackage: com.service_desk.onebill, appium.deviceIsAppInBackground: true, autoGrantPermissions: true, automationName: uiautomator2, avdArgs: -no-window, deviceName: Afrid, fastReset: true, fullReset: true, isHeadless: true, platformName: ANDROID, platformVersion: 13.0}, appium:deviceApiLevel: 33, appium:deviceManufacturer: Google, appium:deviceModel: sdk_gphone64_x86_64, appium:deviceName: emulator-5554, appium:deviceScreenDensity: 560, appium:deviceScreenSize: 1440x3120, appium:deviceUDID: emulator-5554, appium:fastReset: true, appium:fullReset: true, appium:isHeadless: true, appium:javascriptEnabled: true, appium:locationContextEnabled: false, appium:networkConnectionEnabled: true, appium:pixelRatio: 3.5, appium:platformVersion: 13, appium:statBarHeight: 84, appium:takesScreenshot: true, appium:viewportRect: {height: 2952, left: 0, top: 84, width: 1440}, appium:warnings: {}, appium:webStorageEnabled: false, platformName: ANDROID}
Session ID: 7114fe1c-f4c0-4571-b056-4ce6d9f5180e
at java.base/jdk.internal.reflect.DirectConstructorHandleAccessor.newInstance(DirectConstructorHandleAccessor.java:67)
at java.base/java.lang.reflect.Constructor.newInstanceWithCaller(Constructor.java:500)
at java.base/java.lang.reflect.Constructor.newInstance(Constructor.java:484)
at org.openqa.selenium.remote.codec.w3c.W3CHttpResponseCodec.createException(W3CHttpResponseCodec.java:200)
at org.openqa.selenium.remote.codec.w3c.W3CHttpResponseCodec.decode(W3CHttpResponseCodec.java:133)
at org.openqa.selenium.remote.codec.w3c.W3CHttpResponseCodec.decode(W3CHttpResponseCodec.java:52)
at org.openqa.selenium.remote.HttpCommandExecutor.execute(HttpCommandExecutor.java:191)
at io.appium.java_client.remote.AppiumCommandExecutor.execute(AppiumCommandExecutor.java:250)
at org.openqa.selenium.remote.RemoteWebDriver.execute(RemoteWebDriver.java:602)
at org.openqa.selenium.remote.ElementLocation$ElementFinder$2.findElement(ElementLocation.java:165)
at org.openqa.selenium.remote.ElementLocation.findElement(ElementLocation.java:59)
at org.openqa.selenium.remote.RemoteWebDriver.findElement(RemoteWebDriver.java:359)
at org.openqa.selenium.remote.RemoteWebDriver.findElement(RemoteWebDriver.java:353)
at Methodsexists.methodsstore.iconbtn(methodsstore.java:760)
at All_Departments.All_Department.All_Departments__150(All_Department.java:1860)
at java.base/jdk.internal.reflect.DirectMethodHandleAccessor.invoke(DirectMethodHandleAccessor.java:104)
at java.base/java.lang.reflect.Method.invoke(Method.java:578)
at org.testng.internal.invokers.MethodInvocationHelper.invokeMethod(MethodInvocationHelper.java:139)
at org.testng.internal.invokers.TestInvoker.invokeMethod(TestInvoker.java:677)
at org.testng.internal.invokers.TestInvoker.invokeTestMethod(TestInvoker.java:221)
at org.testng.internal.invokers.MethodRunner.runInSequence(MethodRunner.java:50)
at org.testng.internal.invokers.TestInvoker$MethodInvocationAgent.invoke(TestInvoker.java:969)
at org.testng.internal.invokers.TestInvoker.invokeTestMethods(TestInvoker.java:194)
at org.testng.internal.invokers.TestMethodWorker.invokeTestMethods(TestMethodWorker.java:148)
at org.testng.internal.invokers.TestMethodWorker.run(TestMethodWorker.java:128)
at java.base/java.util.ArrayList.forEach(ArrayList.java:1511)
at org.testng.TestRunner.privateRun(TestRunner.java:829)
at org.testng.TestRunner.run(TestRunner.java:602)
at org.testng.SuiteRunner.runTest(SuiteRunner.java:437)
at org.testng.SuiteRunner.runSequentially(SuiteRunner.java:431)
at org.testng.SuiteRunner.privateRun(SuiteRunner.java:391)
at org.testng.SuiteRunner.run(SuiteRunner.java:330)
at org.testng.SuiteRunnerWorker.runSuite(SuiteRunnerWorker.java:52)
at org.testng.SuiteRunnerWorker.run(SuiteRunnerWorker.java:95)
at org.testng.TestNG.runSuitesSequentially(TestNG.java:1256)
at org.testng.TestNG.runSuitesLocally(TestNG.java:1176)
at org.testng.TestNG.runSuites(TestNG.java:1099)
at org.testng.TestNG.run(TestNG.java:1067)
at org.testng.remote.AbstractRemoteTestNG.run(AbstractRemoteTestNG.java:115)
at org.testng.remote.RemoteTestNG.initAndRun(RemoteTestNG.java:251)
at org.testng.remote.RemoteTestNG.main(RemoteTestNG.java:77)
]]>
    </failure>
  </testcase> <!-- All_Departments__150 -->
  <testcase classname="All_Departments.All_Department" name="All_Departments__151" time="26.23">
    <failure type="org.openqa.selenium.WebDriverException" message="An unknown server-side error occurred while processing the command. Original error: Could not proxy command to the remote server. Original error: read ECONNRESET
Build info: version: &amp;apos;4.13.0&amp;apos;, revision: &amp;apos;ba948ece5b*&amp;apos;
System info: os.name: &amp;apos;Windows 11&amp;apos;, os.arch: &amp;apos;amd64&amp;apos;, os.version: &amp;apos;10.0&amp;apos;, java.version: &amp;apos;20&amp;apos;
Driver info: io.appium.java_client.android.AndroidDriver
Command: [03a9c5a2-6b97-410f-a34e-8bfb2947dec6, findElement {using=xpath, value=//android.view.ViewGroup[@content-desc=&amp;quot;&amp;quot;]/android.view.ViewGroup[2]/android.widget.TextView}]
Capabilities {appium:UDID: PR7SUSMZKJ79BAUW, appium:app: C:\Users\hp\eclipse-workspa..., appium:appActivity: .MainActivity, appium:appPackage: com.service_desk.onebill, appium:appium.deviceIsAppInBackground: true, appium:autoGrantPermissions: true, appium:automationName: uiautomator2, appium:avdArgs: -no-window, appium:databaseEnabled: false, appium:desired: {UDID: PR7SUSMZKJ79BAUW, app: C:\Users\hp\eclipse-workspa..., appActivity: .MainActivity, appPackage: com.service_desk.onebill, appium.deviceIsAppInBackground: true, autoGrantPermissions: true, automationName: uiautomator2, avdArgs: -no-window, deviceName: Afrid, fastReset: true, fullReset: true, isHeadless: true, platformName: ANDROID, platformVersion: 13.0}, appium:deviceApiLevel: 33, appium:deviceManufacturer: Google, appium:deviceModel: sdk_gphone64_x86_64, appium:deviceName: emulator-5554, appium:deviceScreenDensity: 560, appium:deviceScreenSize: 1440x3120, appium:deviceUDID: emulator-5554, appium:fastReset: true, appium:fullReset: true, appium:isHeadless: true, appium:javascriptEnabled: true, appium:locationContextEnabled: false, appium:networkConnectionEnabled: true, appium:pixelRatio: 3.5, appium:platformVersion: 13, appium:statBarHeight: 84, appium:takesScreenshot: true, appium:viewportRect: {height: 2952, left: 0, top: 84, width: 1440}, appium:warnings: {}, appium:webStorageEnabled: false, platformName: ANDROID}
Session ID: 03a9c5a2-6b97-410f-a34e-8bfb2947dec6">
      <![CDATA[org.openqa.selenium.WebDriverException: An unknown server-side error occurred while processing the command. Original error: Could not proxy command to the remote server. Original error: read ECONNRESET
Build info: version: '4.13.0', revision: 'ba948ece5b*'
System info: os.name: 'Windows 11', os.arch: 'amd64', os.version: '10.0', java.version: '20'
Driver info: io.appium.java_client.android.AndroidDriver
Command: [03a9c5a2-6b97-410f-a34e-8bfb2947dec6, findElement {using=xpath, value=//android.view.ViewGroup[@content-desc=""]/android.view.ViewGroup[2]/android.widget.TextView}]
Capabilities {appium:UDID: PR7SUSMZKJ79BAUW, appium:app: C:\Users\hp\eclipse-workspa..., appium:appActivity: .MainActivity, appium:appPackage: com.service_desk.onebill, appium:appium.deviceIsAppInBackground: true, appium:autoGrantPermissions: true, appium:automationName: uiautomator2, appium:avdArgs: -no-window, appium:databaseEnabled: false, appium:desired: {UDID: PR7SUSMZKJ79BAUW, app: C:\Users\hp\eclipse-workspa..., appActivity: .MainActivity, appPackage: com.service_desk.onebill, appium.deviceIsAppInBackground: true, autoGrantPermissions: true, automationName: uiautomator2, avdArgs: -no-window, deviceName: Afrid, fastReset: true, fullReset: true, isHeadless: true, platformName: ANDROID, platformVersion: 13.0}, appium:deviceApiLevel: 33, appium:deviceManufacturer: Google, appium:deviceModel: sdk_gphone64_x86_64, appium:deviceName: emulator-5554, appium:deviceScreenDensity: 560, appium:deviceScreenSize: 1440x3120, appium:deviceUDID: emulator-5554, appium:fastReset: true, appium:fullReset: true, appium:isHeadless: true, appium:javascriptEnabled: true, appium:locationContextEnabled: false, appium:networkConnectionEnabled: true, appium:pixelRatio: 3.5, appium:platformVersion: 13, appium:statBarHeight: 84, appium:takesScreenshot: true, appium:viewportRect: {height: 2952, left: 0, top: 84, width: 1440}, appium:warnings: {}, appium:webStorageEnabled: false, platformName: ANDROID}
Session ID: 03a9c5a2-6b97-410f-a34e-8bfb2947dec6
at java.base/jdk.internal.reflect.DirectConstructorHandleAccessor.newInstance(DirectConstructorHandleAccessor.java:67)
at java.base/java.lang.reflect.Constructor.newInstanceWithCaller(Constructor.java:500)
at java.base/java.lang.reflect.Constructor.newInstance(Constructor.java:484)
at org.openqa.selenium.remote.codec.w3c.W3CHttpResponseCodec.createException(W3CHttpResponseCodec.java:200)
at org.openqa.selenium.remote.codec.w3c.W3CHttpResponseCodec.decode(W3CHttpResponseCodec.java:133)
at org.openqa.selenium.remote.codec.w3c.W3CHttpResponseCodec.decode(W3CHttpResponseCodec.java:52)
at org.openqa.selenium.remote.HttpCommandExecutor.execute(HttpCommandExecutor.java:191)
at io.appium.java_client.remote.AppiumCommandExecutor.execute(AppiumCommandExecutor.java:250)
at org.openqa.selenium.remote.RemoteWebDriver.execute(RemoteWebDriver.java:602)
at org.openqa.selenium.remote.ElementLocation$ElementFinder$2.findElement(ElementLocation.java:165)
at org.openqa.selenium.remote.ElementLocation.findElement(ElementLocation.java:59)
at org.openqa.selenium.remote.RemoteWebDriver.findElement(RemoteWebDriver.java:359)
at org.openqa.selenium.remote.RemoteWebDriver.findElement(RemoteWebDriver.java:353)
at Methodsexists.methodsstore.iconbtn(methodsstore.java:760)
at All_Departments.All_Department.All_Departments__151(All_Department.java:1875)
at java.base/jdk.internal.reflect.DirectMethodHandleAccessor.invoke(DirectMethodHandleAccessor.java:104)
at java.base/java.lang.reflect.Method.invoke(Method.java:578)
at org.testng.internal.invokers.MethodInvocationHelper.invokeMethod(MethodInvocationHelper.java:139)
at org.testng.internal.invokers.TestInvoker.invokeMethod(TestInvoker.java:677)
at org.testng.internal.invokers.TestInvoker.invokeTestMethod(TestInvoker.java:221)
at org.testng.internal.invokers.MethodRunner.runInSequence(MethodRunner.java:50)
at org.testng.internal.invokers.TestInvoker$MethodInvocationAgent.invoke(TestInvoker.java:969)
at org.testng.internal.invokers.TestInvoker.invokeTestMethods(TestInvoker.java:194)
at org.testng.internal.invokers.TestMethodWorker.invokeTestMethods(TestMethodWorker.java:148)
at org.testng.internal.invokers.TestMethodWorker.run(TestMethodWorker.java:128)
at java.base/java.util.ArrayList.forEach(ArrayList.java:1511)
at org.testng.TestRunner.privateRun(TestRunner.java:829)
at org.testng.TestRunner.run(TestRunner.java:602)
at org.testng.SuiteRunner.runTest(SuiteRunner.java:437)
at org.testng.SuiteRunner.runSequentially(SuiteRunner.java:431)
at org.testng.SuiteRunner.privateRun(SuiteRunner.java:391)
at org.testng.SuiteRunner.run(SuiteRunner.java:330)
at org.testng.SuiteRunnerWorker.runSuite(SuiteRunnerWorker.java:52)
at org.testng.SuiteRunnerWorker.run(SuiteRunnerWorker.java:95)
at org.testng.TestNG.runSuitesSequentially(TestNG.java:1256)
at org.testng.TestNG.runSuitesLocally(TestNG.java:1176)
at org.testng.TestNG.runSuites(TestNG.java:1099)
at org.testng.TestNG.run(TestNG.java:1067)
at org.testng.remote.AbstractRemoteTestNG.run(AbstractRemoteTestNG.java:115)
at org.testng.remote.RemoteTestNG.initAndRun(RemoteTestNG.java:251)
at org.testng.remote.RemoteTestNG.main(RemoteTestNG.java:77)
]]>
    </failure>
  </testcase> <!-- All_Departments__151 -->
  <testcase classname="All_Departments.All_Department" name="All_Departments__152" time="0.001">
    <skipped/>
  </testcase> <!-- All_Departments__152 -->
  <testcase classname="All_Departments.All_Department" name="All_Departments__153" time="0.0">
    <skipped/>
  </testcase> <!-- All_Departments__153 -->
  <testcase classname="All_Departments.All_Department" name="All_Departments__154" time="0.0">
    <skipped/>
  </testcase> <!-- All_Departments__154 -->
  <testcase classname="All_Departments.All_Department" name="All_Departments__155" time="0.0">
    <skipped/>
  </testcase> <!-- All_Departments__155 -->
  <testcase classname="All_Departments.All_Department" name="All_Departments__156" time="0.0">
    <skipped/>
  </testcase> <!-- All_Departments__156 -->
  <testcase classname="All_Departments.All_Department" name="All_Departments__157" time="0.0">
    <skipped/>
  </testcase> <!-- All_Departments__157 -->
  <testcase classname="All_Departments.All_Department" name="All_Departments__158" time="0.0">
    <skipped/>
  </testcase> <!-- All_Departments__158 -->
  <testcase classname="All_Departments.All_Department" name="All_Departments__159" time="0.0">
    <skipped/>
  </testcase> <!-- All_Departments__159 -->
  <testcase classname="All_Departments.All_Department" name="All_Departments__160" time="0.0">
    <skipped/>
  </testcase> <!-- All_Departments__160 -->
  <testcase classname="All_Departments.All_Department" name="All_Departments__161" time="0.0">
    <skipped/>
  </testcase> <!-- All_Departments__161 -->
  <testcase classname="All_Departments.All_Department" name="All_Departments__162" time="0.0">
    <skipped/>
  </testcase> <!-- All_Departments__162 -->
  <testcase classname="All_Departments.All_Department" name="All_Departments__163" time="0.0">
    <skipped/>
  </testcase> <!-- All_Departments__163 -->
  <testcase classname="All_Departments.All_Department" name="All_Departments__164" time="0.0">
    <skipped/>
  </testcase> <!-- All_Departments__164 -->
  <testcase classname="All_Departments.All_Department" name="All_Departments__165" time="0.0">
    <skipped/>
  </testcase> <!-- All_Departments__165 -->
  <testcase classname="All_Departments.All_Department" name="All_Departments__166" time="0.0">
    <skipped/>
  </testcase> <!-- All_Departments__166 -->
  <testcase classname="All_Departments.All_Department" name="All_Departments__167" time="0.0">
    <skipped/>
  </testcase> <!-- All_Departments__167 -->
  <testcase classname="All_Departments.All_Department" name="All_Departments__168" time="0.0">
    <skipped/>
  </testcase> <!-- All_Departments__168 -->
  <testcase classname="All_Departments.All_Department" name="All_Departments__169" time="0.0">
    <skipped/>
  </testcase> <!-- All_Departments__169 -->
  <testcase classname="All_Departments.All_Department" name="All_Departments__171" time="0.0">
    <skipped/>
  </testcase> <!-- All_Departments__171 -->
  <testcase classname="All_Departments.All_Department" name="All_Departments__172" time="0.0">
    <skipped/>
  </testcase> <!-- All_Departments__172 -->
  <testcase classname="All_Departments.All_Department" name="All_Departments__173" time="0.0">
    <skipped/>
  </testcase> <!-- All_Departments__173 -->
  <testcase classname="All_Departments.All_Department" name="All_Departments__174" time="0.0">
    <skipped/>
  </testcase> <!-- All_Departments__174 -->
  <testcase classname="All_Departments.All_Department" name="All_Departments__175" time="0.0">
    <skipped/>
  </testcase> <!-- All_Departments__175 -->
  <testcase classname="All_Departments.All_Department" name="All_Departments__40" time="0.0">
    <skipped/>
  </testcase> <!-- All_Departments__40 -->
</testsuite> <!-- Default test -->
