<?xml version="1.0" encoding="UTF-8"?>
<testng-results ignored="0" total="152" passed="122" failed="6" skipped="24">
  <reporter-output>
  </reporter-output>
  <suite started-at="2023-11-27T10:54:44 IST" name="Default suite" finished-at="2023-11-27T13:21:04 IST" duration-ms="8779552">
    <groups>
    </groups>
    <test started-at="2023-11-27T10:54:44 IST" name="Default test" finished-at="2023-11-27T13:21:04 IST" duration-ms="8779552">
      <class name="All_Departments.All_Department">
        <test-method is-config="true" signature="Emulatorcapabilities()[pri:0, instance:All_Departments.All_Department@791f145a]" started-at="2023-11-27T10:54:44 IST" name="Emulatorcapabilities" finished-at="2023-11-27T10:55:03 IST" duration-ms="18933" status="PASS">
          <reporter-output>
          </reporter-output>
        </test-method> <!-- Emulatorcapabilities -->
        <test-method signature="All_Departments__001()[pri:0, instance:All_Departments.All_Department@791f145a]" started-at="2023-11-27T10:55:03 IST" name="All_Departments__001" finished-at="2023-11-27T10:55:21 IST" duration-ms="17450" status="PASS">
          <reporter-output>
          </reporter-output>
        </test-method> <!-- All_Departments__001 -->
        <test-method is-config="true" signature="closeapp()[pri:0, instance:All_Departments.All_Department@791f145a]" started-at="2023-11-27T10:55:21 IST" name="closeapp" finished-at="2023-11-27T10:55:22 IST" duration-ms="1732" status="PASS">
          <reporter-output>
          </reporter-output>
        </test-method> <!-- closeapp -->
        <test-method is-config="true" signature="Emulatorcapabilities()[pri:0, instance:All_Departments.All_Department@791f145a]" started-at="2023-11-27T10:55:22 IST" name="Emulatorcapabilities" finished-at="2023-11-27T10:55:40 IST" duration-ms="17695" status="PASS">
          <reporter-output>
          </reporter-output>
        </test-method> <!-- Emulatorcapabilities -->
        <test-method signature="All_Departments__002()[pri:0, instance:All_Departments.All_Department@791f145a]" started-at="2023-11-27T10:55:40 IST" name="All_Departments__002" finished-at="2023-11-27T10:55:58 IST" duration-ms="18137" status="PASS">
          <reporter-output>
          </reporter-output>
        </test-method> <!-- All_Departments__002 -->
        <test-method is-config="true" signature="closeapp()[pri:0, instance:All_Departments.All_Department@791f145a]" started-at="2023-11-27T10:55:58 IST" name="closeapp" finished-at="2023-11-27T10:56:00 IST" duration-ms="1887" status="PASS">
          <reporter-output>
          </reporter-output>
        </test-method> <!-- closeapp -->
        <test-method is-config="true" signature="Emulatorcapabilities()[pri:0, instance:All_Departments.All_Department@791f145a]" started-at="2023-11-27T10:56:00 IST" name="Emulatorcapabilities" finished-at="2023-11-27T10:56:17 IST" duration-ms="16388" status="PASS">
          <reporter-output>
          </reporter-output>
        </test-method> <!-- Emulatorcapabilities -->
        <test-method signature="All_Departments__004()[pri:0, instance:All_Departments.All_Department@791f145a]" started-at="2023-11-27T10:56:17 IST" name="All_Departments__004" finished-at="2023-11-27T10:56:41 IST" duration-ms="24825" status="PASS">
          <reporter-output>
          </reporter-output>
        </test-method> <!-- All_Departments__004 -->
        <test-method is-config="true" signature="closeapp()[pri:0, instance:All_Departments.All_Department@791f145a]" started-at="2023-11-27T10:56:41 IST" name="closeapp" finished-at="2023-11-27T10:56:43 IST" duration-ms="1272" status="PASS">
          <reporter-output>
          </reporter-output>
        </test-method> <!-- closeapp -->
        <test-method is-config="true" signature="Emulatorcapabilities()[pri:0, instance:All_Departments.All_Department@791f145a]" started-at="2023-11-27T10:56:43 IST" name="Emulatorcapabilities" finished-at="2023-11-27T10:56:57 IST" duration-ms="14478" status="PASS">
          <reporter-output>
          </reporter-output>
        </test-method> <!-- Emulatorcapabilities -->
        <test-method signature="All_Departments__005()[pri:0, instance:All_Departments.All_Department@791f145a]" started-at="2023-11-27T10:56:57 IST" name="All_Departments__005" finished-at="2023-11-27T10:57:15 IST" duration-ms="18084" status="PASS">
          <reporter-output>
          </reporter-output>
        </test-method> <!-- All_Departments__005 -->
        <test-method is-config="true" signature="closeapp()[pri:0, instance:All_Departments.All_Department@791f145a]" started-at="2023-11-27T10:57:15 IST" name="closeapp" finished-at="2023-11-27T10:57:17 IST" duration-ms="1306" status="PASS">
          <reporter-output>
          </reporter-output>
        </test-method> <!-- closeapp -->
        <test-method is-config="true" signature="Emulatorcapabilities()[pri:0, instance:All_Departments.All_Department@791f145a]" started-at="2023-11-27T10:57:17 IST" name="Emulatorcapabilities" finished-at="2023-11-27T10:57:32 IST" duration-ms="14997" status="PASS">
          <reporter-output>
          </reporter-output>
        </test-method> <!-- Emulatorcapabilities -->
        <test-method signature="All_Departments__006()[pri:0, instance:All_Departments.All_Department@791f145a]" started-at="2023-11-27T10:57:32 IST" name="All_Departments__006" finished-at="2023-11-27T10:57:54 IST" duration-ms="22888" status="PASS">
          <reporter-output>
          </reporter-output>
        </test-method> <!-- All_Departments__006 -->
        <test-method is-config="true" signature="closeapp()[pri:0, instance:All_Departments.All_Department@791f145a]" started-at="2023-11-27T10:57:54 IST" name="closeapp" finished-at="2023-11-27T10:57:56 IST" duration-ms="1522" status="PASS">
          <reporter-output>
          </reporter-output>
        </test-method> <!-- closeapp -->
        <test-method is-config="true" signature="Emulatorcapabilities()[pri:0, instance:All_Departments.All_Department@791f145a]" started-at="2023-11-27T10:57:56 IST" name="Emulatorcapabilities" finished-at="2023-11-27T10:58:11 IST" duration-ms="14596" status="PASS">
          <reporter-output>
          </reporter-output>
        </test-method> <!-- Emulatorcapabilities -->
        <test-method signature="All_Departments__007()[pri:0, instance:All_Departments.All_Department@791f145a]" started-at="2023-11-27T10:58:11 IST" name="All_Departments__007" finished-at="2023-11-27T10:58:36 IST" duration-ms="25287" status="PASS">
          <reporter-output>
          </reporter-output>
        </test-method> <!-- All_Departments__007 -->
        <test-method is-config="true" signature="closeapp()[pri:0, instance:All_Departments.All_Department@791f145a]" started-at="2023-11-27T10:58:36 IST" name="closeapp" finished-at="2023-11-27T10:58:37 IST" duration-ms="1399" status="PASS">
          <reporter-output>
          </reporter-output>
        </test-method> <!-- closeapp -->
        <test-method is-config="true" signature="Emulatorcapabilities()[pri:0, instance:All_Departments.All_Department@791f145a]" started-at="2023-11-27T10:58:37 IST" name="Emulatorcapabilities" finished-at="2023-11-27T10:58:52 IST" duration-ms="14981" status="PASS">
          <reporter-output>
          </reporter-output>
        </test-method> <!-- Emulatorcapabilities -->
        <test-method signature="All_Departments__008()[pri:0, instance:All_Departments.All_Department@791f145a]" started-at="2023-11-27T10:58:52 IST" name="All_Departments__008" finished-at="2023-11-27T10:59:15 IST" duration-ms="22970" status="PASS">
          <reporter-output>
          </reporter-output>
        </test-method> <!-- All_Departments__008 -->
        <test-method is-config="true" signature="closeapp()[pri:0, instance:All_Departments.All_Department@791f145a]" started-at="2023-11-27T10:59:15 IST" name="closeapp" finished-at="2023-11-27T10:59:17 IST" duration-ms="1517" status="PASS">
          <reporter-output>
          </reporter-output>
        </test-method> <!-- closeapp -->
        <test-method is-config="true" signature="Emulatorcapabilities()[pri:0, instance:All_Departments.All_Department@791f145a]" started-at="2023-11-27T10:59:17 IST" name="Emulatorcapabilities" finished-at="2023-11-27T10:59:32 IST" duration-ms="15645" status="PASS">
          <reporter-output>
          </reporter-output>
        </test-method> <!-- Emulatorcapabilities -->
        <test-method signature="All_Departments__009()[pri:0, instance:All_Departments.All_Department@791f145a]" started-at="2023-11-27T10:59:32 IST" name="All_Departments__009" finished-at="2023-11-27T10:59:51 IST" duration-ms="19074" status="PASS">
          <reporter-output>
          </reporter-output>
        </test-method> <!-- All_Departments__009 -->
        <test-method is-config="true" signature="closeapp()[pri:0, instance:All_Departments.All_Department@791f145a]" started-at="2023-11-27T10:59:51 IST" name="closeapp" finished-at="2023-11-27T10:59:53 IST" duration-ms="1388" status="PASS">
          <reporter-output>
          </reporter-output>
        </test-method> <!-- closeapp -->
        <test-method is-config="true" signature="Emulatorcapabilities()[pri:0, instance:All_Departments.All_Department@791f145a]" started-at="2023-11-27T10:59:53 IST" name="Emulatorcapabilities" finished-at="2023-11-27T11:00:06 IST" duration-ms="13541" status="PASS">
          <reporter-output>
          </reporter-output>
        </test-method> <!-- Emulatorcapabilities -->
        <test-method signature="All_Departments__010()[pri:0, instance:All_Departments.All_Department@791f145a]" started-at="2023-11-27T11:00:06 IST" name="All_Departments__010" finished-at="2023-11-27T11:00:28 IST" duration-ms="21451" status="PASS">
          <reporter-output>
          </reporter-output>
        </test-method> <!-- All_Departments__010 -->
        <test-method is-config="true" signature="closeapp()[pri:0, instance:All_Departments.All_Department@791f145a]" started-at="2023-11-27T11:00:28 IST" name="closeapp" finished-at="2023-11-27T11:00:29 IST" duration-ms="1506" status="PASS">
          <reporter-output>
          </reporter-output>
        </test-method> <!-- closeapp -->
        <test-method is-config="true" signature="Emulatorcapabilities()[pri:0, instance:All_Departments.All_Department@791f145a]" started-at="2023-11-27T11:00:29 IST" name="Emulatorcapabilities" finished-at="2023-11-27T11:00:44 IST" duration-ms="15148" status="PASS">
          <reporter-output>
          </reporter-output>
        </test-method> <!-- Emulatorcapabilities -->
        <test-method signature="All_Departments__011()[pri:0, instance:All_Departments.All_Department@791f145a]" started-at="2023-11-27T11:00:44 IST" name="All_Departments__011" finished-at="2023-11-27T11:01:15 IST" duration-ms="30123" status="PASS">
          <reporter-output>
          </reporter-output>
        </test-method> <!-- All_Departments__011 -->
        <test-method is-config="true" signature="closeapp()[pri:0, instance:All_Departments.All_Department@791f145a]" started-at="2023-11-27T11:01:15 IST" name="closeapp" finished-at="2023-11-27T11:01:16 IST" duration-ms="1822" status="PASS">
          <reporter-output>
          </reporter-output>
        </test-method> <!-- closeapp -->
        <test-method is-config="true" signature="Emulatorcapabilities()[pri:0, instance:All_Departments.All_Department@791f145a]" started-at="2023-11-27T11:01:16 IST" name="Emulatorcapabilities" finished-at="2023-11-27T11:01:33 IST" duration-ms="16813" status="PASS">
          <reporter-output>
          </reporter-output>
        </test-method> <!-- Emulatorcapabilities -->
        <test-method signature="All_Departments__012()[pri:0, instance:All_Departments.All_Department@791f145a]" started-at="2023-11-27T11:01:33 IST" name="All_Departments__012" finished-at="2023-11-27T11:01:59 IST" duration-ms="25477" status="PASS">
          <reporter-output>
          </reporter-output>
        </test-method> <!-- All_Departments__012 -->
        <test-method is-config="true" signature="closeapp()[pri:0, instance:All_Departments.All_Department@791f145a]" started-at="2023-11-27T11:01:59 IST" name="closeapp" finished-at="2023-11-27T11:02:00 IST" duration-ms="1517" status="PASS">
          <reporter-output>
          </reporter-output>
        </test-method> <!-- closeapp -->
        <test-method is-config="true" signature="Emulatorcapabilities()[pri:0, instance:All_Departments.All_Department@791f145a]" started-at="2023-11-27T11:02:00 IST" name="Emulatorcapabilities" finished-at="2023-11-27T11:02:15 IST" duration-ms="15048" status="PASS">
          <reporter-output>
          </reporter-output>
        </test-method> <!-- Emulatorcapabilities -->
        <test-method signature="All_Departments__013()[pri:0, instance:All_Departments.All_Department@791f145a]" started-at="2023-11-27T11:02:15 IST" name="All_Departments__013" finished-at="2023-11-27T11:02:38 IST" duration-ms="22443" status="PASS">
          <reporter-output>
          </reporter-output>
        </test-method> <!-- All_Departments__013 -->
        <test-method is-config="true" signature="closeapp()[pri:0, instance:All_Departments.All_Department@791f145a]" started-at="2023-11-27T11:02:38 IST" name="closeapp" finished-at="2023-11-27T11:02:39 IST" duration-ms="1532" status="PASS">
          <reporter-output>
          </reporter-output>
        </test-method> <!-- closeapp -->
        <test-method is-config="true" signature="Emulatorcapabilities()[pri:0, instance:All_Departments.All_Department@791f145a]" started-at="2023-11-27T11:02:39 IST" name="Emulatorcapabilities" finished-at="2023-11-27T11:02:54 IST" duration-ms="14451" status="PASS">
          <reporter-output>
          </reporter-output>
        </test-method> <!-- Emulatorcapabilities -->
        <test-method signature="All_Departments__014()[pri:0, instance:All_Departments.All_Department@791f145a]" started-at="2023-11-27T11:02:54 IST" name="All_Departments__014" finished-at="2023-11-27T11:03:18 IST" duration-ms="23793" status="PASS">
          <reporter-output>
          </reporter-output>
        </test-method> <!-- All_Departments__014 -->
        <test-method is-config="true" signature="closeapp()[pri:0, instance:All_Departments.All_Department@791f145a]" started-at="2023-11-27T11:03:18 IST" name="closeapp" finished-at="2023-11-27T11:03:19 IST" duration-ms="1405" status="PASS">
          <reporter-output>
          </reporter-output>
        </test-method> <!-- closeapp -->
        <test-method is-config="true" signature="Emulatorcapabilities()[pri:0, instance:All_Departments.All_Department@791f145a]" started-at="2023-11-27T11:03:19 IST" name="Emulatorcapabilities" finished-at="2023-11-27T11:03:33 IST" duration-ms="14499" status="PASS">
          <reporter-output>
          </reporter-output>
        </test-method> <!-- Emulatorcapabilities -->
        <test-method signature="All_Departments__015()[pri:0, instance:All_Departments.All_Department@791f145a]" started-at="2023-11-27T11:03:33 IST" name="All_Departments__015" finished-at="2023-11-27T11:03:56 IST" duration-ms="22740" status="PASS">
          <reporter-output>
          </reporter-output>
        </test-method> <!-- All_Departments__015 -->
        <test-method is-config="true" signature="closeapp()[pri:0, instance:All_Departments.All_Department@791f145a]" started-at="2023-11-27T11:03:56 IST" name="closeapp" finished-at="2023-11-27T11:03:58 IST" duration-ms="1344" status="PASS">
          <reporter-output>
          </reporter-output>
        </test-method> <!-- closeapp -->
        <test-method is-config="true" signature="Emulatorcapabilities()[pri:0, instance:All_Departments.All_Department@791f145a]" started-at="2023-11-27T11:03:58 IST" name="Emulatorcapabilities" finished-at="2023-11-27T11:04:12 IST" duration-ms="14504" status="PASS">
          <reporter-output>
          </reporter-output>
        </test-method> <!-- Emulatorcapabilities -->
        <test-method signature="All_Departments__022()[pri:0, instance:All_Departments.All_Department@791f145a]" started-at="2023-11-27T11:04:12 IST" name="All_Departments__022" finished-at="2023-11-27T11:04:37 IST" duration-ms="25062" status="PASS">
          <reporter-output>
          </reporter-output>
        </test-method> <!-- All_Departments__022 -->
        <test-method is-config="true" signature="closeapp()[pri:0, instance:All_Departments.All_Department@791f145a]" started-at="2023-11-27T11:04:37 IST" name="closeapp" finished-at="2023-11-27T11:04:39 IST" duration-ms="1950" status="PASS">
          <reporter-output>
          </reporter-output>
        </test-method> <!-- closeapp -->
        <test-method is-config="true" signature="Emulatorcapabilities()[pri:0, instance:All_Departments.All_Department@791f145a]" started-at="2023-11-27T11:04:39 IST" name="Emulatorcapabilities" finished-at="2023-11-27T11:04:54 IST" duration-ms="15458" status="PASS">
          <reporter-output>
          </reporter-output>
        </test-method> <!-- Emulatorcapabilities -->
        <test-method signature="All_Departments__024()[pri:0, instance:All_Departments.All_Department@791f145a]" started-at="2023-11-27T11:04:54 IST" name="All_Departments__024" finished-at="2023-11-27T11:05:18 IST" duration-ms="23809" status="PASS">
          <reporter-output>
          </reporter-output>
        </test-method> <!-- All_Departments__024 -->
        <test-method is-config="true" signature="closeapp()[pri:0, instance:All_Departments.All_Department@791f145a]" started-at="2023-11-27T11:05:18 IST" name="closeapp" finished-at="2023-11-27T11:05:20 IST" duration-ms="1475" status="PASS">
          <reporter-output>
          </reporter-output>
        </test-method> <!-- closeapp -->
        <test-method is-config="true" signature="Emulatorcapabilities()[pri:0, instance:All_Departments.All_Department@791f145a]" started-at="2023-11-27T11:05:20 IST" name="Emulatorcapabilities" finished-at="2023-11-27T11:05:35 IST" duration-ms="14715" status="PASS">
          <reporter-output>
          </reporter-output>
        </test-method> <!-- Emulatorcapabilities -->
        <test-method signature="All_Departments__026()[pri:0, instance:All_Departments.All_Department@791f145a]" started-at="2023-11-27T11:05:35 IST" name="All_Departments__026" finished-at="2023-11-27T11:05:57 IST" duration-ms="22735" status="PASS">
          <reporter-output>
          </reporter-output>
        </test-method> <!-- All_Departments__026 -->
        <test-method is-config="true" signature="closeapp()[pri:0, instance:All_Departments.All_Department@791f145a]" started-at="2023-11-27T11:05:57 IST" name="closeapp" finished-at="2023-11-27T11:06:00 IST" duration-ms="2242" status="PASS">
          <reporter-output>
          </reporter-output>
        </test-method> <!-- closeapp -->
        <test-method is-config="true" signature="Emulatorcapabilities()[pri:0, instance:All_Departments.All_Department@791f145a]" started-at="2023-11-27T11:06:00 IST" name="Emulatorcapabilities" finished-at="2023-11-27T11:06:19 IST" duration-ms="19119" status="PASS">
          <reporter-output>
          </reporter-output>
        </test-method> <!-- Emulatorcapabilities -->
        <test-method signature="All_Departments__032()[pri:0, instance:All_Departments.All_Department@791f145a]" started-at="2023-11-27T11:06:19 IST" name="All_Departments__032" finished-at="2023-11-27T11:06:57 IST" duration-ms="37907" status="PASS">
          <reporter-output>
          </reporter-output>
        </test-method> <!-- All_Departments__032 -->
        <test-method is-config="true" signature="closeapp()[pri:0, instance:All_Departments.All_Department@791f145a]" started-at="2023-11-27T11:06:57 IST" name="closeapp" finished-at="2023-11-27T11:06:58 IST" duration-ms="1514" status="PASS">
          <reporter-output>
          </reporter-output>
        </test-method> <!-- closeapp -->
        <test-method is-config="true" signature="Emulatorcapabilities()[pri:0, instance:All_Departments.All_Department@791f145a]" started-at="2023-11-27T11:06:58 IST" name="Emulatorcapabilities" finished-at="2023-11-27T11:07:17 IST" duration-ms="19328" status="PASS">
          <reporter-output>
          </reporter-output>
        </test-method> <!-- Emulatorcapabilities -->
        <test-method signature="All_Departments__033()[pri:0, instance:All_Departments.All_Department@791f145a]" started-at="2023-11-27T11:07:17 IST" name="All_Departments__033" finished-at="2023-11-27T11:07:44 IST" duration-ms="26613" status="PASS">
          <reporter-output>
          </reporter-output>
        </test-method> <!-- All_Departments__033 -->
        <test-method is-config="true" signature="closeapp()[pri:0, instance:All_Departments.All_Department@791f145a]" started-at="2023-11-27T11:07:44 IST" name="closeapp" finished-at="2023-11-27T11:07:46 IST" duration-ms="1830" status="PASS">
          <reporter-output>
          </reporter-output>
        </test-method> <!-- closeapp -->
        <test-method is-config="true" signature="Emulatorcapabilities()[pri:0, instance:All_Departments.All_Department@791f145a]" started-at="2023-11-27T11:07:46 IST" name="Emulatorcapabilities" finished-at="2023-11-27T11:08:04 IST" duration-ms="18428" status="PASS">
          <reporter-output>
          </reporter-output>
        </test-method> <!-- Emulatorcapabilities -->
        <test-method signature="All_Departments__037()[pri:0, instance:All_Departments.All_Department@791f145a]" started-at="2023-11-27T11:08:04 IST" name="All_Departments__037" finished-at="2023-11-27T11:08:31 IST" duration-ms="26072" status="PASS">
          <reporter-output>
          </reporter-output>
        </test-method> <!-- All_Departments__037 -->
        <test-method is-config="true" signature="closeapp()[pri:0, instance:All_Departments.All_Department@791f145a]" started-at="2023-11-27T11:08:31 IST" name="closeapp" finished-at="2023-11-27T11:08:32 IST" duration-ms="1572" status="PASS">
          <reporter-output>
          </reporter-output>
        </test-method> <!-- closeapp -->
        <test-method is-config="true" signature="Emulatorcapabilities()[pri:0, instance:All_Departments.All_Department@791f145a]" started-at="2023-11-27T11:08:32 IST" name="Emulatorcapabilities" finished-at="2023-11-27T11:08:49 IST" duration-ms="16616" status="PASS">
          <reporter-output>
          </reporter-output>
        </test-method> <!-- Emulatorcapabilities -->
        <test-method signature="All_Departments__039()[pri:0, instance:All_Departments.All_Department@791f145a]" started-at="2023-11-27T11:08:49 IST" name="All_Departments__039" finished-at="2023-11-27T11:09:17 IST" duration-ms="28009" status="PASS">
          <reporter-output>
          </reporter-output>
        </test-method> <!-- All_Departments__039 -->
        <test-method is-config="true" signature="closeapp()[pri:0, instance:All_Departments.All_Department@791f145a]" started-at="2023-11-27T11:09:17 IST" name="closeapp" finished-at="2023-11-27T11:09:18 IST" duration-ms="1336" status="PASS">
          <reporter-output>
          </reporter-output>
        </test-method> <!-- closeapp -->
        <test-method is-config="true" signature="Emulatorcapabilities()[pri:0, instance:All_Departments.All_Department@791f145a]" started-at="2023-11-27T11:09:18 IST" name="Emulatorcapabilities" finished-at="2023-11-27T11:09:34 IST" duration-ms="16155" status="PASS">
          <reporter-output>
          </reporter-output>
        </test-method> <!-- Emulatorcapabilities -->
        <test-method signature="All_Departments__041()[pri:0, instance:All_Departments.All_Department@791f145a]" started-at="2023-11-27T11:09:34 IST" name="All_Departments__041" finished-at="2023-11-27T11:10:03 IST" duration-ms="29054" status="PASS">
          <reporter-output>
          </reporter-output>
        </test-method> <!-- All_Departments__041 -->
        <test-method is-config="true" signature="closeapp()[pri:0, instance:All_Departments.All_Department@791f145a]" started-at="2023-11-27T11:10:03 IST" name="closeapp" finished-at="2023-11-27T11:10:07 IST" duration-ms="3675" status="PASS">
          <reporter-output>
          </reporter-output>
        </test-method> <!-- closeapp -->
        <test-method is-config="true" signature="Emulatorcapabilities()[pri:0, instance:All_Departments.All_Department@791f145a]" started-at="2023-11-27T11:10:07 IST" name="Emulatorcapabilities" finished-at="2023-11-27T11:10:27 IST" duration-ms="20201" status="PASS">
          <reporter-output>
          </reporter-output>
        </test-method> <!-- Emulatorcapabilities -->
        <test-method signature="All_Departments__042()[pri:0, instance:All_Departments.All_Department@791f145a]" started-at="2023-11-27T11:10:27 IST" name="All_Departments__042" finished-at="2023-11-27T11:10:54 IST" duration-ms="27285" status="PASS">
          <reporter-output>
          </reporter-output>
        </test-method> <!-- All_Departments__042 -->
        <test-method is-config="true" signature="closeapp()[pri:0, instance:All_Departments.All_Department@791f145a]" started-at="2023-11-27T11:10:54 IST" name="closeapp" finished-at="2023-11-27T11:10:56 IST" duration-ms="1566" status="PASS">
          <reporter-output>
          </reporter-output>
        </test-method> <!-- closeapp -->
        <test-method is-config="true" signature="Emulatorcapabilities()[pri:0, instance:All_Departments.All_Department@791f145a]" started-at="2023-11-27T11:10:56 IST" name="Emulatorcapabilities" finished-at="2023-11-27T11:11:11 IST" duration-ms="15370" status="PASS">
          <reporter-output>
          </reporter-output>
        </test-method> <!-- Emulatorcapabilities -->
        <test-method signature="All_Departments__043()[pri:0, instance:All_Departments.All_Department@791f145a]" started-at="2023-11-27T11:11:11 IST" name="All_Departments__043" finished-at="2023-11-27T11:11:34 IST" duration-ms="22969" status="PASS">
          <reporter-output>
          </reporter-output>
        </test-method> <!-- All_Departments__043 -->
        <test-method is-config="true" signature="closeapp()[pri:0, instance:All_Departments.All_Department@791f145a]" started-at="2023-11-27T11:11:34 IST" name="closeapp" finished-at="2023-11-27T11:11:36 IST" duration-ms="1451" status="PASS">
          <reporter-output>
          </reporter-output>
        </test-method> <!-- closeapp -->
        <test-method is-config="true" signature="Emulatorcapabilities()[pri:0, instance:All_Departments.All_Department@791f145a]" started-at="2023-11-27T11:11:36 IST" name="Emulatorcapabilities" finished-at="2023-11-27T11:11:52 IST" duration-ms="16180" status="PASS">
          <reporter-output>
          </reporter-output>
        </test-method> <!-- Emulatorcapabilities -->
        <test-method signature="All_Departments__044()[pri:0, instance:All_Departments.All_Department@791f145a]" started-at="2023-11-27T11:11:52 IST" name="All_Departments__044" finished-at="2023-11-27T11:12:14 IST" duration-ms="22167" status="PASS">
          <reporter-output>
          </reporter-output>
        </test-method> <!-- All_Departments__044 -->
        <test-method is-config="true" signature="closeapp()[pri:0, instance:All_Departments.All_Department@791f145a]" started-at="2023-11-27T11:12:14 IST" name="closeapp" finished-at="2023-11-27T11:12:15 IST" duration-ms="1244" status="PASS">
          <reporter-output>
          </reporter-output>
        </test-method> <!-- closeapp -->
        <test-method is-config="true" signature="Emulatorcapabilities()[pri:0, instance:All_Departments.All_Department@791f145a]" started-at="2023-11-27T11:12:15 IST" name="Emulatorcapabilities" finished-at="2023-11-27T11:12:31 IST" duration-ms="15478" status="PASS">
          <reporter-output>
          </reporter-output>
        </test-method> <!-- Emulatorcapabilities -->
        <test-method signature="All_Departments__045()[pri:0, instance:All_Departments.All_Department@791f145a]" started-at="2023-11-27T11:12:31 IST" name="All_Departments__045" finished-at="2023-11-27T11:12:54 IST" duration-ms="23184" status="PASS">
          <reporter-output>
          </reporter-output>
        </test-method> <!-- All_Departments__045 -->
        <test-method is-config="true" signature="closeapp()[pri:0, instance:All_Departments.All_Department@791f145a]" started-at="2023-11-27T11:12:54 IST" name="closeapp" finished-at="2023-11-27T11:12:55 IST" duration-ms="1361" status="PASS">
          <reporter-output>
          </reporter-output>
        </test-method> <!-- closeapp -->
        <test-method is-config="true" signature="Emulatorcapabilities()[pri:0, instance:All_Departments.All_Department@791f145a]" started-at="2023-11-27T11:12:55 IST" name="Emulatorcapabilities" finished-at="2023-11-27T11:13:10 IST" duration-ms="14449" status="PASS">
          <reporter-output>
          </reporter-output>
        </test-method> <!-- Emulatorcapabilities -->
        <test-method signature="All_Departments__046()[pri:0, instance:All_Departments.All_Department@791f145a]" started-at="2023-11-27T11:13:10 IST" name="All_Departments__046" finished-at="2023-11-27T11:13:28 IST" duration-ms="18187" status="PASS">
          <reporter-output>
          </reporter-output>
        </test-method> <!-- All_Departments__046 -->
        <test-method is-config="true" signature="closeapp()[pri:0, instance:All_Departments.All_Department@791f145a]" started-at="2023-11-27T11:13:28 IST" name="closeapp" finished-at="2023-11-27T11:13:30 IST" duration-ms="1474" status="PASS">
          <reporter-output>
          </reporter-output>
        </test-method> <!-- closeapp -->
        <test-method is-config="true" signature="Emulatorcapabilities()[pri:0, instance:All_Departments.All_Department@791f145a]" started-at="2023-11-27T11:13:30 IST" name="Emulatorcapabilities" finished-at="2023-11-27T11:13:46 IST" duration-ms="16031" status="PASS">
          <reporter-output>
          </reporter-output>
        </test-method> <!-- Emulatorcapabilities -->
        <test-method signature="All_Departments__047()[pri:0, instance:All_Departments.All_Department@791f145a]" started-at="2023-11-27T11:13:46 IST" name="All_Departments__047" finished-at="2023-11-27T11:14:05 IST" duration-ms="19143" status="PASS">
          <reporter-output>
          </reporter-output>
        </test-method> <!-- All_Departments__047 -->
        <test-method is-config="true" signature="closeapp()[pri:0, instance:All_Departments.All_Department@791f145a]" started-at="2023-11-27T11:14:05 IST" name="closeapp" finished-at="2023-11-27T11:14:06 IST" duration-ms="1319" status="PASS">
          <reporter-output>
          </reporter-output>
        </test-method> <!-- closeapp -->
        <test-method is-config="true" signature="Emulatorcapabilities()[pri:0, instance:All_Departments.All_Department@791f145a]" started-at="2023-11-27T11:14:06 IST" name="Emulatorcapabilities" finished-at="2023-11-27T11:14:22 IST" duration-ms="15632" status="PASS">
          <reporter-output>
          </reporter-output>
        </test-method> <!-- Emulatorcapabilities -->
        <test-method signature="All_Departments__048()[pri:0, instance:All_Departments.All_Department@791f145a]" started-at="2023-11-27T11:14:22 IST" name="All_Departments__048" finished-at="2023-11-27T11:14:39 IST" duration-ms="17384" status="PASS">
          <reporter-output>
          </reporter-output>
        </test-method> <!-- All_Departments__048 -->
        <test-method is-config="true" signature="closeapp()[pri:0, instance:All_Departments.All_Department@791f145a]" started-at="2023-11-27T11:14:39 IST" name="closeapp" finished-at="2023-11-27T11:14:40 IST" duration-ms="1275" status="PASS">
          <reporter-output>
          </reporter-output>
        </test-method> <!-- closeapp -->
        <test-method is-config="true" signature="Emulatorcapabilities()[pri:0, instance:All_Departments.All_Department@791f145a]" started-at="2023-11-27T11:14:40 IST" name="Emulatorcapabilities" finished-at="2023-11-27T11:14:56 IST" duration-ms="15233" status="PASS">
          <reporter-output>
          </reporter-output>
        </test-method> <!-- Emulatorcapabilities -->
        <test-method signature="All_Departments__049()[pri:0, instance:All_Departments.All_Department@791f145a]" started-at="2023-11-27T11:14:56 IST" name="All_Departments__049" finished-at="2023-11-27T11:15:31 IST" duration-ms="35528" status="PASS">
          <reporter-output>
          </reporter-output>
        </test-method> <!-- All_Departments__049 -->
        <test-method is-config="true" signature="closeapp()[pri:0, instance:All_Departments.All_Department@791f145a]" started-at="2023-11-27T11:15:31 IST" name="closeapp" finished-at="2023-11-27T11:15:32 IST" duration-ms="1298" status="PASS">
          <reporter-output>
          </reporter-output>
        </test-method> <!-- closeapp -->
        <test-method is-config="true" signature="Emulatorcapabilities()[pri:0, instance:All_Departments.All_Department@791f145a]" started-at="2023-11-27T11:15:32 IST" name="Emulatorcapabilities" finished-at="2023-11-27T11:15:47 IST" duration-ms="14847" status="PASS">
          <reporter-output>
          </reporter-output>
        </test-method> <!-- Emulatorcapabilities -->
        <test-method signature="All_Departments__050()[pri:0, instance:All_Departments.All_Department@791f145a]" started-at="2023-11-27T11:15:47 IST" name="All_Departments__050" finished-at="2023-11-27T11:16:12 IST" duration-ms="24904" status="PASS">
          <reporter-output>
          </reporter-output>
        </test-method> <!-- All_Departments__050 -->
        <test-method is-config="true" signature="closeapp()[pri:0, instance:All_Departments.All_Department@791f145a]" started-at="2023-11-27T11:16:12 IST" name="closeapp" finished-at="2023-11-27T11:16:14 IST" duration-ms="1408" status="PASS">
          <reporter-output>
          </reporter-output>
        </test-method> <!-- closeapp -->
        <test-method is-config="true" signature="Emulatorcapabilities()[pri:0, instance:All_Departments.All_Department@791f145a]" started-at="2023-11-27T11:16:14 IST" name="Emulatorcapabilities" finished-at="2023-11-27T11:16:29 IST" duration-ms="15845" status="PASS">
          <reporter-output>
          </reporter-output>
        </test-method> <!-- Emulatorcapabilities -->
        <test-method signature="All_Departments__051()[pri:0, instance:All_Departments.All_Department@791f145a]" started-at="2023-11-27T11:16:29 IST" name="All_Departments__051" finished-at="2023-11-27T11:16:56 IST" duration-ms="26986" status="PASS">
          <reporter-output>
          </reporter-output>
        </test-method> <!-- All_Departments__051 -->
        <test-method is-config="true" signature="closeapp()[pri:0, instance:All_Departments.All_Department@791f145a]" started-at="2023-11-27T11:16:56 IST" name="closeapp" finished-at="2023-11-27T11:16:58 IST" duration-ms="1895" status="PASS">
          <reporter-output>
          </reporter-output>
        </test-method> <!-- closeapp -->
        <test-method is-config="true" signature="Emulatorcapabilities()[pri:0, instance:All_Departments.All_Department@791f145a]" started-at="2023-11-27T11:16:58 IST" name="Emulatorcapabilities" finished-at="2023-11-27T11:17:13 IST" duration-ms="14782" status="PASS">
          <reporter-output>
          </reporter-output>
        </test-method> <!-- Emulatorcapabilities -->
        <test-method signature="All_Departments__052()[pri:0, instance:All_Departments.All_Department@791f145a]" started-at="2023-11-27T11:17:13 IST" name="All_Departments__052" finished-at="2023-11-27T11:17:42 IST" duration-ms="28842" status="PASS">
          <reporter-output>
          </reporter-output>
        </test-method> <!-- All_Departments__052 -->
        <test-method is-config="true" signature="closeapp()[pri:0, instance:All_Departments.All_Department@791f145a]" started-at="2023-11-27T11:17:42 IST" name="closeapp" finished-at="2023-11-27T11:17:43 IST" duration-ms="1515" status="PASS">
          <reporter-output>
          </reporter-output>
        </test-method> <!-- closeapp -->
        <test-method is-config="true" signature="Emulatorcapabilities()[pri:0, instance:All_Departments.All_Department@791f145a]" started-at="2023-11-27T11:17:43 IST" name="Emulatorcapabilities" finished-at="2023-11-27T11:17:58 IST" duration-ms="14198" status="PASS">
          <reporter-output>
          </reporter-output>
        </test-method> <!-- Emulatorcapabilities -->
        <test-method signature="All_Departments__053()[pri:0, instance:All_Departments.All_Department@791f145a]" started-at="2023-11-27T11:17:58 IST" name="All_Departments__053" finished-at="2023-11-27T11:18:32 IST" duration-ms="33986" status="PASS">
          <reporter-output>
          </reporter-output>
        </test-method> <!-- All_Departments__053 -->
        <test-method is-config="true" signature="closeapp()[pri:0, instance:All_Departments.All_Department@791f145a]" started-at="2023-11-27T11:18:32 IST" name="closeapp" finished-at="2023-11-27T11:18:33 IST" duration-ms="1385" status="PASS">
          <reporter-output>
          </reporter-output>
        </test-method> <!-- closeapp -->
        <test-method is-config="true" signature="Emulatorcapabilities()[pri:0, instance:All_Departments.All_Department@791f145a]" started-at="2023-11-27T11:18:33 IST" name="Emulatorcapabilities" finished-at="2023-11-27T11:18:48 IST" duration-ms="14675" status="PASS">
          <reporter-output>
          </reporter-output>
        </test-method> <!-- Emulatorcapabilities -->
        <test-method signature="All_Departments__054()[pri:0, instance:All_Departments.All_Department@791f145a]" started-at="2023-11-27T11:18:48 IST" name="All_Departments__054" finished-at="2023-11-27T11:19:13 IST" duration-ms="25467" status="PASS">
          <reporter-output>
          </reporter-output>
        </test-method> <!-- All_Departments__054 -->
        <test-method is-config="true" signature="closeapp()[pri:0, instance:All_Departments.All_Department@791f145a]" started-at="2023-11-27T11:19:13 IST" name="closeapp" finished-at="2023-11-27T11:19:15 IST" duration-ms="1370" status="PASS">
          <reporter-output>
          </reporter-output>
        </test-method> <!-- closeapp -->
        <test-method is-config="true" signature="Emulatorcapabilities()[pri:0, instance:All_Departments.All_Department@791f145a]" started-at="2023-11-27T11:19:15 IST" name="Emulatorcapabilities" finished-at="2023-11-27T11:19:28 IST" duration-ms="13737" status="PASS">
          <reporter-output>
          </reporter-output>
        </test-method> <!-- Emulatorcapabilities -->
        <test-method signature="All_Departments__055()[pri:0, instance:All_Departments.All_Department@791f145a]" started-at="2023-11-27T11:19:28 IST" name="All_Departments__055" finished-at="2023-11-27T11:19:56 IST" duration-ms="27376" status="PASS">
          <reporter-output>
          </reporter-output>
        </test-method> <!-- All_Departments__055 -->
        <test-method is-config="true" signature="closeapp()[pri:0, instance:All_Departments.All_Department@791f145a]" started-at="2023-11-27T11:19:56 IST" name="closeapp" finished-at="2023-11-27T11:19:57 IST" duration-ms="1771" status="PASS">
          <reporter-output>
          </reporter-output>
        </test-method> <!-- closeapp -->
        <test-method is-config="true" signature="Emulatorcapabilities()[pri:0, instance:All_Departments.All_Department@791f145a]" started-at="2023-11-27T11:19:57 IST" name="Emulatorcapabilities" finished-at="2023-11-27T11:20:12 IST" duration-ms="14841" status="PASS">
          <reporter-output>
          </reporter-output>
        </test-method> <!-- Emulatorcapabilities -->
        <test-method signature="All_Departments__056()[pri:0, instance:All_Departments.All_Department@791f145a]" started-at="2023-11-27T11:20:12 IST" name="All_Departments__056" finished-at="2023-11-27T11:20:46 IST" duration-ms="33385" status="PASS">
          <reporter-output>
          </reporter-output>
        </test-method> <!-- All_Departments__056 -->
        <test-method is-config="true" signature="closeapp()[pri:0, instance:All_Departments.All_Department@791f145a]" started-at="2023-11-27T11:20:46 IST" name="closeapp" finished-at="2023-11-27T11:20:47 IST" duration-ms="1727" status="PASS">
          <reporter-output>
          </reporter-output>
        </test-method> <!-- closeapp -->
        <test-method is-config="true" signature="Emulatorcapabilities()[pri:0, instance:All_Departments.All_Department@791f145a]" started-at="2023-11-27T11:20:47 IST" name="Emulatorcapabilities" finished-at="2023-11-27T11:21:04 IST" duration-ms="16929" status="PASS">
          <reporter-output>
          </reporter-output>
        </test-method> <!-- Emulatorcapabilities -->
        <test-method signature="All_Departments__057()[pri:0, instance:All_Departments.All_Department@791f145a]" started-at="2023-11-27T11:21:04 IST" name="All_Departments__057" finished-at="2023-11-27T11:21:33 IST" duration-ms="28537" status="PASS">
          <reporter-output>
          </reporter-output>
        </test-method> <!-- All_Departments__057 -->
        <test-method is-config="true" signature="closeapp()[pri:0, instance:All_Departments.All_Department@791f145a]" started-at="2023-11-27T11:21:33 IST" name="closeapp" finished-at="2023-11-27T11:21:34 IST" duration-ms="1448" status="PASS">
          <reporter-output>
          </reporter-output>
        </test-method> <!-- closeapp -->
        <test-method is-config="true" signature="Emulatorcapabilities()[pri:0, instance:All_Departments.All_Department@791f145a]" started-at="2023-11-27T11:21:34 IST" name="Emulatorcapabilities" finished-at="2023-11-27T11:21:49 IST" duration-ms="14922" status="PASS">
          <reporter-output>
          </reporter-output>
        </test-method> <!-- Emulatorcapabilities -->
        <test-method signature="All_Departments__058()[pri:0, instance:All_Departments.All_Department@791f145a]" started-at="2023-11-27T11:21:49 IST" name="All_Departments__058" finished-at="2023-11-27T11:22:52 IST" duration-ms="63078" status="PASS">
          <reporter-output>
          </reporter-output>
        </test-method> <!-- All_Departments__058 -->
        <test-method is-config="true" signature="closeapp()[pri:0, instance:All_Departments.All_Department@791f145a]" started-at="2023-11-27T11:22:52 IST" name="closeapp" finished-at="2023-11-27T11:22:54 IST" duration-ms="1612" status="PASS">
          <reporter-output>
          </reporter-output>
        </test-method> <!-- closeapp -->
        <test-method is-config="true" signature="Emulatorcapabilities()[pri:0, instance:All_Departments.All_Department@791f145a]" started-at="2023-11-27T11:22:54 IST" name="Emulatorcapabilities" finished-at="2023-11-27T11:23:11 IST" duration-ms="17556" status="PASS">
          <reporter-output>
          </reporter-output>
        </test-method> <!-- Emulatorcapabilities -->
        <test-method signature="All_Departments__059()[pri:0, instance:All_Departments.All_Department@791f145a]" started-at="2023-11-27T11:23:11 IST" name="All_Departments__059" finished-at="2023-11-27T11:23:47 IST" duration-ms="35180" status="PASS">
          <reporter-output>
          </reporter-output>
        </test-method> <!-- All_Departments__059 -->
        <test-method is-config="true" signature="closeapp()[pri:0, instance:All_Departments.All_Department@791f145a]" started-at="2023-11-27T11:23:47 IST" name="closeapp" finished-at="2023-11-27T11:23:48 IST" duration-ms="1347" status="PASS">
          <reporter-output>
          </reporter-output>
        </test-method> <!-- closeapp -->
        <test-method is-config="true" signature="Emulatorcapabilities()[pri:0, instance:All_Departments.All_Department@791f145a]" started-at="2023-11-27T11:23:48 IST" name="Emulatorcapabilities" finished-at="2023-11-27T11:24:04 IST" duration-ms="15550" status="PASS">
          <reporter-output>
          </reporter-output>
        </test-method> <!-- Emulatorcapabilities -->
        <test-method signature="All_Departments__060()[pri:0, instance:All_Departments.All_Department@791f145a]" started-at="2023-11-27T11:24:04 IST" name="All_Departments__060" finished-at="2023-11-27T11:24:30 IST" duration-ms="26661" status="PASS">
          <reporter-output>
          </reporter-output>
        </test-method> <!-- All_Departments__060 -->
        <test-method is-config="true" signature="closeapp()[pri:0, instance:All_Departments.All_Department@791f145a]" started-at="2023-11-27T11:24:30 IST" name="closeapp" finished-at="2023-11-27T11:24:32 IST" duration-ms="1644" status="PASS">
          <reporter-output>
          </reporter-output>
        </test-method> <!-- closeapp -->
        <test-method is-config="true" signature="Emulatorcapabilities()[pri:0, instance:All_Departments.All_Department@791f145a]" started-at="2023-11-27T11:24:32 IST" name="Emulatorcapabilities" finished-at="2023-11-27T11:24:49 IST" duration-ms="17239" status="PASS">
          <reporter-output>
          </reporter-output>
        </test-method> <!-- Emulatorcapabilities -->
        <test-method signature="All_Departments__061()[pri:0, instance:All_Departments.All_Department@791f145a]" started-at="2023-11-27T11:24:49 IST" name="All_Departments__061" finished-at="2023-11-27T11:25:19 IST" duration-ms="29489" status="PASS">
          <reporter-output>
          </reporter-output>
        </test-method> <!-- All_Departments__061 -->
        <test-method is-config="true" signature="closeapp()[pri:0, instance:All_Departments.All_Department@791f145a]" started-at="2023-11-27T11:25:19 IST" name="closeapp" finished-at="2023-11-27T11:25:20 IST" duration-ms="1681" status="PASS">
          <reporter-output>
          </reporter-output>
        </test-method> <!-- closeapp -->
        <test-method is-config="true" signature="Emulatorcapabilities()[pri:0, instance:All_Departments.All_Department@791f145a]" started-at="2023-11-27T11:25:20 IST" name="Emulatorcapabilities" finished-at="2023-11-27T11:25:36 IST" duration-ms="16160" status="PASS">
          <reporter-output>
          </reporter-output>
        </test-method> <!-- Emulatorcapabilities -->
        <test-method signature="All_Departments__062()[pri:0, instance:All_Departments.All_Department@791f145a]" started-at="2023-11-27T11:25:36 IST" name="All_Departments__062" finished-at="2023-11-27T11:26:02 IST" duration-ms="26009" status="PASS">
          <reporter-output>
          </reporter-output>
        </test-method> <!-- All_Departments__062 -->
        <test-method is-config="true" signature="closeapp()[pri:0, instance:All_Departments.All_Department@791f145a]" started-at="2023-11-27T11:26:02 IST" name="closeapp" finished-at="2023-11-27T11:26:04 IST" duration-ms="1465" status="PASS">
          <reporter-output>
          </reporter-output>
        </test-method> <!-- closeapp -->
        <test-method is-config="true" signature="Emulatorcapabilities()[pri:0, instance:All_Departments.All_Department@791f145a]" started-at="2023-11-27T11:26:04 IST" name="Emulatorcapabilities" finished-at="2023-11-27T11:26:20 IST" duration-ms="16334" status="PASS">
          <reporter-output>
          </reporter-output>
        </test-method> <!-- Emulatorcapabilities -->
        <test-method signature="All_Departments__063()[pri:0, instance:All_Departments.All_Department@791f145a]" started-at="2023-11-27T11:26:20 IST" name="All_Departments__063" finished-at="2023-11-27T11:26:45 IST" duration-ms="24449" status="PASS">
          <reporter-output>
          </reporter-output>
        </test-method> <!-- All_Departments__063 -->
        <test-method is-config="true" signature="closeapp()[pri:0, instance:All_Departments.All_Department@791f145a]" started-at="2023-11-27T11:26:45 IST" name="closeapp" finished-at="2023-11-27T11:26:46 IST" duration-ms="1354" status="PASS">
          <reporter-output>
          </reporter-output>
        </test-method> <!-- closeapp -->
        <test-method is-config="true" signature="Emulatorcapabilities()[pri:0, instance:All_Departments.All_Department@791f145a]" started-at="2023-11-27T11:26:46 IST" name="Emulatorcapabilities" finished-at="2023-11-27T11:27:01 IST" duration-ms="14901" status="PASS">
          <reporter-output>
          </reporter-output>
        </test-method> <!-- Emulatorcapabilities -->
        <test-method signature="All_Departments__064()[pri:0, instance:All_Departments.All_Department@791f145a]" started-at="2023-11-27T11:27:01 IST" name="All_Departments__064" finished-at="2023-11-27T11:27:27 IST" duration-ms="26086" status="PASS">
          <reporter-output>
          </reporter-output>
        </test-method> <!-- All_Departments__064 -->
        <test-method is-config="true" signature="closeapp()[pri:0, instance:All_Departments.All_Department@791f145a]" started-at="2023-11-27T11:27:27 IST" name="closeapp" finished-at="2023-11-27T11:27:29 IST" duration-ms="1553" status="PASS">
          <reporter-output>
          </reporter-output>
        </test-method> <!-- closeapp -->
        <test-method is-config="true" signature="Emulatorcapabilities()[pri:0, instance:All_Departments.All_Department@791f145a]" started-at="2023-11-27T11:27:29 IST" name="Emulatorcapabilities" finished-at="2023-11-27T11:27:45 IST" duration-ms="16385" status="PASS">
          <reporter-output>
          </reporter-output>
        </test-method> <!-- Emulatorcapabilities -->
        <test-method signature="All_Departments__065()[pri:0, instance:All_Departments.All_Department@791f145a]" started-at="2023-11-27T11:27:45 IST" name="All_Departments__065" finished-at="2023-11-27T11:28:19 IST" duration-ms="34492" status="PASS">
          <reporter-output>
          </reporter-output>
        </test-method> <!-- All_Departments__065 -->
        <test-method is-config="true" signature="closeapp()[pri:0, instance:All_Departments.All_Department@791f145a]" started-at="2023-11-27T11:28:20 IST" name="closeapp" finished-at="2023-11-27T11:28:21 IST" duration-ms="1418" status="PASS">
          <reporter-output>
          </reporter-output>
        </test-method> <!-- closeapp -->
        <test-method is-config="true" signature="Emulatorcapabilities()[pri:0, instance:All_Departments.All_Department@791f145a]" started-at="2023-11-27T11:28:21 IST" name="Emulatorcapabilities" finished-at="2023-11-27T11:28:38 IST" duration-ms="16712" status="PASS">
          <reporter-output>
          </reporter-output>
        </test-method> <!-- Emulatorcapabilities -->
        <test-method signature="All_Departments__066()[pri:0, instance:All_Departments.All_Department@791f145a]" started-at="2023-11-27T11:28:38 IST" name="All_Departments__066" finished-at="2023-11-27T11:29:08 IST" duration-ms="29941" status="PASS">
          <reporter-output>
          </reporter-output>
        </test-method> <!-- All_Departments__066 -->
        <test-method is-config="true" signature="closeapp()[pri:0, instance:All_Departments.All_Department@791f145a]" started-at="2023-11-27T11:29:08 IST" name="closeapp" finished-at="2023-11-27T11:29:10 IST" duration-ms="1990" status="PASS">
          <reporter-output>
          </reporter-output>
        </test-method> <!-- closeapp -->
        <test-method is-config="true" signature="Emulatorcapabilities()[pri:0, instance:All_Departments.All_Department@791f145a]" started-at="2023-11-27T11:29:10 IST" name="Emulatorcapabilities" finished-at="2023-11-27T11:29:28 IST" duration-ms="18791" status="PASS">
          <reporter-output>
          </reporter-output>
        </test-method> <!-- Emulatorcapabilities -->
        <test-method signature="All_Departments__067()[pri:0, instance:All_Departments.All_Department@791f145a]" started-at="2023-11-27T11:29:28 IST" name="All_Departments__067" finished-at="2023-11-27T11:30:03 IST" duration-ms="34992" status="PASS">
          <reporter-output>
          </reporter-output>
        </test-method> <!-- All_Departments__067 -->
        <test-method is-config="true" signature="closeapp()[pri:0, instance:All_Departments.All_Department@791f145a]" started-at="2023-11-27T11:30:03 IST" name="closeapp" finished-at="2023-11-27T11:30:06 IST" duration-ms="2285" status="PASS">
          <reporter-output>
          </reporter-output>
        </test-method> <!-- closeapp -->
        <test-method is-config="true" signature="Emulatorcapabilities()[pri:0, instance:All_Departments.All_Department@791f145a]" started-at="2023-11-27T11:30:06 IST" name="Emulatorcapabilities" finished-at="2023-11-27T11:30:29 IST" duration-ms="23782" status="PASS">
          <reporter-output>
          </reporter-output>
        </test-method> <!-- Emulatorcapabilities -->
        <test-method signature="All_Departments__070()[pri:0, instance:All_Departments.All_Department@791f145a]" started-at="2023-11-27T11:30:29 IST" name="All_Departments__070" finished-at="2023-11-27T11:31:03 IST" duration-ms="33440" status="PASS">
          <reporter-output>
          </reporter-output>
        </test-method> <!-- All_Departments__070 -->
        <test-method is-config="true" signature="closeapp()[pri:0, instance:All_Departments.All_Department@791f145a]" started-at="2023-11-27T11:31:03 IST" name="closeapp" finished-at="2023-11-27T11:31:05 IST" duration-ms="1845" status="PASS">
          <reporter-output>
          </reporter-output>
        </test-method> <!-- closeapp -->
        <test-method is-config="true" signature="Emulatorcapabilities()[pri:0, instance:All_Departments.All_Department@791f145a]" started-at="2023-11-27T11:31:05 IST" name="Emulatorcapabilities" finished-at="2023-11-27T11:31:24 IST" duration-ms="19415" status="PASS">
          <reporter-output>
          </reporter-output>
        </test-method> <!-- Emulatorcapabilities -->
        <test-method signature="All_Departments__071()[pri:0, instance:All_Departments.All_Department@791f145a]" started-at="2023-11-27T11:31:24 IST" name="All_Departments__071" finished-at="2023-11-27T11:31:53 IST" duration-ms="28905" status="PASS">
          <reporter-output>
          </reporter-output>
        </test-method> <!-- All_Departments__071 -->
        <test-method is-config="true" signature="closeapp()[pri:0, instance:All_Departments.All_Department@791f145a]" started-at="2023-11-27T11:31:53 IST" name="closeapp" finished-at="2023-11-27T11:31:55 IST" duration-ms="1800" status="PASS">
          <reporter-output>
          </reporter-output>
        </test-method> <!-- closeapp -->
        <test-method is-config="true" signature="Emulatorcapabilities()[pri:0, instance:All_Departments.All_Department@791f145a]" started-at="2023-11-27T11:31:55 IST" name="Emulatorcapabilities" finished-at="2023-11-27T11:32:13 IST" duration-ms="18200" status="PASS">
          <reporter-output>
          </reporter-output>
        </test-method> <!-- Emulatorcapabilities -->
        <test-method signature="All_Departments__072()[pri:0, instance:All_Departments.All_Department@791f145a]" started-at="2023-11-27T11:32:13 IST" name="All_Departments__072" finished-at="2023-11-27T11:32:49 IST" duration-ms="35625" status="PASS">
          <reporter-output>
          </reporter-output>
        </test-method> <!-- All_Departments__072 -->
        <test-method is-config="true" signature="closeapp()[pri:0, instance:All_Departments.All_Department@791f145a]" started-at="2023-11-27T11:32:49 IST" name="closeapp" finished-at="2023-11-27T11:32:50 IST" duration-ms="1433" status="PASS">
          <reporter-output>
          </reporter-output>
        </test-method> <!-- closeapp -->
        <test-method is-config="true" signature="Emulatorcapabilities()[pri:0, instance:All_Departments.All_Department@791f145a]" started-at="2023-11-27T11:32:50 IST" name="Emulatorcapabilities" finished-at="2023-11-27T11:33:11 IST" duration-ms="20465" status="PASS">
          <reporter-output>
          </reporter-output>
        </test-method> <!-- Emulatorcapabilities -->
        <test-method signature="All_Departments__073()[pri:0, instance:All_Departments.All_Department@791f145a]" started-at="2023-11-27T11:33:11 IST" name="All_Departments__073" finished-at="2023-11-27T11:33:38 IST" duration-ms="27568" status="PASS">
          <reporter-output>
          </reporter-output>
        </test-method> <!-- All_Departments__073 -->
        <test-method is-config="true" signature="closeapp()[pri:0, instance:All_Departments.All_Department@791f145a]" started-at="2023-11-27T11:33:38 IST" name="closeapp" finished-at="2023-11-27T11:33:40 IST" duration-ms="1704" status="PASS">
          <reporter-output>
          </reporter-output>
        </test-method> <!-- closeapp -->
        <test-method is-config="true" signature="Emulatorcapabilities()[pri:0, instance:All_Departments.All_Department@791f145a]" started-at="2023-11-27T11:33:40 IST" name="Emulatorcapabilities" finished-at="2023-11-27T11:33:57 IST" duration-ms="17257" status="PASS">
          <reporter-output>
          </reporter-output>
        </test-method> <!-- Emulatorcapabilities -->
        <test-method signature="All_Departments__074()[pri:0, instance:All_Departments.All_Department@791f145a]" started-at="2023-11-27T11:33:57 IST" name="All_Departments__074" finished-at="2023-11-27T11:34:24 IST" duration-ms="26939" status="PASS">
          <reporter-output>
          </reporter-output>
        </test-method> <!-- All_Departments__074 -->
        <test-method is-config="true" signature="closeapp()[pri:0, instance:All_Departments.All_Department@791f145a]" started-at="2023-11-27T11:34:24 IST" name="closeapp" finished-at="2023-11-27T11:34:26 IST" duration-ms="1883" status="PASS">
          <reporter-output>
          </reporter-output>
        </test-method> <!-- closeapp -->
        <test-method is-config="true" signature="Emulatorcapabilities()[pri:0, instance:All_Departments.All_Department@791f145a]" started-at="2023-11-27T11:34:26 IST" name="Emulatorcapabilities" finished-at="2023-11-27T11:34:45 IST" duration-ms="18632" status="PASS">
          <reporter-output>
          </reporter-output>
        </test-method> <!-- Emulatorcapabilities -->
        <test-method signature="All_Departments__075()[pri:0, instance:All_Departments.All_Department@791f145a]" started-at="2023-11-27T11:34:45 IST" name="All_Departments__075" finished-at="2023-11-27T11:35:16 IST" duration-ms="31488" status="PASS">
          <reporter-output>
          </reporter-output>
        </test-method> <!-- All_Departments__075 -->
        <test-method is-config="true" signature="closeapp()[pri:0, instance:All_Departments.All_Department@791f145a]" started-at="2023-11-27T11:35:16 IST" name="closeapp" finished-at="2023-11-27T11:35:18 IST" duration-ms="1910" status="PASS">
          <reporter-output>
          </reporter-output>
        </test-method> <!-- closeapp -->
        <test-method is-config="true" signature="Emulatorcapabilities()[pri:0, instance:All_Departments.All_Department@791f145a]" started-at="2023-11-27T11:35:18 IST" name="Emulatorcapabilities" finished-at="2023-11-27T11:35:37 IST" duration-ms="19460" status="PASS">
          <reporter-output>
          </reporter-output>
        </test-method> <!-- Emulatorcapabilities -->
        <test-method signature="All_Departments__076()[pri:0, instance:All_Departments.All_Department@791f145a]" started-at="2023-11-27T11:35:37 IST" name="All_Departments__076" finished-at="2023-11-27T11:36:07 IST" duration-ms="29197" status="PASS">
          <reporter-output>
          </reporter-output>
        </test-method> <!-- All_Departments__076 -->
        <test-method is-config="true" signature="closeapp()[pri:0, instance:All_Departments.All_Department@791f145a]" started-at="2023-11-27T11:36:07 IST" name="closeapp" finished-at="2023-11-27T11:36:08 IST" duration-ms="1587" status="PASS">
          <reporter-output>
          </reporter-output>
        </test-method> <!-- closeapp -->
        <test-method is-config="true" signature="Emulatorcapabilities()[pri:0, instance:All_Departments.All_Department@791f145a]" started-at="2023-11-27T11:36:08 IST" name="Emulatorcapabilities" finished-at="2023-11-27T11:36:24 IST" duration-ms="15415" status="PASS">
          <reporter-output>
          </reporter-output>
        </test-method> <!-- Emulatorcapabilities -->
        <test-method signature="All_Departments__077()[pri:0, instance:All_Departments.All_Department@791f145a]" started-at="2023-11-27T11:36:24 IST" name="All_Departments__077" finished-at="2023-11-27T11:36:52 IST" duration-ms="28631" status="PASS">
          <reporter-output>
          </reporter-output>
        </test-method> <!-- All_Departments__077 -->
        <test-method is-config="true" signature="closeapp()[pri:0, instance:All_Departments.All_Department@791f145a]" started-at="2023-11-27T11:36:52 IST" name="closeapp" finished-at="2023-11-27T11:36:54 IST" duration-ms="1493" status="PASS">
          <reporter-output>
          </reporter-output>
        </test-method> <!-- closeapp -->
        <test-method is-config="true" signature="Emulatorcapabilities()[pri:0, instance:All_Departments.All_Department@791f145a]" started-at="2023-11-27T11:36:54 IST" name="Emulatorcapabilities" finished-at="2023-11-27T11:37:09 IST" duration-ms="15218" status="PASS">
          <reporter-output>
          </reporter-output>
        </test-method> <!-- Emulatorcapabilities -->
        <test-method signature="All_Departments__078()[pri:0, instance:All_Departments.All_Department@791f145a]" started-at="2023-11-27T11:37:09 IST" name="All_Departments__078" finished-at="2023-11-27T11:37:47 IST" duration-ms="37922" status="PASS">
          <reporter-output>
          </reporter-output>
        </test-method> <!-- All_Departments__078 -->
        <test-method is-config="true" signature="closeapp()[pri:0, instance:All_Departments.All_Department@791f145a]" started-at="2023-11-27T11:37:47 IST" name="closeapp" finished-at="2023-11-27T11:37:49 IST" duration-ms="1710" status="PASS">
          <reporter-output>
          </reporter-output>
        </test-method> <!-- closeapp -->
        <test-method is-config="true" signature="Emulatorcapabilities()[pri:0, instance:All_Departments.All_Department@791f145a]" started-at="2023-11-27T11:37:49 IST" name="Emulatorcapabilities" finished-at="2023-11-27T11:38:04 IST" duration-ms="15652" status="PASS">
          <reporter-output>
          </reporter-output>
        </test-method> <!-- Emulatorcapabilities -->
        <test-method signature="All_Departments__079()[pri:0, instance:All_Departments.All_Department@791f145a]" started-at="2023-11-27T11:38:04 IST" name="All_Departments__079" finished-at="2023-11-27T11:38:33 IST" duration-ms="28213" status="PASS">
          <reporter-output>
          </reporter-output>
        </test-method> <!-- All_Departments__079 -->
        <test-method is-config="true" signature="closeapp()[pri:0, instance:All_Departments.All_Department@791f145a]" started-at="2023-11-27T11:38:33 IST" name="closeapp" finished-at="2023-11-27T11:38:34 IST" duration-ms="1568" status="PASS">
          <reporter-output>
          </reporter-output>
        </test-method> <!-- closeapp -->
        <test-method is-config="true" signature="Emulatorcapabilities()[pri:0, instance:All_Departments.All_Department@791f145a]" started-at="2023-11-27T11:38:34 IST" name="Emulatorcapabilities" finished-at="2023-11-27T11:38:54 IST" duration-ms="19395" status="PASS">
          <reporter-output>
          </reporter-output>
        </test-method> <!-- Emulatorcapabilities -->
        <test-method signature="All_Departments__080()[pri:0, instance:All_Departments.All_Department@791f145a]" started-at="2023-11-27T11:38:54 IST" name="All_Departments__080" finished-at="2023-11-27T11:39:21 IST" duration-ms="27912" status="PASS">
          <reporter-output>
          </reporter-output>
        </test-method> <!-- All_Departments__080 -->
        <test-method is-config="true" signature="closeapp()[pri:0, instance:All_Departments.All_Department@791f145a]" started-at="2023-11-27T11:39:21 IST" name="closeapp" finished-at="2023-11-27T11:39:23 IST" duration-ms="1598" status="PASS">
          <reporter-output>
          </reporter-output>
        </test-method> <!-- closeapp -->
        <test-method is-config="true" signature="Emulatorcapabilities()[pri:0, instance:All_Departments.All_Department@791f145a]" started-at="2023-11-27T11:39:23 IST" name="Emulatorcapabilities" finished-at="2023-11-27T11:39:39 IST" duration-ms="16314" status="PASS">
          <reporter-output>
          </reporter-output>
        </test-method> <!-- Emulatorcapabilities -->
        <test-method signature="All_Departments__081()[pri:0, instance:All_Departments.All_Department@791f145a]" started-at="2023-11-27T11:39:39 IST" name="All_Departments__081" finished-at="2023-11-27T11:40:14 IST" duration-ms="34242" status="PASS">
          <reporter-output>
          </reporter-output>
        </test-method> <!-- All_Departments__081 -->
        <test-method is-config="true" signature="closeapp()[pri:0, instance:All_Departments.All_Department@791f145a]" started-at="2023-11-27T11:40:14 IST" name="closeapp" finished-at="2023-11-27T11:40:15 IST" duration-ms="1345" status="PASS">
          <reporter-output>
          </reporter-output>
        </test-method> <!-- closeapp -->
        <test-method is-config="true" signature="Emulatorcapabilities()[pri:0, instance:All_Departments.All_Department@791f145a]" started-at="2023-11-27T11:40:15 IST" name="Emulatorcapabilities" finished-at="2023-11-27T11:40:33 IST" duration-ms="17603" status="PASS">
          <reporter-output>
          </reporter-output>
        </test-method> <!-- Emulatorcapabilities -->
        <test-method signature="All_Departments__082()[pri:0, instance:All_Departments.All_Department@791f145a]" started-at="2023-11-27T11:40:33 IST" name="All_Departments__082" finished-at="2023-11-27T11:41:06 IST" duration-ms="33552" status="PASS">
          <reporter-output>
          </reporter-output>
        </test-method> <!-- All_Departments__082 -->
        <test-method is-config="true" signature="closeapp()[pri:0, instance:All_Departments.All_Department@791f145a]" started-at="2023-11-27T11:41:06 IST" name="closeapp" finished-at="2023-11-27T11:41:08 IST" duration-ms="1659" status="PASS">
          <reporter-output>
          </reporter-output>
        </test-method> <!-- closeapp -->
        <test-method is-config="true" signature="Emulatorcapabilities()[pri:0, instance:All_Departments.All_Department@791f145a]" started-at="2023-11-27T11:41:08 IST" name="Emulatorcapabilities" finished-at="2023-11-27T11:41:26 IST" duration-ms="18590" status="PASS">
          <reporter-output>
          </reporter-output>
        </test-method> <!-- Emulatorcapabilities -->
        <test-method signature="All_Departments__083()[pri:0, instance:All_Departments.All_Department@791f145a]" started-at="2023-11-27T11:41:26 IST" name="All_Departments__083" finished-at="2023-11-27T11:41:55 IST" duration-ms="28387" status="PASS">
          <reporter-output>
          </reporter-output>
        </test-method> <!-- All_Departments__083 -->
        <test-method is-config="true" signature="closeapp()[pri:0, instance:All_Departments.All_Department@791f145a]" started-at="2023-11-27T11:41:55 IST" name="closeapp" finished-at="2023-11-27T11:41:58 IST" duration-ms="3020" status="PASS">
          <reporter-output>
          </reporter-output>
        </test-method> <!-- closeapp -->
        <test-method is-config="true" signature="Emulatorcapabilities()[pri:0, instance:All_Departments.All_Department@791f145a]" started-at="2023-11-27T11:41:58 IST" name="Emulatorcapabilities" finished-at="2023-11-27T11:42:15 IST" duration-ms="17557" status="PASS">
          <reporter-output>
          </reporter-output>
        </test-method> <!-- Emulatorcapabilities -->
        <test-method signature="All_Departments__084()[pri:0, instance:All_Departments.All_Department@791f145a]" started-at="2023-11-27T11:42:15 IST" name="All_Departments__084" finished-at="2023-11-27T11:42:45 IST" duration-ms="29187" status="PASS">
          <reporter-output>
          </reporter-output>
        </test-method> <!-- All_Departments__084 -->
        <test-method is-config="true" signature="closeapp()[pri:0, instance:All_Departments.All_Department@791f145a]" started-at="2023-11-27T11:42:45 IST" name="closeapp" finished-at="2023-11-27T11:42:46 IST" duration-ms="1477" status="PASS">
          <reporter-output>
          </reporter-output>
        </test-method> <!-- closeapp -->
        <test-method is-config="true" signature="Emulatorcapabilities()[pri:0, instance:All_Departments.All_Department@791f145a]" started-at="2023-11-27T11:42:46 IST" name="Emulatorcapabilities" finished-at="2023-11-27T11:43:02 IST" duration-ms="16050" status="PASS">
          <reporter-output>
          </reporter-output>
        </test-method> <!-- Emulatorcapabilities -->
        <test-method signature="All_Departments__085()[pri:0, instance:All_Departments.All_Department@791f145a]" started-at="2023-11-27T11:43:02 IST" name="All_Departments__085" finished-at="2023-11-27T11:43:29 IST" duration-ms="26645" status="PASS">
          <reporter-output>
          </reporter-output>
        </test-method> <!-- All_Departments__085 -->
        <test-method is-config="true" signature="closeapp()[pri:0, instance:All_Departments.All_Department@791f145a]" started-at="2023-11-27T11:43:29 IST" name="closeapp" finished-at="2023-11-27T11:43:30 IST" duration-ms="1464" status="PASS">
          <reporter-output>
          </reporter-output>
        </test-method> <!-- closeapp -->
        <test-method is-config="true" signature="Emulatorcapabilities()[pri:0, instance:All_Departments.All_Department@791f145a]" started-at="2023-11-27T11:43:30 IST" name="Emulatorcapabilities" finished-at="2023-11-27T11:43:47 IST" duration-ms="16416" status="PASS">
          <reporter-output>
          </reporter-output>
        </test-method> <!-- Emulatorcapabilities -->
        <test-method signature="All_Departments__086()[pri:0, instance:All_Departments.All_Department@791f145a]" started-at="2023-11-27T11:43:47 IST" name="All_Departments__086" finished-at="2023-11-27T11:44:27 IST" duration-ms="40759" status="PASS">
          <reporter-output>
          </reporter-output>
        </test-method> <!-- All_Departments__086 -->
        <test-method is-config="true" signature="closeapp()[pri:0, instance:All_Departments.All_Department@791f145a]" started-at="2023-11-27T11:44:27 IST" name="closeapp" finished-at="2023-11-27T11:44:29 IST" duration-ms="1712" status="PASS">
          <reporter-output>
          </reporter-output>
        </test-method> <!-- closeapp -->
        <test-method is-config="true" signature="Emulatorcapabilities()[pri:0, instance:All_Departments.All_Department@791f145a]" started-at="2023-11-27T11:44:29 IST" name="Emulatorcapabilities" finished-at="2023-11-27T11:44:46 IST" duration-ms="17393" status="PASS">
          <reporter-output>
          </reporter-output>
        </test-method> <!-- Emulatorcapabilities -->
        <test-method signature="All_Departments__088()[pri:0, instance:All_Departments.All_Department@791f145a]" started-at="2023-11-27T11:44:46 IST" name="All_Departments__088" finished-at="2023-11-27T11:45:23 IST" duration-ms="36871" status="PASS">
          <reporter-output>
          </reporter-output>
        </test-method> <!-- All_Departments__088 -->
        <test-method is-config="true" signature="closeapp()[pri:0, instance:All_Departments.All_Department@791f145a]" started-at="2023-11-27T11:45:23 IST" name="closeapp" finished-at="2023-11-27T11:45:25 IST" duration-ms="1423" status="PASS">
          <reporter-output>
          </reporter-output>
        </test-method> <!-- closeapp -->
        <test-method is-config="true" signature="Emulatorcapabilities()[pri:0, instance:All_Departments.All_Department@791f145a]" started-at="2023-11-27T11:45:25 IST" name="Emulatorcapabilities" finished-at="2023-11-27T11:45:41 IST" duration-ms="16167" status="PASS">
          <reporter-output>
          </reporter-output>
        </test-method> <!-- Emulatorcapabilities -->
        <test-method signature="All_Departments__089()[pri:0, instance:All_Departments.All_Department@791f145a]" started-at="2023-11-27T11:45:41 IST" name="All_Departments__089" finished-at="2023-11-27T11:46:12 IST" duration-ms="31190" status="PASS">
          <reporter-output>
          </reporter-output>
        </test-method> <!-- All_Departments__089 -->
        <test-method is-config="true" signature="closeapp()[pri:0, instance:All_Departments.All_Department@791f145a]" started-at="2023-11-27T11:46:12 IST" name="closeapp" finished-at="2023-11-27T11:46:14 IST" duration-ms="1478" status="PASS">
          <reporter-output>
          </reporter-output>
        </test-method> <!-- closeapp -->
        <test-method is-config="true" signature="Emulatorcapabilities()[pri:0, instance:All_Departments.All_Department@791f145a]" started-at="2023-11-27T11:46:14 IST" name="Emulatorcapabilities" finished-at="2023-11-27T11:46:29 IST" duration-ms="15510" status="PASS">
          <reporter-output>
          </reporter-output>
        </test-method> <!-- Emulatorcapabilities -->
        <test-method signature="All_Departments__090()[pri:0, instance:All_Departments.All_Department@791f145a]" started-at="2023-11-27T11:46:29 IST" name="All_Departments__090" finished-at="2023-11-27T11:47:06 IST" duration-ms="36609" status="PASS">
          <reporter-output>
          </reporter-output>
        </test-method> <!-- All_Departments__090 -->
        <test-method is-config="true" signature="closeapp()[pri:0, instance:All_Departments.All_Department@791f145a]" started-at="2023-11-27T11:47:06 IST" name="closeapp" finished-at="2023-11-27T11:47:08 IST" duration-ms="1848" status="PASS">
          <reporter-output>
          </reporter-output>
        </test-method> <!-- closeapp -->
        <test-method is-config="true" signature="Emulatorcapabilities()[pri:0, instance:All_Departments.All_Department@791f145a]" started-at="2023-11-27T11:47:08 IST" name="Emulatorcapabilities" finished-at="2023-11-27T11:47:26 IST" duration-ms="18044" status="PASS">
          <reporter-output>
          </reporter-output>
        </test-method> <!-- Emulatorcapabilities -->
        <test-method signature="All_Departments__091()[pri:0, instance:All_Departments.All_Department@791f145a]" started-at="2023-11-27T11:47:26 IST" name="All_Departments__091" finished-at="2023-11-27T11:47:58 IST" duration-ms="32721" status="PASS">
          <reporter-output>
          </reporter-output>
        </test-method> <!-- All_Departments__091 -->
        <test-method is-config="true" signature="closeapp()[pri:0, instance:All_Departments.All_Department@791f145a]" started-at="2023-11-27T11:47:58 IST" name="closeapp" finished-at="2023-11-27T11:48:00 IST" duration-ms="1832" status="PASS">
          <reporter-output>
          </reporter-output>
        </test-method> <!-- closeapp -->
        <test-method is-config="true" signature="Emulatorcapabilities()[pri:0, instance:All_Departments.All_Department@791f145a]" started-at="2023-11-27T11:48:00 IST" name="Emulatorcapabilities" finished-at="2023-11-27T11:48:18 IST" duration-ms="17663" status="PASS">
          <reporter-output>
          </reporter-output>
        </test-method> <!-- Emulatorcapabilities -->
        <test-method signature="All_Departments__092()[pri:0, instance:All_Departments.All_Department@791f145a]" started-at="2023-11-27T11:48:18 IST" name="All_Departments__092" finished-at="2023-11-27T11:48:45 IST" duration-ms="27479" status="PASS">
          <reporter-output>
          </reporter-output>
        </test-method> <!-- All_Departments__092 -->
        <test-method is-config="true" signature="closeapp()[pri:0, instance:All_Departments.All_Department@791f145a]" started-at="2023-11-27T11:48:45 IST" name="closeapp" finished-at="2023-11-27T11:48:47 IST" duration-ms="1298" status="PASS">
          <reporter-output>
          </reporter-output>
        </test-method> <!-- closeapp -->
        <test-method is-config="true" signature="Emulatorcapabilities()[pri:0, instance:All_Departments.All_Department@791f145a]" started-at="2023-11-27T11:48:47 IST" name="Emulatorcapabilities" finished-at="2023-11-27T11:49:04 IST" duration-ms="17260" status="PASS">
          <reporter-output>
          </reporter-output>
        </test-method> <!-- Emulatorcapabilities -->
        <test-method signature="All_Departments__093()[pri:0, instance:All_Departments.All_Department@791f145a]" started-at="2023-11-27T11:49:04 IST" name="All_Departments__093" finished-at="2023-11-27T11:49:33 IST" duration-ms="29131" status="PASS">
          <reporter-output>
          </reporter-output>
        </test-method> <!-- All_Departments__093 -->
        <test-method is-config="true" signature="closeapp()[pri:0, instance:All_Departments.All_Department@791f145a]" started-at="2023-11-27T11:49:33 IST" name="closeapp" finished-at="2023-11-27T11:49:35 IST" duration-ms="1783" status="PASS">
          <reporter-output>
          </reporter-output>
        </test-method> <!-- closeapp -->
        <test-method is-config="true" signature="Emulatorcapabilities()[pri:0, instance:All_Departments.All_Department@791f145a]" started-at="2023-11-27T11:49:35 IST" name="Emulatorcapabilities" finished-at="2023-11-27T11:49:53 IST" duration-ms="18369" status="PASS">
          <reporter-output>
          </reporter-output>
        </test-method> <!-- Emulatorcapabilities -->
        <test-method signature="All_Departments__094()[pri:0, instance:All_Departments.All_Department@791f145a]" started-at="2023-11-27T11:49:53 IST" name="All_Departments__094" finished-at="2023-11-27T11:50:25 IST" duration-ms="31440" status="PASS">
          <reporter-output>
          </reporter-output>
        </test-method> <!-- All_Departments__094 -->
        <test-method is-config="true" signature="closeapp()[pri:0, instance:All_Departments.All_Department@791f145a]" started-at="2023-11-27T11:50:25 IST" name="closeapp" finished-at="2023-11-27T11:50:26 IST" duration-ms="1467" status="PASS">
          <reporter-output>
          </reporter-output>
        </test-method> <!-- closeapp -->
        <test-method is-config="true" signature="Emulatorcapabilities()[pri:0, instance:All_Departments.All_Department@791f145a]" started-at="2023-11-27T11:50:26 IST" name="Emulatorcapabilities" finished-at="2023-11-27T11:50:43 IST" duration-ms="17233" status="PASS">
          <reporter-output>
          </reporter-output>
        </test-method> <!-- Emulatorcapabilities -->
        <test-method signature="All_Departments__095()[pri:0, instance:All_Departments.All_Department@791f145a]" started-at="2023-11-27T11:50:43 IST" name="All_Departments__095" finished-at="2023-11-27T11:51:20 IST" duration-ms="36538" status="PASS">
          <reporter-output>
          </reporter-output>
        </test-method> <!-- All_Departments__095 -->
        <test-method is-config="true" signature="closeapp()[pri:0, instance:All_Departments.All_Department@791f145a]" started-at="2023-11-27T11:51:20 IST" name="closeapp" finished-at="2023-11-27T11:51:22 IST" duration-ms="1670" status="PASS">
          <reporter-output>
          </reporter-output>
        </test-method> <!-- closeapp -->
        <test-method is-config="true" signature="Emulatorcapabilities()[pri:0, instance:All_Departments.All_Department@791f145a]" started-at="2023-11-27T11:51:22 IST" name="Emulatorcapabilities" finished-at="2023-11-27T11:51:39 IST" duration-ms="17515" status="PASS">
          <reporter-output>
          </reporter-output>
        </test-method> <!-- Emulatorcapabilities -->
        <test-method signature="All_Departments__096()[pri:0, instance:All_Departments.All_Department@791f145a]" started-at="2023-11-27T11:51:39 IST" name="All_Departments__096" finished-at="2023-11-27T11:52:07 IST" duration-ms="28358" status="PASS">
          <reporter-output>
[...]
]]>
            </full-stacktrace>
          </exception> <!-- org.openqa.selenium.remote.UnreachableBrowserException -->
          <reporter-output>
          </reporter-output>
        </test-method> <!-- All_Departments__174 -->
        <test-method is-config="true" signature="closeapp()[pri:0, instance:All_Departments.All_Department@791f145a]" started-at="2023-11-27T13:21:04 IST" name="closeapp" finished-at="2023-11-27T13:21:04 IST" duration-ms="0" status="SKIP">
          <reporter-output>
          </reporter-output>
        </test-method> <!-- closeapp -->
        <test-method is-config="true" signature="Emulatorcapabilities()[pri:0, instance:All_Departments.All_Department@791f145a]" started-at="2023-11-27T13:21:04 IST" name="Emulatorcapabilities" finished-at="2023-11-27T13:21:04 IST" duration-ms="0" status="SKIP">
          <reporter-output>
          </reporter-output>
        </test-method> <!-- Emulatorcapabilities -->
        <test-method signature="All_Departments__175()[pri:0, instance:All_Departments.All_Department@791f145a]" started-at="2023-11-27T13:21:04 IST" name="All_Departments__175" finished-at="2023-11-27T13:21:04 IST" duration-ms="0" status="SKIP">
          <exception class="org.openqa.selenium.remote.UnreachableBrowserException">
            <message>
              <![CDATA[Error communicating with the remote browser. It may have died.
Build info: version: '4.13.0', revision: 'ba948ece5b*'
System info: os.name: 'Windows 11', os.arch: 'amd64', os.version: '10.0', java.version: '20'
Driver info: io.appium.java_client.android.AndroidDriver
Command: [03a9c5a2-6b97-410f-a34e-8bfb2947dec6, quit []]
Capabilities {appium:UDID: PR7SUSMZKJ79BAUW, appium:app: C:\Users\hp\eclipse-workspa..., appium:appActivity: .MainActivity, appium:appPackage: com.service_desk.onebill, appium:appium.deviceIsAppInBackground: true, appium:autoGrantPermissions: true, appium:automationName: uiautomator2, appium:avdArgs: -no-window, appium:databaseEnabled: false, appium:desired: {UDID: PR7SUSMZKJ79BAUW, app: C:\Users\hp\eclipse-workspa..., appActivity: .MainActivity, appPackage: com.service_desk.onebill, appium.deviceIsAppInBackground: true, autoGrantPermissions: true, automationName: uiautomator2, avdArgs: -no-window, deviceName: Afrid, fastReset: true, fullReset: true, isHeadless: true, platformName: ANDROID, platformVersion: 13.0}, appium:deviceApiLevel: 33, appium:deviceManufacturer: Google, appium:deviceModel: sdk_gphone64_x86_64, appium:deviceName: emulator-5554, appium:deviceScreenDensity: 560, appium:deviceScreenSize: 1440x3120, appium:deviceUDID: emulator-5554, appium:fastReset: true, appium:fullReset: true, appium:isHeadless: true, appium:javascriptEnabled: true, appium:locationContextEnabled: false, appium:networkConnectionEnabled: true, appium:pixelRatio: 3.5, appium:platformVersion: 13, appium:statBarHeight: 84, appium:takesScreenshot: true, appium:viewportRect: {height: 2952, left: 0, top: 84, width: 1440}, appium:warnings: {}, appium:webStorageEnabled: false, platformName: ANDROID}
Session ID: 03a9c5a2-6b97-410f-a34e-8bfb2947dec6]]>
            </message>
            <full-stacktrace>
              <![CDATA[org.openqa.selenium.remote.UnreachableBrowserException: Error communicating with the remote browser. It may have died.
Build info: version: '4.13.0', revision: 'ba948ece5b*'
System info: os.name: 'Windows 11', os.arch: 'amd64', os.version: '10.0', java.version: '20'
Driver info: io.appium.java_client.android.AndroidDriver
Command: [03a9c5a2-6b97-410f-a34e-8bfb2947dec6, quit []]
Capabilities {appium:UDID: PR7SUSMZKJ79BAUW, appium:app: C:\Users\hp\eclipse-workspa..., appium:appActivity: .MainActivity, appium:appPackage: com.service_desk.onebill, appium:appium.deviceIsAppInBackground: true, appium:autoGrantPermissions: true, appium:automationName: uiautomator2, appium:avdArgs: -no-window, appium:databaseEnabled: false, appium:desired: {UDID: PR7SUSMZKJ79BAUW, app: C:\Users\hp\eclipse-workspa..., appActivity: .MainActivity, appPackage: com.service_desk.onebill, appium.deviceIsAppInBackground: true, autoGrantPermissions: true, automationName: uiautomator2, avdArgs: -no-window, deviceName: Afrid, fastReset: true, fullReset: true, isHeadless: true, platformName: ANDROID, platformVersion: 13.0}, appium:deviceApiLevel: 33, appium:deviceManufacturer: Google, appium:deviceModel: sdk_gphone64_x86_64, appium:deviceName: emulator-5554, appium:deviceScreenDensity: 560, appium:deviceScreenSize: 1440x3120, appium:deviceUDID: emulator-5554, appium:fastReset: true, appium:fullReset: true, appium:isHeadless: true, appium:javascriptEnabled: true, appium:locationContextEnabled: false, appium:networkConnectionEnabled: true, appium:pixelRatio: 3.5, appium:platformVersion: 13, appium:statBarHeight: 84, appium:takesScreenshot: true, appium:viewportRect: {height: 2952, left: 0, top: 84, width: 1440}, appium:warnings: {}, appium:webStorageEnabled: false, platformName: ANDROID}
Session ID: 03a9c5a2-6b97-410f-a34e-8bfb2947dec6
at org.openqa.selenium.remote.RemoteWebDriver.execute(RemoteWebDriver.java:629)
at org.openqa.selenium.remote.RemoteWebDriver.execute(RemoteWebDriver.java:675)
at io.appium.java_client.AppiumDriver.execute(AppiumDriver.java:313)
at org.openqa.selenium.remote.RemoteWebDriver.quit(RemoteWebDriver.java:437)
at baseCofiguration.Configaration.closeapp(Configaration.java:73)
at java.base/jdk.internal.reflect.DirectMethodHandleAccessor.invoke(DirectMethodHandleAccessor.java:104)
at java.base/java.lang.reflect.Method.invoke(Method.java:578)
at org.testng.internal.invokers.MethodInvocationHelper.invokeMethod(MethodInvocationHelper.java:139)
at org.testng.internal.invokers.MethodInvocationHelper.invokeMethodConsideringTimeout(MethodInvocationHelper.java:69)
at org.testng.internal.invokers.ConfigInvoker.invokeConfigurationMethod(ConfigInvoker.java:361)
at org.testng.internal.invokers.ConfigInvoker.invokeConfigurations(ConfigInvoker.java:296)
at org.testng.internal.invokers.TestInvoker.runConfigMethods(TestInvoker.java:823)
at org.testng.internal.invokers.TestInvoker.runAfterConfigurations(TestInvoker.java:792)
at org.testng.internal.invokers.TestInvoker.invokeMethod(TestInvoker.java:768)
at org.testng.internal.invokers.TestInvoker.invokeTestMethod(TestInvoker.java:221)
at org.testng.internal.invokers.MethodRunner.runInSequence(MethodRunner.java:50)
at org.testng.internal.invokers.TestInvoker$MethodInvocationAgent.invoke(TestInvoker.java:969)
at org.testng.internal.invokers.TestInvoker.invokeTestMethods(TestInvoker.java:194)
at org.testng.internal.invokers.TestMethodWorker.invokeTestMethods(TestMethodWorker.java:148)
at org.testng.internal.invokers.TestMethodWorker.run(TestMethodWorker.java:128)
at java.base/java.util.ArrayList.forEach(ArrayList.java:1511)
at org.testng.TestRunner.privateRun(TestRunner.java:829)
at org.testng.TestRunner.run(TestRunner.java:602)
at org.testng.SuiteRunner.runTest(SuiteRunner.java:437)
at org.testng.SuiteRunner.runSequentially(SuiteRunner.java:431)
at org.testng.SuiteRunner.privateRun(SuiteRunner.java:391)
at org.testng.SuiteRunner.run(SuiteRunner.java:330)
at org.testng.SuiteRunnerWorker.runSuite(SuiteRunnerWorker.java:52)
at org.testng.SuiteRunnerWorker.run(SuiteRunnerWorker.java:95)
at org.testng.TestNG.runSuitesSequentially(TestNG.java:1256)
at org.testng.TestNG.runSuitesLocally(TestNG.java:1176)
at org.testng.TestNG.runSuites(TestNG.java:1099)
at org.testng.TestNG.run(TestNG.java:1067)
at org.testng.remote.AbstractRemoteTestNG.run(AbstractRemoteTestNG.java:115)
at org.testng.remote.RemoteTestNG.initAndRun(RemoteTestNG.java:251)
at org.testng.remote.RemoteTestNG.main(RemoteTestNG.java:77)
Caused by: java.io.UncheckedIOException: java.net.SocketException: Connection reset
at org.openqa.selenium.remote.http.netty.NettyHttpHandler.makeCall(NettyHttpHandler.java:73)
at io.appium.java_client.AppiumUserAgentFilter.lambda$apply$0(AppiumUserAgentFilter.java:88)
at org.openqa.selenium.remote.http.Filter.lambda$andFinally$1(Filter.java:55)
at org.openqa.selenium.remote.http.netty.NettyHttpHandler.execute(NettyHttpHandler.java:48)
at org.openqa.selenium.remote.http.netty.NettyClient.execute(NettyClient.java:96)
at org.openqa.selenium.remote.HttpCommandExecutor.execute(HttpCommandExecutor.java:188)
at io.appium.java_client.remote.AppiumCommandExecutor.execute(AppiumCommandExecutor.java:250)
at org.openqa.selenium.remote.RemoteWebDriver.execute(RemoteWebDriver.java:602)
... 35 more
Caused by: java.net.SocketException: Connection reset
at java.base/sun.nio.ch.SocketChannelImpl.throwConnectionReset(SocketChannelImpl.java:401)
at java.base/sun.nio.ch.SocketChannelImpl.read(SocketChannelImpl.java:434)
at io.netty.buffer.PooledByteBuf.setBytes(PooledByteBuf.java:254)
at io.netty.buffer.AbstractByteBuf.writeBytes(AbstractByteBuf.java:1132)
at io.netty.channel.socket.nio.NioSocketChannel.doReadBytes(NioSocketChannel.java:357)
at io.netty.channel.nio.AbstractNioByteChannel$NioByteUnsafe.read(AbstractNioByteChannel.java:151)
at io.netty.channel.nio.NioEventLoop.processSelectedKey(NioEventLoop.java:788)
at io.netty.channel.nio.NioEventLoop.processSelectedKeysOptimized(NioEventLoop.java:724)
at io.netty.channel.nio.NioEventLoop.processSelectedKeys(NioEventLoop.java:650)
at io.netty.channel.nio.NioEventLoop.run(NioEventLoop.java:562)
at io.netty.util.concurrent.SingleThreadEventExecutor$4.run(SingleThreadEventExecutor.java:997)
at io.netty.util.internal.ThreadExecutorMap$2.run(ThreadExecutorMap.java:74)
at io.netty.util.concurrent.FastThreadLocalRunnable.run(FastThreadLocalRunnable.java:30)
at java.base/java.lang.Thread.run(Thread.java:1623)
]]>
            </full-stacktrace>
          </exception> <!-- org.openqa.selenium.remote.UnreachableBrowserException -->
          <reporter-output>
          </reporter-output>
        </test-method> <!-- All_Departments__175 -->
        <test-method is-config="true" signature="closeapp()[pri:0, instance:All_Departments.All_Department@791f145a]" started-at="2023-11-27T13:21:04 IST" name="closeapp" finished-at="2023-11-27T13:21:04 IST" duration-ms="0" status="SKIP">
          <reporter-output>
          </reporter-output>
        </test-method> <!-- closeapp -->
        <test-method is-config="true" signature="Emulatorcapabilities()[pri:0, instance:All_Departments.All_Department@791f145a]" started-at="2023-11-27T13:21:04 IST" name="Emulatorcapabilities" finished-at="2023-11-27T13:21:04 IST" duration-ms="0" status="SKIP">
          <reporter-output>
          </reporter-output>
        </test-method> <!-- Emulatorcapabilities -->
        <test-method signature="All_Departments__40()[pri:0, instance:All_Departments.All_Department@791f145a]" started-at="2023-11-27T13:21:04 IST" name="All_Departments__40" finished-at="2023-11-27T13:21:04 IST" duration-ms="0" status="SKIP">
          <exception class="org.openqa.selenium.remote.UnreachableBrowserException">
            <message>
              <![CDATA[Error communicating with the remote browser. It may have died.
Build info: version: '4.13.0', revision: 'ba948ece5b*'
System info: os.name: 'Windows 11', os.arch: 'amd64', os.version: '10.0', java.version: '20'
Driver info: io.appium.java_client.android.AndroidDriver
Command: [03a9c5a2-6b97-410f-a34e-8bfb2947dec6, quit []]
Capabilities {appium:UDID: PR7SUSMZKJ79BAUW, appium:app: C:\Users\hp\eclipse-workspa..., appium:appActivity: .MainActivity, appium:appPackage: com.service_desk.onebill, appium:appium.deviceIsAppInBackground: true, appium:autoGrantPermissions: true, appium:automationName: uiautomator2, appium:avdArgs: -no-window, appium:databaseEnabled: false, appium:desired: {UDID: PR7SUSMZKJ79BAUW, app: C:\Users\hp\eclipse-workspa..., appActivity: .MainActivity, appPackage: com.service_desk.onebill, appium.deviceIsAppInBackground: true, autoGrantPermissions: true, automationName: uiautomator2, avdArgs: -no-window, deviceName: Afrid, fastReset: true, fullReset: true, isHeadless: true, platformName: ANDROID, platformVersion: 13.0}, appium:deviceApiLevel: 33, appium:deviceManufacturer: Google, appium:deviceModel: sdk_gphone64_x86_64, appium:deviceName: emulator-5554, appium:deviceScreenDensity: 560, appium:deviceScreenSize: 1440x3120, appium:deviceUDID: emulator-5554, appium:fastReset: true, appium:fullReset: true, appium:isHeadless: true, appium:javascriptEnabled: true, appium:locationContextEnabled: false, appium:networkConnectionEnabled: true, appium:pixelRatio: 3.5, appium:platformVersion: 13, appium:statBarHeight: 84, appium:takesScreenshot: true, appium:viewportRect: {height: 2952, left: 0, top: 84, width: 1440}, appium:warnings: {}, appium:webStorageEnabled: false, platformName: ANDROID}
Session ID: 03a9c5a2-6b97-410f-a34e-8bfb2947dec6]]>
            </message>
            <full-stacktrace>
              <![CDATA[org.openqa.selenium.remote.UnreachableBrowserException: Error communicating with the remote browser. It may have died.
Build info: version: '4.13.0', revision: 'ba948ece5b*'
System info: os.name: 'Windows 11', os.arch: 'amd64', os.version: '10.0', java.version: '20'
Driver info: io.appium.java_client.android.AndroidDriver
Command: [03a9c5a2-6b97-410f-a34e-8bfb2947dec6, quit []]
Capabilities {appium:UDID: PR7SUSMZKJ79BAUW, appium:app: C:\Users\hp\eclipse-workspa..., appium:appActivity: .MainActivity, appium:appPackage: com.service_desk.onebill, appium:appium.deviceIsAppInBackground: true, appium:autoGrantPermissions: true, appium:automationName: uiautomator2, appium:avdArgs: -no-window, appium:databaseEnabled: false, appium:desired: {UDID: PR7SUSMZKJ79BAUW, app: C:\Users\hp\eclipse-workspa..., appActivity: .MainActivity, appPackage: com.service_desk.onebill, appium.deviceIsAppInBackground: true, autoGrantPermissions: true, automationName: uiautomator2, avdArgs: -no-window, deviceName: Afrid, fastReset: true, fullReset: true, isHeadless: true, platformName: ANDROID, platformVersion: 13.0}, appium:deviceApiLevel: 33, appium:deviceManufacturer: Google, appium:deviceModel: sdk_gphone64_x86_64, appium:deviceName: emulator-5554, appium:deviceScreenDensity: 560, appium:deviceScreenSize: 1440x3120, appium:deviceUDID: emulator-5554, appium:fastReset: true, appium:fullReset: true, appium:isHeadless: true, appium:javascriptEnabled: true, appium:locationContextEnabled: false, appium:networkConnectionEnabled: true, appium:pixelRatio: 3.5, appium:platformVersion: 13, appium:statBarHeight: 84, appium:takesScreenshot: true, appium:viewportRect: {height: 2952, left: 0, top: 84, width: 1440}, appium:warnings: {}, appium:webStorageEnabled: false, platformName: ANDROID}
Session ID: 03a9c5a2-6b97-410f-a34e-8bfb2947dec6
at org.openqa.selenium.remote.RemoteWebDriver.execute(RemoteWebDriver.java:629)
at org.openqa.selenium.remote.RemoteWebDriver.execute(RemoteWebDriver.java:675)
at io.appium.java_client.AppiumDriver.execute(AppiumDriver.java:313)
at org.openqa.selenium.remote.RemoteWebDriver.quit(RemoteWebDriver.java:437)
at baseCofiguration.Configaration.closeapp(Configaration.java:73)
at java.base/jdk.internal.reflect.DirectMethodHandleAccessor.invoke(DirectMethodHandleAccessor.java:104)
at java.base/java.lang.reflect.Method.invoke(Method.java:578)
at org.testng.internal.invokers.MethodInvocationHelper.invokeMethod(MethodInvocationHelper.java:139)
at org.testng.internal.invokers.MethodInvocationHelper.invokeMethodConsideringTimeout(MethodInvocationHelper.java:69)
at org.testng.internal.invokers.ConfigInvoker.invokeConfigurationMethod(ConfigInvoker.java:361)
at org.testng.internal.invokers.ConfigInvoker.invokeConfigurations(ConfigInvoker.java:296)
at org.testng.internal.invokers.TestInvoker.runConfigMethods(TestInvoker.java:823)
at org.testng.internal.invokers.TestInvoker.runAfterConfigurations(TestInvoker.java:792)
at org.testng.internal.invokers.TestInvoker.invokeMethod(TestInvoker.java:768)
at org.testng.internal.invokers.TestInvoker.invokeTestMethod(TestInvoker.java:221)
at org.testng.internal.invokers.MethodRunner.runInSequence(MethodRunner.java:50)
at org.testng.internal.invokers.TestInvoker$MethodInvocationAgent.invoke(TestInvoker.java:969)
at org.testng.internal.invokers.TestInvoker.invokeTestMethods(TestInvoker.java:194)
at org.testng.internal.invokers.TestMethodWorker.invokeTestMethods(TestMethodWorker.java:148)
at org.testng.internal.invokers.TestMethodWorker.run(TestMethodWorker.java:128)
at java.base/java.util.ArrayList.forEach(ArrayList.java:1511)
at org.testng.TestRunner.privateRun(TestRunner.java:829)
at org.testng.TestRunner.run(TestRunner.java:602)
at org.testng.SuiteRunner.runTest(SuiteRunner.java:437)
at org.testng.SuiteRunner.runSequentially(SuiteRunner.java:431)
at org.testng.SuiteRunner.privateRun(SuiteRunner.java:391)
at org.testng.SuiteRunner.run(SuiteRunner.java:330)
at org.testng.SuiteRunnerWorker.runSuite(SuiteRunnerWorker.java:52)
at org.testng.SuiteRunnerWorker.run(SuiteRunnerWorker.java:95)
at org.testng.TestNG.runSuitesSequentially(TestNG.java:1256)
at org.testng.TestNG.runSuitesLocally(TestNG.java:1176)
at org.testng.TestNG.runSuites(TestNG.java:1099)
at org.testng.TestNG.run(TestNG.java:1067)
at org.testng.remote.AbstractRemoteTestNG.run(AbstractRemoteTestNG.java:115)
at org.testng.remote.RemoteTestNG.initAndRun(RemoteTestNG.java:251)
at org.testng.remote.RemoteTestNG.main(RemoteTestNG.java:77)
Caused by: java.io.UncheckedIOException: java.net.SocketException: Connection reset
at org.openqa.selenium.remote.http.netty.NettyHttpHandler.makeCall(NettyHttpHandler.java:73)
at io.appium.java_client.AppiumUserAgentFilter.lambda$apply$0(AppiumUserAgentFilter.java:88)
at org.openqa.selenium.remote.http.Filter.lambda$andFinally$1(Filter.java:55)
at org.openqa.selenium.remote.http.netty.NettyHttpHandler.execute(NettyHttpHandler.java:48)
at org.openqa.selenium.remote.http.netty.NettyClient.execute(NettyClient.java:96)
at org.openqa.selenium.remote.HttpCommandExecutor.execute(HttpCommandExecutor.java:188)
at io.appium.java_client.remote.AppiumCommandExecutor.execute(AppiumCommandExecutor.java:250)
at org.openqa.selenium.remote.RemoteWebDriver.execute(RemoteWebDriver.java:602)
... 35 more
Caused by: java.net.SocketException: Connection reset
at java.base/sun.nio.ch.SocketChannelImpl.throwConnectionReset(SocketChannelImpl.java:401)
at java.base/sun.nio.ch.SocketChannelImpl.read(SocketChannelImpl.java:434)
at io.netty.buffer.PooledByteBuf.setBytes(PooledByteBuf.java:254)
at io.netty.buffer.AbstractByteBuf.writeBytes(AbstractByteBuf.java:1132)
at io.netty.channel.socket.nio.NioSocketChannel.doReadBytes(NioSocketChannel.java:357)
at io.netty.channel.nio.AbstractNioByteChannel$NioByteUnsafe.read(AbstractNioByteChannel.java:151)
at io.netty.channel.nio.NioEventLoop.processSelectedKey(NioEventLoop.java:788)
at io.netty.channel.nio.NioEventLoop.processSelectedKeysOptimized(NioEventLoop.java:724)
at io.netty.channel.nio.NioEventLoop.processSelectedKeys(NioEventLoop.java:650)
at io.netty.channel.nio.NioEventLoop.run(NioEventLoop.java:562)
at io.netty.util.concurrent.SingleThreadEventExecutor$4.run(SingleThreadEventExecutor.java:997)
at io.netty.util.internal.ThreadExecutorMap$2.run(ThreadExecutorMap.java:74)
at io.netty.util.concurrent.FastThreadLocalRunnable.run(FastThreadLocalRunnable.java:30)
at java.base/java.lang.Thread.run(Thread.java:1623)
]]>
            </full-stacktrace>
          </exception> <!-- org.openqa.selenium.remote.UnreachableBrowserException -->
          <reporter-output>
          </reporter-output>
        </test-method> <!-- All_Departments__40 -->
        <test-method is-config="true" signature="closeapp()[pri:0, instance:All_Departments.All_Department@791f145a]" started-at="2023-11-27T13:21:04 IST" name="closeapp" finished-at="2023-11-27T13:21:04 IST" duration-ms="0" status="SKIP">
          <reporter-output>
          </reporter-output>
        </test-method> <!-- closeapp -->
      </class> <!-- All_Departments.All_Department -->
    </test> <!-- Default test -->
  </suite> <!-- Default suite -->
</testng-results>
